[2024-12-05 05:00:06,402] {taskinstance.py:1159} INFO - Dependencies all met for <TaskInstance: crypto_data_pipeline.save_to_postgres scheduled__2024-12-05T04:00:00+00:00 [queued]>
[2024-12-05 05:00:06,408] {taskinstance.py:1159} INFO - Dependencies all met for <TaskInstance: crypto_data_pipeline.save_to_postgres scheduled__2024-12-05T04:00:00+00:00 [queued]>
[2024-12-05 05:00:06,408] {taskinstance.py:1356} INFO - 
--------------------------------------------------------------------------------
[2024-12-05 05:00:06,408] {taskinstance.py:1357} INFO - Starting attempt 1 of 4
[2024-12-05 05:00:06,408] {taskinstance.py:1358} INFO - 
--------------------------------------------------------------------------------
[2024-12-05 05:00:06,416] {taskinstance.py:1377} INFO - Executing <Task(PythonOperator): save_to_postgres> on 2024-12-05 04:00:00+00:00
[2024-12-05 05:00:06,419] {standard_task_runner.py:52} INFO - Started process 149 to run task
[2024-12-05 05:00:06,422] {standard_task_runner.py:79} INFO - Running: ['airflow', 'tasks', 'run', 'crypto_data_pipeline', 'save_to_***', 'scheduled__2024-12-05T04:00:00+00:00', '--job-id', '18', '--raw', '--subdir', 'DAGS_FOLDER/crypto_data_pipeline.py', '--cfg-path', '/tmp/tmp6kkdbeuy', '--error-file', '/tmp/tmp8tkbn_ff']
[2024-12-05 05:00:06,423] {standard_task_runner.py:80} INFO - Job 18: Subtask save_to_***
[2024-12-05 05:00:06,439] {logging_mixin.py:115} WARNING - /home/airflow/.local/lib/python3.7/site-packages/airflow/configuration.py:470 DeprecationWarning: The sql_alchemy_conn option in [core] has been moved to the sql_alchemy_conn option in [database] - the old setting has been used, but please update your config.
[2024-12-05 05:00:06,476] {task_command.py:369} INFO - Running <TaskInstance: crypto_data_pipeline.save_to_postgres scheduled__2024-12-05T04:00:00+00:00 [running]> on host a86425dd3aa9
[2024-12-05 05:00:06,539] {taskinstance.py:1571} INFO - Exporting the following env vars:
AIRFLOW_CTX_DAG_OWNER=airflow
AIRFLOW_CTX_DAG_ID=crypto_data_pipeline
AIRFLOW_CTX_TASK_ID=save_to_***
AIRFLOW_CTX_EXECUTION_DATE=2024-12-05T04:00:00+00:00
AIRFLOW_CTX_TRY_NUMBER=1
AIRFLOW_CTX_DAG_RUN_ID=scheduled__2024-12-05T04:00:00+00:00
[2024-12-05 05:00:06,547] {python.py:173} INFO - Done. Returned value was: None
[2024-12-05 05:00:06,562] {taskinstance.py:1400} INFO - Marking task as SUCCESS. dag_id=crypto_data_pipeline, task_id=save_to_***, execution_date=20241205T040000, start_date=20241205T050006, end_date=20241205T050006
[2024-12-05 05:00:06,594] {local_task_job.py:156} INFO - Task exited with return code 0
[2024-12-05 05:00:06,626] {local_task_job.py:273} INFO - 0 downstream tasks scheduled from follow-on schedule check
