[2024-12-05 03:10:58,544] {manager.py:474} INFO - Processing files using up to 2 processes at a time 
[2024-12-05 03:10:58,545] {manager.py:475} INFO - Process each file at most once every 30 seconds
[2024-12-05 03:10:58,545] {manager.py:477} INFO - Checking for new files in /opt/airflow/dags every 300 seconds
[2024-12-05 03:10:58,545] {manager.py:684} INFO - Searching for files in /opt/airflow/dags
[2024-12-05 03:10:58,546] {manager.py:687} INFO - There are 1 files in /opt/airflow/dags
[2024-12-05 03:10:58,580] {manager.py:803} INFO - 
================================================================================
DAG File Processing Stats

File Path                                    PID  Runtime      # DAGs    # Errors  Last Runtime    Last Run
-----------------------------------------  -----  ---------  --------  ----------  --------------  ----------
/opt/airflow/dags/crypto_data_pipeline.py     45  0.01s             0           0
================================================================================
[2024-12-05 03:11:28,649] {manager.py:803} INFO - 
================================================================================
DAG File Processing Stats

File Path                                  PID    Runtime      # DAGs    # Errors  Last Runtime    Last Run
-----------------------------------------  -----  ---------  --------  ----------  --------------  -------------------
/opt/airflow/dags/crypto_data_pipeline.py                           1           0  0.14s           2024-12-05T03:10:58
================================================================================
[2024-12-05 03:11:58,837] {manager.py:803} INFO - 
================================================================================
DAG File Processing Stats

File Path                                    PID  Runtime      # DAGs    # Errors  Last Runtime    Last Run
-----------------------------------------  -----  ---------  --------  ----------  --------------  -------------------
/opt/airflow/dags/crypto_data_pipeline.py     48  0.01s             1           0  0.07s           2024-12-05T03:11:28
================================================================================
[2024-12-05 03:12:28,948] {manager.py:803} INFO - 
================================================================================
DAG File Processing Stats

File Path                                    PID  Runtime      # DAGs    # Errors  Last Runtime    Last Run
-----------------------------------------  -----  ---------  --------  ----------  --------------  -------------------
/opt/airflow/dags/crypto_data_pipeline.py     49  0.01s             1           0  0.09s           2024-12-05T03:11:58
================================================================================
[2024-12-05 03:12:59,029] {manager.py:803} INFO - 
================================================================================
DAG File Processing Stats

File Path                                  PID    Runtime      # DAGs    # Errors  Last Runtime    Last Run
-----------------------------------------  -----  ---------  --------  ----------  --------------  -------------------
/opt/airflow/dags/crypto_data_pipeline.py                           1           0  0.09s           2024-12-05T03:12:29
================================================================================
[2024-12-05 03:13:29,145] {manager.py:803} INFO - 
================================================================================
DAG File Processing Stats

File Path                                  PID    Runtime      # DAGs    # Errors  Last Runtime    Last Run
-----------------------------------------  -----  ---------  --------  ----------  --------------  -------------------
/opt/airflow/dags/crypto_data_pipeline.py                           1           0  0.08s           2024-12-05T03:12:59
================================================================================
[2024-12-05 03:13:59,290] {manager.py:803} INFO - 
================================================================================
DAG File Processing Stats

File Path                                    PID  Runtime      # DAGs    # Errors  Last Runtime    Last Run
-----------------------------------------  -----  ---------  --------  ----------  --------------  -------------------
/opt/airflow/dags/crypto_data_pipeline.py     60  0.01s             1           0  0.08s           2024-12-05T03:13:29
================================================================================
[2024-12-05 03:14:29,406] {manager.py:803} INFO - 
================================================================================
DAG File Processing Stats

File Path                                    PID  Runtime      # DAGs    # Errors  Last Runtime    Last Run
-----------------------------------------  -----  ---------  --------  ----------  --------------  -------------------
/opt/airflow/dags/crypto_data_pipeline.py     61  0.01s             1           0  0.08s           2024-12-05T03:13:59
================================================================================
[2024-12-05 03:14:59,482] {manager.py:803} INFO - 
================================================================================
DAG File Processing Stats

File Path                                    PID  Runtime      # DAGs    # Errors  Last Runtime    Last Run
-----------------------------------------  -----  ---------  --------  ----------  --------------  -------------------
/opt/airflow/dags/crypto_data_pipeline.py     74  0.00s             1           0  0.08s           2024-12-05T03:14:29
================================================================================
[2024-12-05 03:15:29,594] {manager.py:803} INFO - 
================================================================================
DAG File Processing Stats

File Path                                    PID  Runtime      # DAGs    # Errors  Last Runtime    Last Run
-----------------------------------------  -----  ---------  --------  ----------  --------------  -------------------
/opt/airflow/dags/crypto_data_pipeline.py     75  0.01s             1           0  0.08s           2024-12-05T03:14:59
================================================================================
[2024-12-05 03:15:58,663] {manager.py:684} INFO - Searching for files in /opt/airflow/dags
[2024-12-05 03:15:58,665] {manager.py:687} INFO - There are 1 files in /opt/airflow/dags
[2024-12-05 03:15:59,683] {manager.py:803} INFO - 
================================================================================
DAG File Processing Stats

File Path                                    PID  Runtime      # DAGs    # Errors  Last Runtime    Last Run
-----------------------------------------  -----  ---------  --------  ----------  --------------  -------------------
/opt/airflow/dags/crypto_data_pipeline.py     76  0.01s             1           0  0.09s           2024-12-05T03:15:29
================================================================================
[2024-12-05 03:16:29,783] {manager.py:803} INFO - 
================================================================================
DAG File Processing Stats

File Path                                    PID  Runtime      # DAGs    # Errors  Last Runtime    Last Run
-----------------------------------------  -----  ---------  --------  ----------  --------------  -------------------
/opt/airflow/dags/crypto_data_pipeline.py     77  0.01s             1           0  0.08s           2024-12-05T03:15:59
================================================================================
[2024-12-05 03:16:59,856] {manager.py:803} INFO - 
================================================================================
DAG File Processing Stats

File Path                                  PID    Runtime      # DAGs    # Errors  Last Runtime    Last Run
-----------------------------------------  -----  ---------  --------  ----------  --------------  -------------------
/opt/airflow/dags/crypto_data_pipeline.py                           1           0  0.12s           2024-12-05T03:16:29
================================================================================
[2024-12-05 03:17:30,007] {manager.py:803} INFO - 
================================================================================
DAG File Processing Stats

File Path                                  PID    Runtime      # DAGs    # Errors  Last Runtime    Last Run
-----------------------------------------  -----  ---------  --------  ----------  --------------  -------------------
/opt/airflow/dags/crypto_data_pipeline.py                           1           0  0.11s           2024-12-05T03:17:00
================================================================================
[2024-12-05 03:18:00,165] {manager.py:803} INFO - 
================================================================================
DAG File Processing Stats

File Path                                    PID  Runtime      # DAGs    # Errors  Last Runtime    Last Run
-----------------------------------------  -----  ---------  --------  ----------  --------------  -------------------
/opt/airflow/dags/crypto_data_pipeline.py    104  0.00s             1           0  0.07s           2024-12-05T03:17:30
================================================================================
[2024-12-05 03:18:00,363] {manager.py:455} INFO - Exiting gracefully upon receiving signal 15
[2024-12-05 03:18:07,920] {manager.py:474} INFO - Processing files using up to 2 processes at a time 
[2024-12-05 03:18:07,920] {manager.py:475} INFO - Process each file at most once every 30 seconds
[2024-12-05 03:18:07,920] {manager.py:477} INFO - Checking for new files in /opt/airflow/dags every 300 seconds
[2024-12-05 03:18:07,921] {manager.py:684} INFO - Searching for files in /opt/airflow/dags
[2024-12-05 03:18:07,921] {manager.py:687} INFO - There are 1 files in /opt/airflow/dags
[2024-12-05 03:18:07,955] {manager.py:803} INFO - 
================================================================================
DAG File Processing Stats

File Path                                    PID  Runtime      # DAGs    # Errors  Last Runtime    Last Run
-----------------------------------------  -----  ---------  --------  ----------  --------------  ----------
/opt/airflow/dags/crypto_data_pipeline.py     45  0.01s             0           0
================================================================================
[2024-12-05 03:18:38,022] {manager.py:803} INFO - 
================================================================================
DAG File Processing Stats

File Path                                  PID    Runtime      # DAGs    # Errors  Last Runtime    Last Run
-----------------------------------------  -----  ---------  --------  ----------  --------------  -------------------
/opt/airflow/dags/crypto_data_pipeline.py                           1           0  0.08s           2024-12-05T03:18:08
================================================================================
[2024-12-05 03:19:08,135] {manager.py:803} INFO - 
================================================================================
DAG File Processing Stats

File Path                                  PID    Runtime      # DAGs    # Errors  Last Runtime    Last Run
-----------------------------------------  -----  ---------  --------  ----------  --------------  -------------------
/opt/airflow/dags/crypto_data_pipeline.py                           1           0  0.07s           2024-12-05T03:18:38
================================================================================
[2024-12-05 03:19:28,386] {manager.py:455} INFO - Exiting gracefully upon receiving signal 15
[2024-12-05 03:19:35,693] {manager.py:474} INFO - Processing files using up to 2 processes at a time 
[2024-12-05 03:19:35,693] {manager.py:475} INFO - Process each file at most once every 30 seconds
[2024-12-05 03:19:35,693] {manager.py:477} INFO - Checking for new files in /opt/airflow/dags every 300 seconds
[2024-12-05 03:19:35,693] {manager.py:684} INFO - Searching for files in /opt/airflow/dags
[2024-12-05 03:19:35,694] {manager.py:687} INFO - There are 1 files in /opt/airflow/dags
[2024-12-05 03:19:35,728] {manager.py:803} INFO - 
================================================================================
DAG File Processing Stats

File Path                                    PID  Runtime      # DAGs    # Errors  Last Runtime    Last Run
-----------------------------------------  -----  ---------  --------  ----------  --------------  ----------
/opt/airflow/dags/crypto_data_pipeline.py     45  0.01s             0           0
================================================================================
[2024-12-05 03:20:05,798] {manager.py:803} INFO - 
================================================================================
DAG File Processing Stats

File Path                                  PID    Runtime      # DAGs    # Errors  Last Runtime    Last Run
-----------------------------------------  -----  ---------  --------  ----------  --------------  -------------------
/opt/airflow/dags/crypto_data_pipeline.py                           1           0  0.08s           2024-12-05T03:19:35
================================================================================
[2024-12-05 03:20:35,916] {manager.py:803} INFO - 
================================================================================
DAG File Processing Stats

File Path                                  PID    Runtime      # DAGs    # Errors  Last Runtime    Last Run
-----------------------------------------  -----  ---------  --------  ----------  --------------  -------------------
/opt/airflow/dags/crypto_data_pipeline.py                           1           0  0.07s           2024-12-05T03:20:05
================================================================================
[2024-12-05 03:21:06,033] {manager.py:803} INFO - 
================================================================================
DAG File Processing Stats

File Path                                  PID    Runtime      # DAGs    # Errors  Last Runtime    Last Run
-----------------------------------------  -----  ---------  --------  ----------  --------------  -------------------
/opt/airflow/dags/crypto_data_pipeline.py                           1           0  0.08s           2024-12-05T03:20:36
================================================================================
[2024-12-05 03:21:36,164] {manager.py:803} INFO - 
================================================================================
DAG File Processing Stats

File Path                                    PID  Runtime      # DAGs    # Errors  Last Runtime    Last Run
-----------------------------------------  -----  ---------  --------  ----------  --------------  -------------------
/opt/airflow/dags/crypto_data_pipeline.py     66  0.01s             1           0  0.08s           2024-12-05T03:21:06
================================================================================
[2024-12-05 03:22:06,281] {manager.py:803} INFO - 
================================================================================
DAG File Processing Stats

File Path                                    PID  Runtime      # DAGs    # Errors  Last Runtime    Last Run
-----------------------------------------  -----  ---------  --------  ----------  --------------  -------------------
/opt/airflow/dags/crypto_data_pipeline.py     67  0.01s             1           0  0.07s           2024-12-05T03:21:36
================================================================================
[2024-12-05 03:22:36,348] {manager.py:803} INFO - 
================================================================================
DAG File Processing Stats

File Path                                  PID    Runtime      # DAGs    # Errors  Last Runtime    Last Run
-----------------------------------------  -----  ---------  --------  ----------  --------------  -------------------
/opt/airflow/dags/crypto_data_pipeline.py                           1           0  0.13s           2024-12-05T03:22:06
================================================================================
[2024-12-05 03:23:03,743] {manager.py:455} INFO - Exiting gracefully upon receiving signal 15
[2024-12-05 03:23:13,448] {manager.py:474} INFO - Processing files using up to 2 processes at a time 
[2024-12-05 03:23:13,449] {manager.py:475} INFO - Process each file at most once every 30 seconds
[2024-12-05 03:23:13,449] {manager.py:477} INFO - Checking for new files in /opt/airflow/dags every 300 seconds
[2024-12-05 03:23:13,449] {manager.py:684} INFO - Searching for files in /opt/airflow/dags
[2024-12-05 03:23:13,450] {manager.py:687} INFO - There are 1 files in /opt/airflow/dags
[2024-12-05 03:23:13,491] {manager.py:803} INFO - 
================================================================================
DAG File Processing Stats

File Path                                    PID  Runtime      # DAGs    # Errors  Last Runtime    Last Run
-----------------------------------------  -----  ---------  --------  ----------  --------------  ----------
/opt/airflow/dags/crypto_data_pipeline.py     45  0.02s             0           0
================================================================================
[2024-12-05 03:23:34,941] {manager.py:455} INFO - Exiting gracefully upon receiving signal 15
[2024-12-05 03:23:44,878] {manager.py:474} INFO - Processing files using up to 2 processes at a time 
[2024-12-05 03:23:44,878] {manager.py:475} INFO - Process each file at most once every 30 seconds
[2024-12-05 03:23:44,879] {manager.py:477} INFO - Checking for new files in /opt/airflow/dags every 300 seconds
[2024-12-05 03:23:44,879] {manager.py:684} INFO - Searching for files in /opt/airflow/dags
[2024-12-05 03:23:44,879] {manager.py:687} INFO - There are 1 files in /opt/airflow/dags
[2024-12-05 03:23:44,914] {manager.py:803} INFO - 
================================================================================
DAG File Processing Stats

File Path                                    PID  Runtime      # DAGs    # Errors  Last Runtime    Last Run
-----------------------------------------  -----  ---------  --------  ----------  --------------  ----------
/opt/airflow/dags/crypto_data_pipeline.py     46  0.01s             0           0
================================================================================
[2024-12-05 03:24:14,980] {manager.py:803} INFO - 
================================================================================
DAG File Processing Stats

File Path                                  PID    Runtime      # DAGs    # Errors  Last Runtime    Last Run
-----------------------------------------  -----  ---------  --------  ----------  --------------  -------------------
/opt/airflow/dags/crypto_data_pipeline.py                           1           0  0.09s           2024-12-05T03:23:44
================================================================================
[2024-12-05 03:24:45,097] {manager.py:803} INFO - 
================================================================================
DAG File Processing Stats

File Path                                  PID    Runtime      # DAGs    # Errors  Last Runtime    Last Run
-----------------------------------------  -----  ---------  --------  ----------  --------------  -------------------
/opt/airflow/dags/crypto_data_pipeline.py                           1           0  0.11s           2024-12-05T03:24:15
================================================================================
[2024-12-05 03:25:15,252] {manager.py:803} INFO - 
================================================================================
DAG File Processing Stats

File Path                                  PID    Runtime      # DAGs    # Errors  Last Runtime    Last Run
-----------------------------------------  -----  ---------  --------  ----------  --------------  -------------------
/opt/airflow/dags/crypto_data_pipeline.py                           1           0  0.08s           2024-12-05T03:24:45
================================================================================
[2024-12-05 03:25:45,363] {manager.py:803} INFO - 
================================================================================
DAG File Processing Stats

File Path                                  PID    Runtime      # DAGs    # Errors  Last Runtime    Last Run
-----------------------------------------  -----  ---------  --------  ----------  --------------  -------------------
/opt/airflow/dags/crypto_data_pipeline.py                           1           0  0.08s           2024-12-05T03:25:15
================================================================================
[2024-12-05 03:26:15,486] {manager.py:803} INFO - 
================================================================================
DAG File Processing Stats

File Path                                  PID    Runtime      # DAGs    # Errors  Last Runtime    Last Run
-----------------------------------------  -----  ---------  --------  ----------  --------------  -------------------
/opt/airflow/dags/crypto_data_pipeline.py                           1           0  0.11s           2024-12-05T03:25:45
================================================================================
[2024-12-05 03:26:45,633] {manager.py:455} INFO - Exiting gracefully upon receiving signal 15
[2024-12-05 03:26:55,738] {manager.py:474} INFO - Processing files using up to 2 processes at a time 
[2024-12-05 03:26:55,738] {manager.py:475} INFO - Process each file at most once every 30 seconds
[2024-12-05 03:26:55,738] {manager.py:477} INFO - Checking for new files in /opt/airflow/dags every 300 seconds
[2024-12-05 03:26:55,738] {manager.py:684} INFO - Searching for files in /opt/airflow/dags
[2024-12-05 03:26:55,739] {manager.py:687} INFO - There are 1 files in /opt/airflow/dags
[2024-12-05 03:26:55,772] {manager.py:803} INFO - 
================================================================================
DAG File Processing Stats

File Path                                    PID  Runtime      # DAGs    # Errors  Last Runtime    Last Run
-----------------------------------------  -----  ---------  --------  ----------  --------------  ----------
/opt/airflow/dags/crypto_data_pipeline.py     46  0.01s             0           0
================================================================================
[2024-12-05 03:27:25,842] {manager.py:803} INFO - 
================================================================================
DAG File Processing Stats

File Path                                  PID    Runtime      # DAGs    # Errors  Last Runtime    Last Run
-----------------------------------------  -----  ---------  --------  ----------  --------------  -------------------
/opt/airflow/dags/crypto_data_pipeline.py                           1           0  0.08s           2024-12-05T03:26:55
================================================================================
[2024-12-05 03:27:55,953] {manager.py:803} INFO - 
================================================================================
DAG File Processing Stats

File Path                                  PID    Runtime      # DAGs    # Errors  Last Runtime    Last Run
-----------------------------------------  -----  ---------  --------  ----------  --------------  -------------------
/opt/airflow/dags/crypto_data_pipeline.py                           1           0  0.11s           2024-12-05T03:27:25
================================================================================
[2024-12-05 03:28:26,106] {manager.py:803} INFO - 
================================================================================
DAG File Processing Stats

File Path                                  PID    Runtime      # DAGs    # Errors  Last Runtime    Last Run
-----------------------------------------  -----  ---------  --------  ----------  --------------  -------------------
/opt/airflow/dags/crypto_data_pipeline.py                           1           0  0.08s           2024-12-05T03:27:56
================================================================================
[2024-12-05 03:28:56,242] {manager.py:803} INFO - 
================================================================================
DAG File Processing Stats

File Path                                    PID  Runtime      # DAGs    # Errors  Last Runtime    Last Run
-----------------------------------------  -----  ---------  --------  ----------  --------------  -------------------
/opt/airflow/dags/crypto_data_pipeline.py     62  0.01s             1           0  0.08s           2024-12-05T03:28:26
================================================================================
[2024-12-05 03:29:26,352] {manager.py:803} INFO - 
================================================================================
DAG File Processing Stats

File Path                                    PID  Runtime      # DAGs    # Errors  Last Runtime    Last Run
-----------------------------------------  -----  ---------  --------  ----------  --------------  -------------------
/opt/airflow/dags/crypto_data_pipeline.py     63  0.01s             1           0  0.08s           2024-12-05T03:28:56
================================================================================
[2024-12-05 03:29:56,421] {manager.py:803} INFO - 
================================================================================
DAG File Processing Stats

File Path                                  PID    Runtime      # DAGs    # Errors  Last Runtime    Last Run
-----------------------------------------  -----  ---------  --------  ----------  --------------  -------------------
/opt/airflow/dags/crypto_data_pipeline.py                           1           0  0.11s           2024-12-05T03:29:26
================================================================================
[2024-12-05 03:30:26,555] {manager.py:803} INFO - 
================================================================================
DAG File Processing Stats

File Path                                  PID    Runtime      # DAGs    # Errors  Last Runtime    Last Run
-----------------------------------------  -----  ---------  --------  ----------  --------------  -------------------
/opt/airflow/dags/crypto_data_pipeline.py                           1           0  0.12s           2024-12-05T03:29:56
================================================================================
[2024-12-05 03:30:56,715] {manager.py:803} INFO - 
================================================================================
DAG File Processing Stats

File Path                                  PID    Runtime      # DAGs    # Errors  Last Runtime    Last Run
-----------------------------------------  -----  ---------  --------  ----------  --------------  -------------------
/opt/airflow/dags/crypto_data_pipeline.py                           1           0  0.08s           2024-12-05T03:30:26
================================================================================
[2024-12-05 03:31:26,837] {manager.py:803} INFO - 
================================================================================
DAG File Processing Stats

File Path                                  PID    Runtime      # DAGs    # Errors  Last Runtime    Last Run
-----------------------------------------  -----  ---------  --------  ----------  --------------  -------------------
/opt/airflow/dags/crypto_data_pipeline.py                           1           0  0.09s           2024-12-05T03:30:56
================================================================================
[2024-12-05 03:31:55,970] {manager.py:684} INFO - Searching for files in /opt/airflow/dags
[2024-12-05 03:31:55,971] {manager.py:687} INFO - There are 1 files in /opt/airflow/dags
[2024-12-05 03:31:56,996] {manager.py:803} INFO - 
================================================================================
DAG File Processing Stats

File Path                                    PID  Runtime      # DAGs    # Errors  Last Runtime    Last Run
-----------------------------------------  -----  ---------  --------  ----------  --------------  -------------------
/opt/airflow/dags/crypto_data_pipeline.py     68  0.01s             1           0  0.08s           2024-12-05T03:31:26
================================================================================
[2024-12-05 03:32:07,267] {manager.py:455} INFO - Exiting gracefully upon receiving signal 15
[2024-12-05 03:35:51,354] {manager.py:474} INFO - Processing files using up to 2 processes at a time 
[2024-12-05 03:35:51,355] {manager.py:475} INFO - Process each file at most once every 30 seconds
[2024-12-05 03:35:51,355] {manager.py:477} INFO - Checking for new files in /opt/airflow/dags every 300 seconds
[2024-12-05 03:35:51,356] {manager.py:684} INFO - Searching for files in /opt/airflow/dags
[2024-12-05 03:35:51,357] {manager.py:687} INFO - There are 1 files in /opt/airflow/dags
[2024-12-05 03:35:51,391] {manager.py:803} INFO - 
================================================================================
DAG File Processing Stats

File Path                                    PID  Runtime      # DAGs    # Errors  Last Runtime    Last Run
-----------------------------------------  -----  ---------  --------  ----------  --------------  ----------
/opt/airflow/dags/crypto_data_pipeline.py     45  0.01s             0           0
================================================================================
[2024-12-05 03:36:21,455] {manager.py:803} INFO - 
================================================================================
DAG File Processing Stats

File Path                                  PID    Runtime      # DAGs    # Errors  Last Runtime    Last Run
-----------------------------------------  -----  ---------  --------  ----------  --------------  -------------------
/opt/airflow/dags/crypto_data_pipeline.py                           1           0  0.15s           2024-12-05T03:35:51
================================================================================
[2024-12-05 03:36:51,640] {manager.py:803} INFO - 
================================================================================
DAG File Processing Stats

File Path                                  PID    Runtime      # DAGs    # Errors  Last Runtime    Last Run
-----------------------------------------  -----  ---------  --------  ----------  --------------  -------------------
/opt/airflow/dags/crypto_data_pipeline.py                           1           0  0.08s           2024-12-05T03:36:21
================================================================================
[2024-12-05 03:37:21,769] {manager.py:803} INFO - 
================================================================================
DAG File Processing Stats

File Path                                  PID    Runtime      # DAGs    # Errors  Last Runtime    Last Run
-----------------------------------------  -----  ---------  --------  ----------  --------------  -------------------
/opt/airflow/dags/crypto_data_pipeline.py                           1           0  0.09s           2024-12-05T03:36:51
================================================================================
[2024-12-05 03:37:51,892] {manager.py:803} INFO - 
================================================================================
DAG File Processing Stats

File Path                                  PID    Runtime      # DAGs    # Errors  Last Runtime    Last Run
-----------------------------------------  -----  ---------  --------  ----------  --------------  -------------------
/opt/airflow/dags/crypto_data_pipeline.py                           1           0  0.08s           2024-12-05T03:37:21
================================================================================
[2024-12-05 03:38:22,010] {manager.py:803} INFO - 
================================================================================
DAG File Processing Stats

File Path                                  PID    Runtime      # DAGs    # Errors  Last Runtime    Last Run
-----------------------------------------  -----  ---------  --------  ----------  --------------  -------------------
/opt/airflow/dags/crypto_data_pipeline.py                           1           0  0.09s           2024-12-05T03:37:52
================================================================================
[2024-12-05 03:38:52,140] {manager.py:803} INFO - 
================================================================================
DAG File Processing Stats

File Path                                  PID    Runtime      # DAGs    # Errors  Last Runtime    Last Run
-----------------------------------------  -----  ---------  --------  ----------  --------------  -------------------
/opt/airflow/dags/crypto_data_pipeline.py                           1           0  0.08s           2024-12-05T03:38:22
================================================================================
[2024-12-05 03:39:22,260] {manager.py:803} INFO - 
================================================================================
DAG File Processing Stats

File Path                                  PID    Runtime      # DAGs    # Errors  Last Runtime    Last Run
-----------------------------------------  -----  ---------  --------  ----------  --------------  -------------------
/opt/airflow/dags/crypto_data_pipeline.py                           1           0  0.08s           2024-12-05T03:38:52
================================================================================
[2024-12-05 03:39:52,396] {manager.py:803} INFO - 
================================================================================
DAG File Processing Stats

File Path                                    PID  Runtime      # DAGs    # Errors  Last Runtime    Last Run
-----------------------------------------  -----  ---------  --------  ----------  --------------  -------------------
/opt/airflow/dags/crypto_data_pipeline.py     74  0.00s             1           0  0.08s           2024-12-05T03:39:22
================================================================================
[2024-12-05 03:40:22,509] {manager.py:803} INFO - 
================================================================================
DAG File Processing Stats

File Path                                    PID  Runtime      # DAGs    # Errors  Last Runtime    Last Run
-----------------------------------------  -----  ---------  --------  ----------  --------------  -------------------
/opt/airflow/dags/crypto_data_pipeline.py     75  0.00s             1           0  0.07s           2024-12-05T03:39:52
================================================================================
[2024-12-05 03:40:51,572] {manager.py:684} INFO - Searching for files in /opt/airflow/dags
[2024-12-05 03:40:51,579] {manager.py:687} INFO - There are 1 files in /opt/airflow/dags
[2024-12-05 03:40:52,589] {manager.py:803} INFO - 
================================================================================
DAG File Processing Stats

File Path                                  PID    Runtime      # DAGs    # Errors  Last Runtime    Last Run
-----------------------------------------  -----  ---------  --------  ----------  --------------  -------------------
/opt/airflow/dags/crypto_data_pipeline.py                           1           0  0.09s           2024-12-05T03:40:22
================================================================================
[2024-12-05 03:41:22,710] {manager.py:803} INFO - 
================================================================================
DAG File Processing Stats

File Path                                  PID    Runtime      # DAGs    # Errors  Last Runtime    Last Run
-----------------------------------------  -----  ---------  --------  ----------  --------------  -------------------
/opt/airflow/dags/crypto_data_pipeline.py                           1           0  0.14s           2024-12-05T03:40:52
================================================================================
[2024-12-05 03:41:52,907] {manager.py:803} INFO - 
================================================================================
DAG File Processing Stats

File Path                                    PID  Runtime      # DAGs    # Errors  Last Runtime    Last Run
-----------------------------------------  -----  ---------  --------  ----------  --------------  -------------------
/opt/airflow/dags/crypto_data_pipeline.py    102  0.01s             1           0  0.08s           2024-12-05T03:41:22
================================================================================
[2024-12-05 03:42:23,026] {manager.py:803} INFO - 
================================================================================
DAG File Processing Stats

File Path                                    PID  Runtime      # DAGs    # Errors  Last Runtime    Last Run
-----------------------------------------  -----  ---------  --------  ----------  --------------  -------------------
/opt/airflow/dags/crypto_data_pipeline.py    103  0.01s             1           0  0.08s           2024-12-05T03:41:52
================================================================================
[2024-12-05 03:42:53,105] {manager.py:803} INFO - 
================================================================================
DAG File Processing Stats

File Path                                    PID  Runtime      # DAGs    # Errors  Last Runtime    Last Run
-----------------------------------------  -----  ---------  --------  ----------  --------------  -------------------
/opt/airflow/dags/crypto_data_pipeline.py    104  0.01s             1           0  0.08s           2024-12-05T03:42:23
================================================================================
[2024-12-05 03:43:23,218] {manager.py:803} INFO - 
================================================================================
DAG File Processing Stats

File Path                                    PID  Runtime      # DAGs    # Errors  Last Runtime    Last Run
-----------------------------------------  -----  ---------  --------  ----------  --------------  -------------------
/opt/airflow/dags/crypto_data_pipeline.py    105  0.01s             1           0  0.08s           2024-12-05T03:42:53
================================================================================
[2024-12-05 03:43:53,291] {manager.py:803} INFO - 
================================================================================
DAG File Processing Stats

File Path                                  PID    Runtime      # DAGs    # Errors  Last Runtime    Last Run
-----------------------------------------  -----  ---------  --------  ----------  --------------  -------------------
/opt/airflow/dags/crypto_data_pipeline.py                           1           0  0.10s           2024-12-05T03:43:23
================================================================================
[2024-12-05 03:44:23,431] {manager.py:803} INFO - 
================================================================================
DAG File Processing Stats

File Path                                  PID    Runtime      # DAGs    # Errors  Last Runtime    Last Run
-----------------------------------------  -----  ---------  --------  ----------  --------------  -------------------
/opt/airflow/dags/crypto_data_pipeline.py                           1           0  0.08s           2024-12-05T03:43:53
================================================================================
[2024-12-05 03:44:53,554] {manager.py:803} INFO - 
================================================================================
DAG File Processing Stats

File Path                                  PID    Runtime      # DAGs    # Errors  Last Runtime    Last Run
-----------------------------------------  -----  ---------  --------  ----------  --------------  -------------------
/opt/airflow/dags/crypto_data_pipeline.py                           1           0  0.09s           2024-12-05T03:44:23
================================================================================
[2024-12-05 03:45:23,693] {manager.py:803} INFO - 
================================================================================
DAG File Processing Stats

File Path                                    PID  Runtime      # DAGs    # Errors  Last Runtime    Last Run
-----------------------------------------  -----  ---------  --------  ----------  --------------  -------------------
/opt/airflow/dags/crypto_data_pipeline.py    109  0.00s             1           0  0.08s           2024-12-05T03:44:53
================================================================================
[2024-12-05 03:45:51,788] {manager.py:684} INFO - Searching for files in /opt/airflow/dags
[2024-12-05 03:45:51,791] {manager.py:687} INFO - There are 1 files in /opt/airflow/dags
[2024-12-05 03:45:53,825] {manager.py:803} INFO - 
================================================================================
DAG File Processing Stats

File Path                                    PID  Runtime      # DAGs    # Errors  Last Runtime    Last Run
-----------------------------------------  -----  ---------  --------  ----------  --------------  -------------------
/opt/airflow/dags/crypto_data_pipeline.py    110  0.01s             1           0  0.09s           2024-12-05T03:45:23
================================================================================
[2024-12-05 03:46:23,908] {manager.py:803} INFO - 
================================================================================
DAG File Processing Stats

File Path                                    PID  Runtime      # DAGs    # Errors  Last Runtime    Last Run
-----------------------------------------  -----  ---------  --------  ----------  --------------  -------------------
/opt/airflow/dags/crypto_data_pipeline.py    111  0.01s             1           0  0.08s           2024-12-05T03:45:53
================================================================================
[2024-12-05 03:46:54,017] {manager.py:803} INFO - 
================================================================================
DAG File Processing Stats

File Path                                    PID  Runtime      # DAGs    # Errors  Last Runtime    Last Run
-----------------------------------------  -----  ---------  --------  ----------  --------------  -------------------
/opt/airflow/dags/crypto_data_pipeline.py    112  0.00s             1           0  0.08s           2024-12-05T03:46:23
================================================================================
[2024-12-05 03:47:24,101] {manager.py:803} INFO - 
================================================================================
DAG File Processing Stats

File Path                                    PID  Runtime      # DAGs    # Errors  Last Runtime    Last Run
-----------------------------------------  -----  ---------  --------  ----------  --------------  -------------------
/opt/airflow/dags/crypto_data_pipeline.py    113  0.01s             1           0  0.08s           2024-12-05T03:46:54
================================================================================
[2024-12-05 03:47:54,218] {manager.py:803} INFO - 
================================================================================
DAG File Processing Stats

File Path                                    PID  Runtime      # DAGs    # Errors  Last Runtime    Last Run
-----------------------------------------  -----  ---------  --------  ----------  --------------  -------------------
/opt/airflow/dags/crypto_data_pipeline.py    114  0.01s             1           0  0.08s           2024-12-05T03:47:24
================================================================================
[2024-12-05 03:48:24,285] {manager.py:803} INFO - 
================================================================================
DAG File Processing Stats

File Path                                  PID    Runtime      # DAGs    # Errors  Last Runtime    Last Run
-----------------------------------------  -----  ---------  --------  ----------  --------------  -------------------
/opt/airflow/dags/crypto_data_pipeline.py                           1           0  0.12s           2024-12-05T03:47:54
================================================================================
[2024-12-05 03:48:54,449] {manager.py:803} INFO - 
================================================================================
DAG File Processing Stats

File Path                                  PID    Runtime      # DAGs    # Errors  Last Runtime    Last Run
-----------------------------------------  -----  ---------  --------  ----------  --------------  -------------------
/opt/airflow/dags/crypto_data_pipeline.py                           1           0  0.08s           2024-12-05T03:48:24
================================================================================
[2024-12-05 03:49:24,571] {manager.py:803} INFO - 
================================================================================
DAG File Processing Stats

File Path                                  PID    Runtime      # DAGs    # Errors  Last Runtime    Last Run
-----------------------------------------  -----  ---------  --------  ----------  --------------  -------------------
/opt/airflow/dags/crypto_data_pipeline.py                           1           0  0.09s           2024-12-05T03:48:54
================================================================================
[2024-12-05 03:49:54,701] {manager.py:803} INFO - 
================================================================================
DAG File Processing Stats

File Path                                  PID    Runtime      # DAGs    # Errors  Last Runtime    Last Run
-----------------------------------------  -----  ---------  --------  ----------  --------------  -------------------
/opt/airflow/dags/crypto_data_pipeline.py                           1           0  0.08s           2024-12-05T03:49:24
================================================================================
[2024-12-05 03:50:17,140] {manager.py:455} INFO - Exiting gracefully upon receiving signal 15
[2024-12-05 03:50:38,504] {manager.py:474} INFO - Processing files using up to 2 processes at a time 
[2024-12-05 03:50:38,505] {manager.py:475} INFO - Process each file at most once every 30 seconds
[2024-12-05 03:50:38,505] {manager.py:477} INFO - Checking for new files in /opt/airflow/dags every 300 seconds
[2024-12-05 03:50:38,505] {manager.py:684} INFO - Searching for files in /opt/airflow/dags
[2024-12-05 03:50:38,505] {manager.py:687} INFO - There are 1 files in /opt/airflow/dags
[2024-12-05 03:50:38,538] {manager.py:803} INFO - 
================================================================================
DAG File Processing Stats

File Path                                    PID  Runtime      # DAGs    # Errors  Last Runtime    Last Run
-----------------------------------------  -----  ---------  --------  ----------  --------------  ----------
/opt/airflow/dags/crypto_data_pipeline.py     46  0.01s             0           0
================================================================================
[2024-12-05 03:51:08,620] {manager.py:803} INFO - 
================================================================================
DAG File Processing Stats

File Path                                    PID  Runtime      # DAGs    # Errors  Last Runtime    Last Run
-----------------------------------------  -----  ---------  --------  ----------  --------------  -------------------
/opt/airflow/dags/crypto_data_pipeline.py     47  0.01s             1           0  0.07s           2024-12-05T03:50:38
================================================================================
[2024-12-05 03:51:38,719] {manager.py:803} INFO - 
================================================================================
DAG File Processing Stats

File Path                                    PID  Runtime      # DAGs    # Errors  Last Runtime    Last Run
-----------------------------------------  -----  ---------  --------  ----------  --------------  -------------------
/opt/airflow/dags/crypto_data_pipeline.py     48  0.00s             1           0  0.10s           2024-12-05T03:51:08
================================================================================
[2024-12-05 03:52:08,820] {manager.py:803} INFO - 
================================================================================
DAG File Processing Stats

File Path                                    PID  Runtime      # DAGs    # Errors  Last Runtime    Last Run
-----------------------------------------  -----  ---------  --------  ----------  --------------  -------------------
/opt/airflow/dags/crypto_data_pipeline.py     49  0.00s             1           0  0.08s           2024-12-05T03:51:38
================================================================================
[2024-12-05 03:52:38,919] {manager.py:803} INFO - 
================================================================================
DAG File Processing Stats

File Path                                    PID  Runtime      # DAGs    # Errors  Last Runtime    Last Run
-----------------------------------------  -----  ---------  --------  ----------  --------------  -------------------
/opt/airflow/dags/crypto_data_pipeline.py     50  0.01s             1           0  0.07s           2024-12-05T03:52:08
================================================================================
[2024-12-05 03:53:09,007] {manager.py:803} INFO - 
================================================================================
DAG File Processing Stats

File Path                                    PID  Runtime      # DAGs    # Errors  Last Runtime    Last Run
-----------------------------------------  -----  ---------  --------  ----------  --------------  -------------------
/opt/airflow/dags/crypto_data_pipeline.py     51  0.01s             1           0  0.08s           2024-12-05T03:52:38
================================================================================
[2024-12-05 03:53:39,102] {manager.py:803} INFO - 
================================================================================
DAG File Processing Stats

File Path                                    PID  Runtime      # DAGs    # Errors  Last Runtime    Last Run
-----------------------------------------  -----  ---------  --------  ----------  --------------  -------------------
/opt/airflow/dags/crypto_data_pipeline.py     52  0.01s             1           0  0.08s           2024-12-05T03:53:09
================================================================================
[2024-12-05 03:54:09,198] {manager.py:803} INFO - 
================================================================================
DAG File Processing Stats

File Path                                    PID  Runtime      # DAGs    # Errors  Last Runtime    Last Run
-----------------------------------------  -----  ---------  --------  ----------  --------------  -------------------
/opt/airflow/dags/crypto_data_pipeline.py     53  0.01s             1           0  0.07s           2024-12-05T03:53:39
================================================================================
[2024-12-05 03:54:39,302] {manager.py:803} INFO - 
================================================================================
DAG File Processing Stats

File Path                                    PID  Runtime      # DAGs    # Errors  Last Runtime    Last Run
-----------------------------------------  -----  ---------  --------  ----------  --------------  -------------------
/opt/airflow/dags/crypto_data_pipeline.py     54  0.01s             1           0  0.07s           2024-12-05T03:54:09
================================================================================
[2024-12-05 03:55:09,370] {manager.py:803} INFO - 
================================================================================
DAG File Processing Stats

File Path                                  PID    Runtime      # DAGs    # Errors  Last Runtime    Last Run
-----------------------------------------  -----  ---------  --------  ----------  --------------  -------------------
/opt/airflow/dags/crypto_data_pipeline.py                           1           0  0.08s           2024-12-05T03:54:39
================================================================================
[2024-12-05 03:55:38,545] {manager.py:684} INFO - Searching for files in /opt/airflow/dags
[2024-12-05 03:55:38,547] {manager.py:687} INFO - There are 1 files in /opt/airflow/dags
[2024-12-05 03:55:39,555] {manager.py:803} INFO - 
================================================================================
DAG File Processing Stats

File Path                                  PID    Runtime      # DAGs    # Errors  Last Runtime    Last Run
-----------------------------------------  -----  ---------  --------  ----------  --------------  -------------------
/opt/airflow/dags/crypto_data_pipeline.py                           1           0  0.07s           2024-12-05T03:55:24
================================================================================
[2024-12-05 03:56:05,725] {manager.py:455} INFO - Exiting gracefully upon receiving signal 15
[2024-12-05 03:58:41,020] {manager.py:474} INFO - Processing files using up to 2 processes at a time 
[2024-12-05 03:58:41,020] {manager.py:475} INFO - Process each file at most once every 30 seconds
[2024-12-05 03:58:41,020] {manager.py:477} INFO - Checking for new files in /opt/airflow/dags every 300 seconds
[2024-12-05 03:58:41,020] {manager.py:684} INFO - Searching for files in /opt/airflow/dags
[2024-12-05 03:58:41,021] {manager.py:687} INFO - There are 1 files in /opt/airflow/dags
[2024-12-05 03:58:41,053] {manager.py:803} INFO - 
================================================================================
DAG File Processing Stats

File Path                                    PID  Runtime      # DAGs    # Errors  Last Runtime    Last Run
-----------------------------------------  -----  ---------  --------  ----------  --------------  ----------
/opt/airflow/dags/crypto_data_pipeline.py     45  0.01s             0           0
================================================================================
[2024-12-05 03:59:11,118] {manager.py:803} INFO - 
================================================================================
DAG File Processing Stats

File Path                                  PID    Runtime      # DAGs    # Errors  Last Runtime    Last Run
-----------------------------------------  -----  ---------  --------  ----------  --------------  -------------------
/opt/airflow/dags/crypto_data_pipeline.py                           1           0  0.15s           2024-12-05T03:58:41
================================================================================
[2024-12-05 03:59:41,312] {manager.py:803} INFO - 
================================================================================
DAG File Processing Stats

File Path                                  PID    Runtime      # DAGs    # Errors  Last Runtime    Last Run
-----------------------------------------  -----  ---------  --------  ----------  --------------  -------------------
/opt/airflow/dags/crypto_data_pipeline.py                           1           0  0.08s           2024-12-05T03:59:11
================================================================================
[2024-12-05 04:00:11,434] {manager.py:803} INFO - 
================================================================================
DAG File Processing Stats

File Path                                  PID    Runtime      # DAGs    # Errors  Last Runtime    Last Run
-----------------------------------------  -----  ---------  --------  ----------  --------------  -------------------
/opt/airflow/dags/crypto_data_pipeline.py                           1           0  0.08s           2024-12-05T03:59:41
================================================================================
[2024-12-05 04:00:41,555] {manager.py:803} INFO - 
================================================================================
DAG File Processing Stats

File Path                                  PID    Runtime      # DAGs    # Errors  Last Runtime    Last Run
-----------------------------------------  -----  ---------  --------  ----------  --------------  -------------------
/opt/airflow/dags/crypto_data_pipeline.py                           1           0  0.09s           2024-12-05T04:00:11
================================================================================
[2024-12-05 04:01:11,693] {manager.py:803} INFO - 
================================================================================
DAG File Processing Stats

File Path                                  PID    Runtime      # DAGs    # Errors  Last Runtime    Last Run
-----------------------------------------  -----  ---------  --------  ----------  --------------  -------------------
/opt/airflow/dags/crypto_data_pipeline.py                           1           0  0.09s           2024-12-05T04:00:41
================================================================================
[2024-12-05 04:01:41,824] {manager.py:803} INFO - 
================================================================================
DAG File Processing Stats

File Path                                  PID    Runtime      # DAGs    # Errors  Last Runtime    Last Run
-----------------------------------------  -----  ---------  --------  ----------  --------------  -------------------
/opt/airflow/dags/crypto_data_pipeline.py                           1           0  0.08s           2024-12-05T04:01:11
================================================================================
