[2024-12-05 03:20:17,933] {taskinstance.py:1159} INFO - Dependencies all met for <TaskInstance: crypto_data_pipeline.save_to_postgres manual__2024-12-05T03:20:08.567712+00:00 [queued]>
[2024-12-05 03:20:17,939] {taskinstance.py:1159} INFO - Dependencies all met for <TaskInstance: crypto_data_pipeline.save_to_postgres manual__2024-12-05T03:20:08.567712+00:00 [queued]>
[2024-12-05 03:20:17,939] {taskinstance.py:1356} INFO - 
--------------------------------------------------------------------------------
[2024-12-05 03:20:17,939] {taskinstance.py:1357} INFO - Starting attempt 1 of 4
[2024-12-05 03:20:17,939] {taskinstance.py:1358} INFO - 
--------------------------------------------------------------------------------
[2024-12-05 03:20:17,948] {taskinstance.py:1377} INFO - Executing <Task(PythonOperator): save_to_postgres> on 2024-12-05 03:20:08.567712+00:00
[2024-12-05 03:20:17,950] {standard_task_runner.py:52} INFO - Started process 63 to run task
[2024-12-05 03:20:17,953] {standard_task_runner.py:79} INFO - Running: ['airflow', 'tasks', 'run', 'crypto_data_pipeline', 'save_to_***', 'manual__2024-12-05T03:20:08.567712+00:00', '--job-id', '21', '--raw', '--subdir', 'DAGS_FOLDER/crypto_data_pipeline.py', '--cfg-path', '/tmp/tmplkqid6lu', '--error-file', '/tmp/tmpb9kwad8n']
[2024-12-05 03:20:17,953] {standard_task_runner.py:80} INFO - Job 21: Subtask save_to_***
[2024-12-05 03:20:17,995] {task_command.py:369} INFO - Running <TaskInstance: crypto_data_pipeline.save_to_postgres manual__2024-12-05T03:20:08.567712+00:00 [running]> on host 85834e6b4d18
[2024-12-05 03:20:18,058] {taskinstance.py:1571} INFO - Exporting the following env vars:
AIRFLOW_CTX_DAG_OWNER=airflow
AIRFLOW_CTX_DAG_ID=crypto_data_pipeline
AIRFLOW_CTX_TASK_ID=save_to_***
AIRFLOW_CTX_EXECUTION_DATE=2024-12-05T03:20:08.567712+00:00
AIRFLOW_CTX_TRY_NUMBER=1
AIRFLOW_CTX_DAG_RUN_ID=manual__2024-12-05T03:20:08.567712+00:00
[2024-12-05 03:20:18,064] {python.py:173} INFO - Done. Returned value was: None
[2024-12-05 03:20:18,074] {taskinstance.py:1400} INFO - Marking task as SUCCESS. dag_id=crypto_data_pipeline, task_id=save_to_***, execution_date=20241205T032008, start_date=20241205T032017, end_date=20241205T032018
[2024-12-05 03:20:18,084] {local_task_job.py:156} INFO - Task exited with return code 0
[2024-12-05 03:20:18,111] {local_task_job.py:273} INFO - 0 downstream tasks scheduled from follow-on schedule check
