[2024-12-05 03:10:58,577] {processor.py:153} INFO - Started process (PID=45) to work on /opt/airflow/dags/crypto_data_pipeline.py
[2024-12-05 03:10:58,577] {processor.py:641} INFO - Processing file /opt/airflow/dags/crypto_data_pipeline.py for tasks to queue
[2024-12-05 03:10:58,578] {logging_mixin.py:115} INFO - [2024-12-05 03:10:58,578] {dagbag.py:507} INFO - Filling up the DagBag from /opt/airflow/dags/crypto_data_pipeline.py
[2024-12-05 03:10:58,592] {processor.py:651} INFO - DAG(s) dict_keys(['crypto_data_pipeline']) retrieved from /opt/airflow/dags/crypto_data_pipeline.py
[2024-12-05 03:10:58,671] {logging_mixin.py:115} INFO - [2024-12-05 03:10:58,671] {manager.py:508} INFO - Created Permission View: can edit on DAG:crypto_data_pipeline
[2024-12-05 03:10:58,675] {logging_mixin.py:115} INFO - [2024-12-05 03:10:58,675] {manager.py:508} INFO - Created Permission View: can read on DAG:crypto_data_pipeline
[2024-12-05 03:10:58,679] {logging_mixin.py:115} INFO - [2024-12-05 03:10:58,678] {manager.py:508} INFO - Created Permission View: can delete on DAG:crypto_data_pipeline
[2024-12-05 03:10:58,679] {logging_mixin.py:115} INFO - [2024-12-05 03:10:58,679] {dag.py:2371} INFO - Sync 1 DAGs
[2024-12-05 03:10:58,683] {logging_mixin.py:115} INFO - [2024-12-05 03:10:58,683] {dag.py:2390} INFO - Creating ORM DAG for crypto_data_pipeline
[2024-12-05 03:10:58,691] {logging_mixin.py:115} INFO - [2024-12-05 03:10:58,691] {dag.py:2919} INFO - Setting next_dagrun for crypto_data_pipeline to 2024-12-05T02:00:00+00:00, run_after=2024-12-05T03:00:00+00:00
[2024-12-05 03:10:58,698] {processor.py:161} INFO - Processing /opt/airflow/dags/crypto_data_pipeline.py took 0.123 seconds
[2024-12-05 03:11:28,760] {processor.py:153} INFO - Started process (PID=47) to work on /opt/airflow/dags/crypto_data_pipeline.py
[2024-12-05 03:11:28,761] {processor.py:641} INFO - Processing file /opt/airflow/dags/crypto_data_pipeline.py for tasks to queue
[2024-12-05 03:11:28,761] {logging_mixin.py:115} INFO - [2024-12-05 03:11:28,761] {dagbag.py:507} INFO - Filling up the DagBag from /opt/airflow/dags/crypto_data_pipeline.py
[2024-12-05 03:11:28,769] {processor.py:651} INFO - DAG(s) dict_keys(['crypto_data_pipeline']) retrieved from /opt/airflow/dags/crypto_data_pipeline.py
[2024-12-05 03:11:28,797] {logging_mixin.py:115} INFO - [2024-12-05 03:11:28,796] {dag.py:2371} INFO - Sync 1 DAGs
[2024-12-05 03:11:28,811] {logging_mixin.py:115} INFO - [2024-12-05 03:11:28,811] {dag.py:2919} INFO - Setting next_dagrun for crypto_data_pipeline to 2024-12-05T02:00:00+00:00, run_after=2024-12-05T03:00:00+00:00
[2024-12-05 03:11:28,818] {processor.py:161} INFO - Processing /opt/airflow/dags/crypto_data_pipeline.py took 0.060 seconds
[2024-12-05 03:11:58,840] {processor.py:153} INFO - Started process (PID=48) to work on /opt/airflow/dags/crypto_data_pipeline.py
[2024-12-05 03:11:58,846] {processor.py:641} INFO - Processing file /opt/airflow/dags/crypto_data_pipeline.py for tasks to queue
[2024-12-05 03:11:58,846] {logging_mixin.py:115} INFO - [2024-12-05 03:11:58,846] {dagbag.py:507} INFO - Filling up the DagBag from /opt/airflow/dags/crypto_data_pipeline.py
[2024-12-05 03:11:58,854] {processor.py:651} INFO - DAG(s) dict_keys(['crypto_data_pipeline']) retrieved from /opt/airflow/dags/crypto_data_pipeline.py
[2024-12-05 03:11:58,888] {logging_mixin.py:115} INFO - [2024-12-05 03:11:58,888] {dag.py:2371} INFO - Sync 1 DAGs
[2024-12-05 03:11:58,904] {logging_mixin.py:115} INFO - [2024-12-05 03:11:58,904] {dag.py:2919} INFO - Setting next_dagrun for crypto_data_pipeline to 2024-12-05T02:00:00+00:00, run_after=2024-12-05T03:00:00+00:00
[2024-12-05 03:11:58,914] {processor.py:161} INFO - Processing /opt/airflow/dags/crypto_data_pipeline.py took 0.076 seconds
[2024-12-05 03:12:28,952] {processor.py:153} INFO - Started process (PID=49) to work on /opt/airflow/dags/crypto_data_pipeline.py
[2024-12-05 03:12:28,953] {processor.py:641} INFO - Processing file /opt/airflow/dags/crypto_data_pipeline.py for tasks to queue
[2024-12-05 03:12:28,953] {logging_mixin.py:115} INFO - [2024-12-05 03:12:28,953] {dagbag.py:507} INFO - Filling up the DagBag from /opt/airflow/dags/crypto_data_pipeline.py
[2024-12-05 03:12:28,961] {processor.py:651} INFO - DAG(s) dict_keys(['crypto_data_pipeline']) retrieved from /opt/airflow/dags/crypto_data_pipeline.py
[2024-12-05 03:12:29,000] {logging_mixin.py:115} INFO - [2024-12-05 03:12:29,000] {dag.py:2371} INFO - Sync 1 DAGs
[2024-12-05 03:12:29,016] {logging_mixin.py:115} INFO - [2024-12-05 03:12:29,016] {dag.py:2919} INFO - Setting next_dagrun for crypto_data_pipeline to 2024-12-05T02:00:00+00:00, run_after=2024-12-05T03:00:00+00:00
[2024-12-05 03:12:29,023] {processor.py:161} INFO - Processing /opt/airflow/dags/crypto_data_pipeline.py took 0.072 seconds
[2024-12-05 03:12:59,083] {processor.py:153} INFO - Started process (PID=58) to work on /opt/airflow/dags/crypto_data_pipeline.py
[2024-12-05 03:12:59,084] {processor.py:641} INFO - Processing file /opt/airflow/dags/crypto_data_pipeline.py for tasks to queue
[2024-12-05 03:12:59,084] {logging_mixin.py:115} INFO - [2024-12-05 03:12:59,084] {dagbag.py:507} INFO - Filling up the DagBag from /opt/airflow/dags/crypto_data_pipeline.py
[2024-12-05 03:12:59,092] {processor.py:651} INFO - DAG(s) dict_keys(['crypto_data_pipeline']) retrieved from /opt/airflow/dags/crypto_data_pipeline.py
[2024-12-05 03:12:59,119] {logging_mixin.py:115} INFO - [2024-12-05 03:12:59,119] {dag.py:2371} INFO - Sync 1 DAGs
[2024-12-05 03:12:59,135] {logging_mixin.py:115} INFO - [2024-12-05 03:12:59,135] {dag.py:2919} INFO - Setting next_dagrun for crypto_data_pipeline to 2024-12-05T03:00:00+00:00, run_after=2024-12-05T04:00:00+00:00
[2024-12-05 03:12:59,141] {processor.py:161} INFO - Processing /opt/airflow/dags/crypto_data_pipeline.py took 0.060 seconds
[2024-12-05 03:13:29,210] {processor.py:153} INFO - Started process (PID=59) to work on /opt/airflow/dags/crypto_data_pipeline.py
[2024-12-05 03:13:29,215] {processor.py:641} INFO - Processing file /opt/airflow/dags/crypto_data_pipeline.py for tasks to queue
[2024-12-05 03:13:29,216] {logging_mixin.py:115} INFO - [2024-12-05 03:13:29,216] {dagbag.py:507} INFO - Filling up the DagBag from /opt/airflow/dags/crypto_data_pipeline.py
[2024-12-05 03:13:29,224] {processor.py:651} INFO - DAG(s) dict_keys(['crypto_data_pipeline']) retrieved from /opt/airflow/dags/crypto_data_pipeline.py
[2024-12-05 03:13:29,250] {logging_mixin.py:115} INFO - [2024-12-05 03:13:29,250] {dag.py:2371} INFO - Sync 1 DAGs
[2024-12-05 03:13:29,264] {logging_mixin.py:115} INFO - [2024-12-05 03:13:29,264] {dag.py:2919} INFO - Setting next_dagrun for crypto_data_pipeline to 2024-12-05T03:00:00+00:00, run_after=2024-12-05T04:00:00+00:00
[2024-12-05 03:13:29,270] {processor.py:161} INFO - Processing /opt/airflow/dags/crypto_data_pipeline.py took 0.062 seconds
[2024-12-05 03:13:59,293] {processor.py:153} INFO - Started process (PID=60) to work on /opt/airflow/dags/crypto_data_pipeline.py
[2024-12-05 03:13:59,299] {processor.py:641} INFO - Processing file /opt/airflow/dags/crypto_data_pipeline.py for tasks to queue
[2024-12-05 03:13:59,299] {logging_mixin.py:115} INFO - [2024-12-05 03:13:59,299] {dagbag.py:507} INFO - Filling up the DagBag from /opt/airflow/dags/crypto_data_pipeline.py
[2024-12-05 03:13:59,307] {processor.py:651} INFO - DAG(s) dict_keys(['crypto_data_pipeline']) retrieved from /opt/airflow/dags/crypto_data_pipeline.py
[2024-12-05 03:13:59,334] {logging_mixin.py:115} INFO - [2024-12-05 03:13:59,334] {dag.py:2371} INFO - Sync 1 DAGs
[2024-12-05 03:13:59,348] {logging_mixin.py:115} INFO - [2024-12-05 03:13:59,348] {dag.py:2919} INFO - Setting next_dagrun for crypto_data_pipeline to 2024-12-05T03:00:00+00:00, run_after=2024-12-05T04:00:00+00:00
[2024-12-05 03:13:59,354] {processor.py:161} INFO - Processing /opt/airflow/dags/crypto_data_pipeline.py took 0.063 seconds
[2024-12-05 03:14:29,409] {processor.py:153} INFO - Started process (PID=61) to work on /opt/airflow/dags/crypto_data_pipeline.py
[2024-12-05 03:14:29,414] {processor.py:641} INFO - Processing file /opt/airflow/dags/crypto_data_pipeline.py for tasks to queue
[2024-12-05 03:14:29,415] {logging_mixin.py:115} INFO - [2024-12-05 03:14:29,414] {dagbag.py:507} INFO - Filling up the DagBag from /opt/airflow/dags/crypto_data_pipeline.py
[2024-12-05 03:14:29,422] {processor.py:651} INFO - DAG(s) dict_keys(['crypto_data_pipeline']) retrieved from /opt/airflow/dags/crypto_data_pipeline.py
[2024-12-05 03:14:29,449] {logging_mixin.py:115} INFO - [2024-12-05 03:14:29,449] {dag.py:2371} INFO - Sync 1 DAGs
[2024-12-05 03:14:29,464] {logging_mixin.py:115} INFO - [2024-12-05 03:14:29,464] {dag.py:2919} INFO - Setting next_dagrun for crypto_data_pipeline to 2024-12-05T03:00:00+00:00, run_after=2024-12-05T04:00:00+00:00
[2024-12-05 03:14:29,470] {processor.py:161} INFO - Processing /opt/airflow/dags/crypto_data_pipeline.py took 0.063 seconds
[2024-12-05 03:14:59,485] {processor.py:153} INFO - Started process (PID=74) to work on /opt/airflow/dags/crypto_data_pipeline.py
[2024-12-05 03:14:59,488] {processor.py:641} INFO - Processing file /opt/airflow/dags/crypto_data_pipeline.py for tasks to queue
[2024-12-05 03:14:59,489] {logging_mixin.py:115} INFO - [2024-12-05 03:14:59,489] {dagbag.py:507} INFO - Filling up the DagBag from /opt/airflow/dags/crypto_data_pipeline.py
[2024-12-05 03:14:59,497] {processor.py:651} INFO - DAG(s) dict_keys(['crypto_data_pipeline']) retrieved from /opt/airflow/dags/crypto_data_pipeline.py
[2024-12-05 03:14:59,528] {logging_mixin.py:115} INFO - [2024-12-05 03:14:59,528] {dag.py:2371} INFO - Sync 1 DAGs
[2024-12-05 03:14:59,542] {logging_mixin.py:115} INFO - [2024-12-05 03:14:59,542] {dag.py:2919} INFO - Setting next_dagrun for crypto_data_pipeline to 2024-12-05T03:00:00+00:00, run_after=2024-12-05T04:00:00+00:00
[2024-12-05 03:14:59,548] {processor.py:161} INFO - Processing /opt/airflow/dags/crypto_data_pipeline.py took 0.065 seconds
[2024-12-05 03:15:29,597] {processor.py:153} INFO - Started process (PID=75) to work on /opt/airflow/dags/crypto_data_pipeline.py
[2024-12-05 03:15:29,603] {processor.py:641} INFO - Processing file /opt/airflow/dags/crypto_data_pipeline.py for tasks to queue
[2024-12-05 03:15:29,603] {logging_mixin.py:115} INFO - [2024-12-05 03:15:29,603] {dagbag.py:507} INFO - Filling up the DagBag from /opt/airflow/dags/crypto_data_pipeline.py
[2024-12-05 03:15:29,611] {processor.py:651} INFO - DAG(s) dict_keys(['crypto_data_pipeline']) retrieved from /opt/airflow/dags/crypto_data_pipeline.py
[2024-12-05 03:15:29,639] {logging_mixin.py:115} INFO - [2024-12-05 03:15:29,639] {dag.py:2371} INFO - Sync 1 DAGs
[2024-12-05 03:15:29,654] {logging_mixin.py:115} INFO - [2024-12-05 03:15:29,654] {dag.py:2919} INFO - Setting next_dagrun for crypto_data_pipeline to 2024-12-05T03:00:00+00:00, run_after=2024-12-05T04:00:00+00:00
[2024-12-05 03:15:29,660] {processor.py:161} INFO - Processing /opt/airflow/dags/crypto_data_pipeline.py took 0.065 seconds
[2024-12-05 03:15:59,686] {processor.py:153} INFO - Started process (PID=76) to work on /opt/airflow/dags/crypto_data_pipeline.py
[2024-12-05 03:15:59,686] {processor.py:641} INFO - Processing file /opt/airflow/dags/crypto_data_pipeline.py for tasks to queue
[2024-12-05 03:15:59,687] {logging_mixin.py:115} INFO - [2024-12-05 03:15:59,687] {dagbag.py:507} INFO - Filling up the DagBag from /opt/airflow/dags/crypto_data_pipeline.py
[2024-12-05 03:15:59,694] {processor.py:651} INFO - DAG(s) dict_keys(['crypto_data_pipeline']) retrieved from /opt/airflow/dags/crypto_data_pipeline.py
[2024-12-05 03:15:59,722] {logging_mixin.py:115} INFO - [2024-12-05 03:15:59,722] {dag.py:2371} INFO - Sync 1 DAGs
[2024-12-05 03:15:59,737] {logging_mixin.py:115} INFO - [2024-12-05 03:15:59,737] {dag.py:2919} INFO - Setting next_dagrun for crypto_data_pipeline to 2024-12-05T03:00:00+00:00, run_after=2024-12-05T04:00:00+00:00
[2024-12-05 03:15:59,744] {processor.py:161} INFO - Processing /opt/airflow/dags/crypto_data_pipeline.py took 0.061 seconds
[2024-12-05 03:16:29,787] {processor.py:153} INFO - Started process (PID=77) to work on /opt/airflow/dags/crypto_data_pipeline.py
[2024-12-05 03:16:29,792] {processor.py:641} INFO - Processing file /opt/airflow/dags/crypto_data_pipeline.py for tasks to queue
[2024-12-05 03:16:29,794] {logging_mixin.py:115} INFO - [2024-12-05 03:16:29,794] {dagbag.py:507} INFO - Filling up the DagBag from /opt/airflow/dags/crypto_data_pipeline.py
[2024-12-05 03:16:29,807] {processor.py:651} INFO - DAG(s) dict_keys(['crypto_data_pipeline']) retrieved from /opt/airflow/dags/crypto_data_pipeline.py
[2024-12-05 03:16:29,859] {logging_mixin.py:115} INFO - [2024-12-05 03:16:29,859] {dag.py:2371} INFO - Sync 1 DAGs
[2024-12-05 03:16:29,878] {logging_mixin.py:115} INFO - [2024-12-05 03:16:29,878] {dag.py:2919} INFO - Setting next_dagrun for crypto_data_pipeline to 2024-12-05T03:00:00+00:00, run_after=2024-12-05T04:00:00+00:00
[2024-12-05 03:16:29,885] {processor.py:161} INFO - Processing /opt/airflow/dags/crypto_data_pipeline.py took 0.101 seconds
[2024-12-05 03:16:59,946] {processor.py:153} INFO - Started process (PID=78) to work on /opt/airflow/dags/crypto_data_pipeline.py
[2024-12-05 03:16:59,951] {processor.py:641} INFO - Processing file /opt/airflow/dags/crypto_data_pipeline.py for tasks to queue
[2024-12-05 03:16:59,952] {logging_mixin.py:115} INFO - [2024-12-05 03:16:59,952] {dagbag.py:507} INFO - Filling up the DagBag from /opt/airflow/dags/crypto_data_pipeline.py
[2024-12-05 03:16:59,966] {processor.py:651} INFO - DAG(s) dict_keys(['crypto_data_pipeline']) retrieved from /opt/airflow/dags/crypto_data_pipeline.py
[2024-12-05 03:17:00,000] {logging_mixin.py:115} INFO - [2024-12-05 03:17:00,000] {dag.py:2371} INFO - Sync 1 DAGs
[2024-12-05 03:17:00,025] {logging_mixin.py:115} INFO - [2024-12-05 03:17:00,025] {dag.py:2919} INFO - Setting next_dagrun for crypto_data_pipeline to 2024-12-05T03:00:00+00:00, run_after=2024-12-05T04:00:00+00:00
[2024-12-05 03:17:00,034] {processor.py:161} INFO - Processing /opt/airflow/dags/crypto_data_pipeline.py took 0.092 seconds
[2024-12-05 03:17:30,094] {processor.py:153} INFO - Started process (PID=79) to work on /opt/airflow/dags/crypto_data_pipeline.py
[2024-12-05 03:17:30,094] {processor.py:641} INFO - Processing file /opt/airflow/dags/crypto_data_pipeline.py for tasks to queue
[2024-12-05 03:17:30,095] {logging_mixin.py:115} INFO - [2024-12-05 03:17:30,094] {dagbag.py:507} INFO - Filling up the DagBag from /opt/airflow/dags/crypto_data_pipeline.py
[2024-12-05 03:17:30,102] {processor.py:651} INFO - DAG(s) dict_keys(['crypto_data_pipeline']) retrieved from /opt/airflow/dags/crypto_data_pipeline.py
[2024-12-05 03:17:30,129] {logging_mixin.py:115} INFO - [2024-12-05 03:17:30,129] {dag.py:2371} INFO - Sync 1 DAGs
[2024-12-05 03:17:30,143] {logging_mixin.py:115} INFO - [2024-12-05 03:17:30,143] {dag.py:2919} INFO - Setting next_dagrun for crypto_data_pipeline to 2024-12-05T03:00:00+00:00, run_after=2024-12-05T04:00:00+00:00
[2024-12-05 03:17:30,150] {processor.py:161} INFO - Processing /opt/airflow/dags/crypto_data_pipeline.py took 0.059 seconds
[2024-12-05 03:18:00,168] {processor.py:153} INFO - Started process (PID=104) to work on /opt/airflow/dags/crypto_data_pipeline.py
[2024-12-05 03:18:00,169] {processor.py:641} INFO - Processing file /opt/airflow/dags/crypto_data_pipeline.py for tasks to queue
[2024-12-05 03:18:00,169] {logging_mixin.py:115} INFO - [2024-12-05 03:18:00,169] {dagbag.py:507} INFO - Filling up the DagBag from /opt/airflow/dags/crypto_data_pipeline.py
[2024-12-05 03:18:00,176] {processor.py:651} INFO - DAG(s) dict_keys(['crypto_data_pipeline']) retrieved from /opt/airflow/dags/crypto_data_pipeline.py
[2024-12-05 03:18:00,205] {logging_mixin.py:115} INFO - [2024-12-05 03:18:00,205] {dag.py:2371} INFO - Sync 1 DAGs
[2024-12-05 03:18:00,221] {logging_mixin.py:115} INFO - [2024-12-05 03:18:00,221] {dag.py:2919} INFO - Setting next_dagrun for crypto_data_pipeline to 2024-12-05T03:00:00+00:00, run_after=2024-12-05T04:00:00+00:00
[2024-12-05 03:18:00,227] {processor.py:161} INFO - Processing /opt/airflow/dags/crypto_data_pipeline.py took 0.061 seconds
[2024-12-05 03:18:07,952] {processor.py:153} INFO - Started process (PID=45) to work on /opt/airflow/dags/crypto_data_pipeline.py
[2024-12-05 03:18:07,952] {processor.py:641} INFO - Processing file /opt/airflow/dags/crypto_data_pipeline.py for tasks to queue
[2024-12-05 03:18:07,953] {logging_mixin.py:115} INFO - [2024-12-05 03:18:07,953] {dagbag.py:507} INFO - Filling up the DagBag from /opt/airflow/dags/crypto_data_pipeline.py
[2024-12-05 03:18:07,962] {processor.py:651} INFO - DAG(s) dict_keys(['crypto_data_pipeline']) retrieved from /opt/airflow/dags/crypto_data_pipeline.py
[2024-12-05 03:18:07,994] {logging_mixin.py:115} INFO - [2024-12-05 03:18:07,994] {dag.py:2371} INFO - Sync 1 DAGs
[2024-12-05 03:18:08,012] {logging_mixin.py:115} INFO - [2024-12-05 03:18:08,012] {dag.py:2919} INFO - Setting next_dagrun for crypto_data_pipeline to 2024-12-05T03:00:00+00:00, run_after=2024-12-05T04:00:00+00:00
[2024-12-05 03:18:08,019] {processor.py:161} INFO - Processing /opt/airflow/dags/crypto_data_pipeline.py took 0.069 seconds
[2024-12-05 03:18:38,073] {processor.py:153} INFO - Started process (PID=59) to work on /opt/airflow/dags/crypto_data_pipeline.py
[2024-12-05 03:18:38,074] {processor.py:641} INFO - Processing file /opt/airflow/dags/crypto_data_pipeline.py for tasks to queue
[2024-12-05 03:18:38,074] {logging_mixin.py:115} INFO - [2024-12-05 03:18:38,074] {dagbag.py:507} INFO - Filling up the DagBag from /opt/airflow/dags/crypto_data_pipeline.py
[2024-12-05 03:18:38,082] {processor.py:651} INFO - DAG(s) dict_keys(['crypto_data_pipeline']) retrieved from /opt/airflow/dags/crypto_data_pipeline.py
[2024-12-05 03:18:38,110] {logging_mixin.py:115} INFO - [2024-12-05 03:18:38,110] {dag.py:2371} INFO - Sync 1 DAGs
[2024-12-05 03:18:38,126] {logging_mixin.py:115} INFO - [2024-12-05 03:18:38,126] {dag.py:2919} INFO - Setting next_dagrun for crypto_data_pipeline to 2024-12-05T03:00:00+00:00, run_after=2024-12-05T04:00:00+00:00
[2024-12-05 03:18:38,132] {processor.py:161} INFO - Processing /opt/airflow/dags/crypto_data_pipeline.py took 0.061 seconds
[2024-12-05 03:19:08,192] {processor.py:153} INFO - Started process (PID=60) to work on /opt/airflow/dags/crypto_data_pipeline.py
[2024-12-05 03:19:08,193] {processor.py:641} INFO - Processing file /opt/airflow/dags/crypto_data_pipeline.py for tasks to queue
[2024-12-05 03:19:08,193] {logging_mixin.py:115} INFO - [2024-12-05 03:19:08,193] {dagbag.py:507} INFO - Filling up the DagBag from /opt/airflow/dags/crypto_data_pipeline.py
[2024-12-05 03:19:08,201] {processor.py:651} INFO - DAG(s) dict_keys(['crypto_data_pipeline']) retrieved from /opt/airflow/dags/crypto_data_pipeline.py
[2024-12-05 03:19:08,229] {logging_mixin.py:115} INFO - [2024-12-05 03:19:08,229] {dag.py:2371} INFO - Sync 1 DAGs
[2024-12-05 03:19:08,244] {logging_mixin.py:115} INFO - [2024-12-05 03:19:08,244] {dag.py:2919} INFO - Setting next_dagrun for crypto_data_pipeline to 2024-12-05T03:00:00+00:00, run_after=2024-12-05T04:00:00+00:00
[2024-12-05 03:19:08,251] {processor.py:161} INFO - Processing /opt/airflow/dags/crypto_data_pipeline.py took 0.060 seconds
[2024-12-05 03:19:15,217] {processor.py:153} INFO - Started process (PID=61) to work on /opt/airflow/dags/crypto_data_pipeline.py
[2024-12-05 03:19:15,223] {processor.py:641} INFO - Processing file /opt/airflow/dags/crypto_data_pipeline.py for tasks to queue
[2024-12-05 03:19:15,224] {logging_mixin.py:115} INFO - [2024-12-05 03:19:15,224] {dagbag.py:507} INFO - Filling up the DagBag from /opt/airflow/dags/crypto_data_pipeline.py
[2024-12-05 03:19:15,231] {processor.py:651} INFO - DAG(s) dict_keys(['crypto_data_pipeline']) retrieved from /opt/airflow/dags/crypto_data_pipeline.py
[2024-12-05 03:19:15,258] {logging_mixin.py:115} INFO - [2024-12-05 03:19:15,258] {dag.py:2371} INFO - Sync 1 DAGs
[2024-12-05 03:19:15,274] {logging_mixin.py:115} INFO - [2024-12-05 03:19:15,274] {dag.py:2919} INFO - Setting next_dagrun for crypto_data_pipeline to 2024-12-05T03:00:00+00:00, run_after=2024-12-05T04:00:00+00:00
[2024-12-05 03:19:15,281] {processor.py:161} INFO - Processing /opt/airflow/dags/crypto_data_pipeline.py took 0.066 seconds
[2024-12-05 03:19:35,725] {processor.py:153} INFO - Started process (PID=45) to work on /opt/airflow/dags/crypto_data_pipeline.py
[2024-12-05 03:19:35,726] {processor.py:641} INFO - Processing file /opt/airflow/dags/crypto_data_pipeline.py for tasks to queue
[2024-12-05 03:19:35,726] {logging_mixin.py:115} INFO - [2024-12-05 03:19:35,726] {dagbag.py:507} INFO - Filling up the DagBag from /opt/airflow/dags/crypto_data_pipeline.py
[2024-12-05 03:19:35,735] {processor.py:651} INFO - DAG(s) dict_keys(['crypto_data_pipeline']) retrieved from /opt/airflow/dags/crypto_data_pipeline.py
[2024-12-05 03:19:35,766] {logging_mixin.py:115} INFO - [2024-12-05 03:19:35,766] {dag.py:2371} INFO - Sync 1 DAGs
[2024-12-05 03:19:35,783] {logging_mixin.py:115} INFO - [2024-12-05 03:19:35,783] {dag.py:2919} INFO - Setting next_dagrun for crypto_data_pipeline to 2024-12-05T03:00:00+00:00, run_after=2024-12-05T04:00:00+00:00
[2024-12-05 03:19:35,791] {processor.py:161} INFO - Processing /opt/airflow/dags/crypto_data_pipeline.py took 0.068 seconds
[2024-12-05 03:20:05,851] {processor.py:153} INFO - Started process (PID=51) to work on /opt/airflow/dags/crypto_data_pipeline.py
[2024-12-05 03:20:05,851] {processor.py:641} INFO - Processing file /opt/airflow/dags/crypto_data_pipeline.py for tasks to queue
[2024-12-05 03:20:05,852] {logging_mixin.py:115} INFO - [2024-12-05 03:20:05,852] {dagbag.py:507} INFO - Filling up the DagBag from /opt/airflow/dags/crypto_data_pipeline.py
[2024-12-05 03:20:05,860] {processor.py:651} INFO - DAG(s) dict_keys(['crypto_data_pipeline']) retrieved from /opt/airflow/dags/crypto_data_pipeline.py
[2024-12-05 03:20:05,888] {logging_mixin.py:115} INFO - [2024-12-05 03:20:05,888] {dag.py:2371} INFO - Sync 1 DAGs
[2024-12-05 03:20:05,903] {logging_mixin.py:115} INFO - [2024-12-05 03:20:05,903] {dag.py:2919} INFO - Setting next_dagrun for crypto_data_pipeline to 2024-12-05T03:00:00+00:00, run_after=2024-12-05T04:00:00+00:00
[2024-12-05 03:20:05,909] {processor.py:161} INFO - Processing /opt/airflow/dags/crypto_data_pipeline.py took 0.061 seconds
[2024-12-05 03:20:35,973] {processor.py:153} INFO - Started process (PID=64) to work on /opt/airflow/dags/crypto_data_pipeline.py
[2024-12-05 03:20:35,973] {processor.py:641} INFO - Processing file /opt/airflow/dags/crypto_data_pipeline.py for tasks to queue
[2024-12-05 03:20:35,973] {logging_mixin.py:115} INFO - [2024-12-05 03:20:35,973] {dagbag.py:507} INFO - Filling up the DagBag from /opt/airflow/dags/crypto_data_pipeline.py
[2024-12-05 03:20:35,981] {processor.py:651} INFO - DAG(s) dict_keys(['crypto_data_pipeline']) retrieved from /opt/airflow/dags/crypto_data_pipeline.py
[2024-12-05 03:20:36,007] {logging_mixin.py:115} INFO - [2024-12-05 03:20:36,007] {dag.py:2371} INFO - Sync 1 DAGs
[2024-12-05 03:20:36,021] {logging_mixin.py:115} INFO - [2024-12-05 03:20:36,021] {dag.py:2919} INFO - Setting next_dagrun for crypto_data_pipeline to 2024-12-05T03:00:00+00:00, run_after=2024-12-05T04:00:00+00:00
[2024-12-05 03:20:36,027] {processor.py:161} INFO - Processing /opt/airflow/dags/crypto_data_pipeline.py took 0.057 seconds
[2024-12-05 03:21:06,089] {processor.py:153} INFO - Started process (PID=65) to work on /opt/airflow/dags/crypto_data_pipeline.py
[2024-12-05 03:21:06,089] {processor.py:641} INFO - Processing file /opt/airflow/dags/crypto_data_pipeline.py for tasks to queue
[2024-12-05 03:21:06,089] {logging_mixin.py:115} INFO - [2024-12-05 03:21:06,089] {dagbag.py:507} INFO - Filling up the DagBag from /opt/airflow/dags/crypto_data_pipeline.py
[2024-12-05 03:21:06,097] {processor.py:651} INFO - DAG(s) dict_keys(['crypto_data_pipeline']) retrieved from /opt/airflow/dags/crypto_data_pipeline.py
[2024-12-05 03:21:06,126] {logging_mixin.py:115} INFO - [2024-12-05 03:21:06,126] {dag.py:2371} INFO - Sync 1 DAGs
[2024-12-05 03:21:06,142] {logging_mixin.py:115} INFO - [2024-12-05 03:21:06,142] {dag.py:2919} INFO - Setting next_dagrun for crypto_data_pipeline to 2024-12-05T03:00:00+00:00, run_after=2024-12-05T04:00:00+00:00
[2024-12-05 03:21:06,149] {processor.py:161} INFO - Processing /opt/airflow/dags/crypto_data_pipeline.py took 0.062 seconds
[2024-12-05 03:21:36,167] {processor.py:153} INFO - Started process (PID=66) to work on /opt/airflow/dags/crypto_data_pipeline.py
[2024-12-05 03:21:36,168] {processor.py:641} INFO - Processing file /opt/airflow/dags/crypto_data_pipeline.py for tasks to queue
[2024-12-05 03:21:36,168] {logging_mixin.py:115} INFO - [2024-12-05 03:21:36,168] {dagbag.py:507} INFO - Filling up the DagBag from /opt/airflow/dags/crypto_data_pipeline.py
[2024-12-05 03:21:36,176] {processor.py:651} INFO - DAG(s) dict_keys(['crypto_data_pipeline']) retrieved from /opt/airflow/dags/crypto_data_pipeline.py
[2024-12-05 03:21:36,204] {logging_mixin.py:115} INFO - [2024-12-05 03:21:36,204] {dag.py:2371} INFO - Sync 1 DAGs
[2024-12-05 03:21:36,219] {logging_mixin.py:115} INFO - [2024-12-05 03:21:36,219] {dag.py:2919} INFO - Setting next_dagrun for crypto_data_pipeline to 2024-12-05T03:00:00+00:00, run_after=2024-12-05T04:00:00+00:00
[2024-12-05 03:21:36,225] {processor.py:161} INFO - Processing /opt/airflow/dags/crypto_data_pipeline.py took 0.059 seconds
[2024-12-05 03:22:06,286] {processor.py:153} INFO - Started process (PID=67) to work on /opt/airflow/dags/crypto_data_pipeline.py
[2024-12-05 03:22:06,286] {processor.py:641} INFO - Processing file /opt/airflow/dags/crypto_data_pipeline.py for tasks to queue
[2024-12-05 03:22:06,286] {logging_mixin.py:115} INFO - [2024-12-05 03:22:06,286] {dagbag.py:507} INFO - Filling up the DagBag from /opt/airflow/dags/crypto_data_pipeline.py
[2024-12-05 03:22:06,295] {processor.py:651} INFO - DAG(s) dict_keys(['crypto_data_pipeline']) retrieved from /opt/airflow/dags/crypto_data_pipeline.py
[2024-12-05 03:22:06,373] {logging_mixin.py:115} INFO - [2024-12-05 03:22:06,373] {dag.py:2371} INFO - Sync 1 DAGs
[2024-12-05 03:22:06,388] {logging_mixin.py:115} INFO - [2024-12-05 03:22:06,387] {dag.py:2919} INFO - Setting next_dagrun for crypto_data_pipeline to 2024-12-05T03:00:00+00:00, run_after=2024-12-05T04:00:00+00:00
[2024-12-05 03:22:06,395] {processor.py:161} INFO - Processing /opt/airflow/dags/crypto_data_pipeline.py took 0.111 seconds
[2024-12-05 03:22:36,449] {processor.py:153} INFO - Started process (PID=68) to work on /opt/airflow/dags/crypto_data_pipeline.py
[2024-12-05 03:22:36,450] {processor.py:641} INFO - Processing file /opt/airflow/dags/crypto_data_pipeline.py for tasks to queue
[2024-12-05 03:22:36,450] {logging_mixin.py:115} INFO - [2024-12-05 03:22:36,450] {dagbag.py:507} INFO - Filling up the DagBag from /opt/airflow/dags/crypto_data_pipeline.py
[2024-12-05 03:22:36,458] {processor.py:651} INFO - DAG(s) dict_keys(['crypto_data_pipeline']) retrieved from /opt/airflow/dags/crypto_data_pipeline.py
[2024-12-05 03:22:36,486] {logging_mixin.py:115} INFO - [2024-12-05 03:22:36,486] {dag.py:2371} INFO - Sync 1 DAGs
[2024-12-05 03:22:36,502] {logging_mixin.py:115} INFO - [2024-12-05 03:22:36,502] {dag.py:2919} INFO - Setting next_dagrun for crypto_data_pipeline to 2024-12-05T03:00:00+00:00, run_after=2024-12-05T04:00:00+00:00
[2024-12-05 03:22:36,509] {processor.py:161} INFO - Processing /opt/airflow/dags/crypto_data_pipeline.py took 0.062 seconds
[2024-12-05 03:23:13,485] {processor.py:153} INFO - Started process (PID=45) to work on /opt/airflow/dags/crypto_data_pipeline.py
[2024-12-05 03:23:13,487] {processor.py:641} INFO - Processing file /opt/airflow/dags/crypto_data_pipeline.py for tasks to queue
[2024-12-05 03:23:13,488] {logging_mixin.py:115} INFO - [2024-12-05 03:23:13,487] {dagbag.py:507} INFO - Filling up the DagBag from /opt/airflow/dags/crypto_data_pipeline.py
[2024-12-05 03:23:13,498] {processor.py:651} INFO - DAG(s) dict_keys(['crypto_data_pipeline']) retrieved from /opt/airflow/dags/crypto_data_pipeline.py
[2024-12-05 03:23:13,534] {logging_mixin.py:115} INFO - [2024-12-05 03:23:13,533] {dag.py:2371} INFO - Sync 1 DAGs
[2024-12-05 03:23:13,556] {logging_mixin.py:115} INFO - [2024-12-05 03:23:13,556] {dag.py:2919} INFO - Setting next_dagrun for crypto_data_pipeline to 2024-12-05T03:00:00+00:00, run_after=2024-12-05T04:00:00+00:00
[2024-12-05 03:23:13,564] {processor.py:161} INFO - Processing /opt/airflow/dags/crypto_data_pipeline.py took 0.081 seconds
[2024-12-05 03:23:44,910] {processor.py:153} INFO - Started process (PID=46) to work on /opt/airflow/dags/crypto_data_pipeline.py
[2024-12-05 03:23:44,910] {processor.py:641} INFO - Processing file /opt/airflow/dags/crypto_data_pipeline.py for tasks to queue
[2024-12-05 03:23:44,911] {logging_mixin.py:115} INFO - [2024-12-05 03:23:44,911] {dagbag.py:507} INFO - Filling up the DagBag from /opt/airflow/dags/crypto_data_pipeline.py
[2024-12-05 03:23:44,921] {processor.py:651} INFO - DAG(s) dict_keys(['crypto_data_pipeline']) retrieved from /opt/airflow/dags/crypto_data_pipeline.py
[2024-12-05 03:23:44,954] {logging_mixin.py:115} INFO - [2024-12-05 03:23:44,954] {dag.py:2371} INFO - Sync 1 DAGs
[2024-12-05 03:23:44,972] {logging_mixin.py:115} INFO - [2024-12-05 03:23:44,971] {dag.py:2919} INFO - Setting next_dagrun for crypto_data_pipeline to 2024-12-05T03:00:00+00:00, run_after=2024-12-05T04:00:00+00:00
[2024-12-05 03:23:44,979] {processor.py:161} INFO - Processing /opt/airflow/dags/crypto_data_pipeline.py took 0.071 seconds
[2024-12-05 03:24:15,034] {processor.py:153} INFO - Started process (PID=47) to work on /opt/airflow/dags/crypto_data_pipeline.py
[2024-12-05 03:24:15,035] {processor.py:641} INFO - Processing file /opt/airflow/dags/crypto_data_pipeline.py for tasks to queue
[2024-12-05 03:24:15,035] {logging_mixin.py:115} INFO - [2024-12-05 03:24:15,035] {dagbag.py:507} INFO - Filling up the DagBag from /opt/airflow/dags/crypto_data_pipeline.py
[2024-12-05 03:24:15,046] {processor.py:651} INFO - DAG(s) dict_keys(['crypto_data_pipeline']) retrieved from /opt/airflow/dags/crypto_data_pipeline.py
[2024-12-05 03:24:15,094] {logging_mixin.py:115} INFO - [2024-12-05 03:24:15,093] {dag.py:2371} INFO - Sync 1 DAGs
[2024-12-05 03:24:15,116] {logging_mixin.py:115} INFO - [2024-12-05 03:24:15,116] {dag.py:2919} INFO - Setting next_dagrun for crypto_data_pipeline to 2024-12-05T03:00:00+00:00, run_after=2024-12-05T04:00:00+00:00
[2024-12-05 03:24:15,124] {processor.py:161} INFO - Processing /opt/airflow/dags/crypto_data_pipeline.py took 0.092 seconds
[2024-12-05 03:24:45,192] {processor.py:153} INFO - Started process (PID=48) to work on /opt/airflow/dags/crypto_data_pipeline.py
[2024-12-05 03:24:45,193] {processor.py:641} INFO - Processing file /opt/airflow/dags/crypto_data_pipeline.py for tasks to queue
[2024-12-05 03:24:45,193] {logging_mixin.py:115} INFO - [2024-12-05 03:24:45,193] {dagbag.py:507} INFO - Filling up the DagBag from /opt/airflow/dags/crypto_data_pipeline.py
[2024-12-05 03:24:45,200] {processor.py:651} INFO - DAG(s) dict_keys(['crypto_data_pipeline']) retrieved from /opt/airflow/dags/crypto_data_pipeline.py
[2024-12-05 03:24:45,227] {logging_mixin.py:115} INFO - [2024-12-05 03:24:45,227] {dag.py:2371} INFO - Sync 1 DAGs
[2024-12-05 03:24:45,242] {logging_mixin.py:115} INFO - [2024-12-05 03:24:45,242] {dag.py:2919} INFO - Setting next_dagrun for crypto_data_pipeline to 2024-12-05T03:00:00+00:00, run_after=2024-12-05T04:00:00+00:00
[2024-12-05 03:24:45,248] {processor.py:161} INFO - Processing /opt/airflow/dags/crypto_data_pipeline.py took 0.058 seconds
[2024-12-05 03:25:15,303] {processor.py:153} INFO - Started process (PID=49) to work on /opt/airflow/dags/crypto_data_pipeline.py
[2024-12-05 03:25:15,304] {processor.py:641} INFO - Processing file /opt/airflow/dags/crypto_data_pipeline.py for tasks to queue
[2024-12-05 03:25:15,304] {logging_mixin.py:115} INFO - [2024-12-05 03:25:15,304] {dagbag.py:507} INFO - Filling up the DagBag from /opt/airflow/dags/crypto_data_pipeline.py
[2024-12-05 03:25:15,312] {processor.py:651} INFO - DAG(s) dict_keys(['crypto_data_pipeline']) retrieved from /opt/airflow/dags/crypto_data_pipeline.py
[2024-12-05 03:25:15,343] {logging_mixin.py:115} INFO - [2024-12-05 03:25:15,343] {dag.py:2371} INFO - Sync 1 DAGs
[2024-12-05 03:25:15,360] {logging_mixin.py:115} INFO - [2024-12-05 03:25:15,360] {dag.py:2919} INFO - Setting next_dagrun for crypto_data_pipeline to 2024-12-05T03:00:00+00:00, run_after=2024-12-05T04:00:00+00:00
[2024-12-05 03:25:15,367] {processor.py:161} INFO - Processing /opt/airflow/dags/crypto_data_pipeline.py took 0.066 seconds
[2024-12-05 03:25:45,425] {processor.py:153} INFO - Started process (PID=50) to work on /opt/airflow/dags/crypto_data_pipeline.py
[2024-12-05 03:25:45,430] {processor.py:641} INFO - Processing file /opt/airflow/dags/crypto_data_pipeline.py for tasks to queue
[2024-12-05 03:25:45,430] {logging_mixin.py:115} INFO - [2024-12-05 03:25:45,430] {dagbag.py:507} INFO - Filling up the DagBag from /opt/airflow/dags/crypto_data_pipeline.py
[2024-12-05 03:25:45,441] {processor.py:651} INFO - DAG(s) dict_keys(['crypto_data_pipeline']) retrieved from /opt/airflow/dags/crypto_data_pipeline.py
[2024-12-05 03:25:45,484] {logging_mixin.py:115} INFO - [2024-12-05 03:25:45,484] {dag.py:2371} INFO - Sync 1 DAGs
[2024-12-05 03:25:45,504] {logging_mixin.py:115} INFO - [2024-12-05 03:25:45,504] {dag.py:2919} INFO - Setting next_dagrun for crypto_data_pipeline to 2024-12-05T03:00:00+00:00, run_after=2024-12-05T04:00:00+00:00
[2024-12-05 03:25:45,512] {processor.py:161} INFO - Processing /opt/airflow/dags/crypto_data_pipeline.py took 0.089 seconds
[2024-12-05 03:26:15,575] {processor.py:153} INFO - Started process (PID=51) to work on /opt/airflow/dags/crypto_data_pipeline.py
[2024-12-05 03:26:15,576] {processor.py:641} INFO - Processing file /opt/airflow/dags/crypto_data_pipeline.py for tasks to queue
[2024-12-05 03:26:15,576] {logging_mixin.py:115} INFO - [2024-12-05 03:26:15,576] {dagbag.py:507} INFO - Filling up the DagBag from /opt/airflow/dags/crypto_data_pipeline.py
[2024-12-05 03:26:15,589] {processor.py:651} INFO - DAG(s) dict_keys(['crypto_data_pipeline']) retrieved from /opt/airflow/dags/crypto_data_pipeline.py
[2024-12-05 03:26:15,628] {logging_mixin.py:115} INFO - [2024-12-05 03:26:15,628] {dag.py:2371} INFO - Sync 1 DAGs
[2024-12-05 03:26:15,644] {logging_mixin.py:115} INFO - [2024-12-05 03:26:15,644] {dag.py:2919} INFO - Setting next_dagrun for crypto_data_pipeline to 2024-12-05T03:00:00+00:00, run_after=2024-12-05T04:00:00+00:00
[2024-12-05 03:26:15,652] {processor.py:161} INFO - Processing /opt/airflow/dags/crypto_data_pipeline.py took 0.079 seconds
[2024-12-05 03:26:55,769] {processor.py:153} INFO - Started process (PID=46) to work on /opt/airflow/dags/crypto_data_pipeline.py
[2024-12-05 03:26:55,770] {processor.py:641} INFO - Processing file /opt/airflow/dags/crypto_data_pipeline.py for tasks to queue
[2024-12-05 03:26:55,770] {logging_mixin.py:115} INFO - [2024-12-05 03:26:55,770] {dagbag.py:507} INFO - Filling up the DagBag from /opt/airflow/dags/crypto_data_pipeline.py
[2024-12-05 03:26:55,779] {processor.py:651} INFO - DAG(s) dict_keys(['crypto_data_pipeline']) retrieved from /opt/airflow/dags/crypto_data_pipeline.py
[2024-12-05 03:26:55,809] {logging_mixin.py:115} INFO - [2024-12-05 03:26:55,809] {dag.py:2371} INFO - Sync 1 DAGs
[2024-12-05 03:26:55,828] {logging_mixin.py:115} INFO - [2024-12-05 03:26:55,828] {dag.py:2919} INFO - Setting next_dagrun for crypto_data_pipeline to 2024-12-05T03:00:00+00:00, run_after=2024-12-05T04:00:00+00:00
[2024-12-05 03:26:55,836] {processor.py:161} INFO - Processing /opt/airflow/dags/crypto_data_pipeline.py took 0.069 seconds
[2024-12-05 03:27:25,899] {processor.py:153} INFO - Started process (PID=47) to work on /opt/airflow/dags/crypto_data_pipeline.py
[2024-12-05 03:27:25,901] {processor.py:641} INFO - Processing file /opt/airflow/dags/crypto_data_pipeline.py for tasks to queue
[2024-12-05 03:27:25,901] {logging_mixin.py:115} INFO - [2024-12-05 03:27:25,901] {dagbag.py:507} INFO - Filling up the DagBag from /opt/airflow/dags/crypto_data_pipeline.py
[2024-12-05 03:27:25,913] {processor.py:651} INFO - DAG(s) dict_keys(['crypto_data_pipeline']) retrieved from /opt/airflow/dags/crypto_data_pipeline.py
[2024-12-05 03:27:25,955] {logging_mixin.py:115} INFO - [2024-12-05 03:27:25,955] {dag.py:2371} INFO - Sync 1 DAGs
[2024-12-05 03:27:25,974] {logging_mixin.py:115} INFO - [2024-12-05 03:27:25,974] {dag.py:2919} INFO - Setting next_dagrun for crypto_data_pipeline to 2024-12-05T03:00:00+00:00, run_after=2024-12-05T04:00:00+00:00
[2024-12-05 03:27:25,983] {processor.py:161} INFO - Processing /opt/airflow/dags/crypto_data_pipeline.py took 0.089 seconds
[2024-12-05 03:27:56,041] {processor.py:153} INFO - Started process (PID=56) to work on /opt/airflow/dags/crypto_data_pipeline.py
[2024-12-05 03:27:56,047] {processor.py:641} INFO - Processing file /opt/airflow/dags/crypto_data_pipeline.py for tasks to queue
[2024-12-05 03:27:56,047] {logging_mixin.py:115} INFO - [2024-12-05 03:27:56,047] {dagbag.py:507} INFO - Filling up the DagBag from /opt/airflow/dags/crypto_data_pipeline.py
[2024-12-05 03:27:56,055] {processor.py:651} INFO - DAG(s) dict_keys(['crypto_data_pipeline']) retrieved from /opt/airflow/dags/crypto_data_pipeline.py
[2024-12-05 03:27:56,082] {logging_mixin.py:115} INFO - [2024-12-05 03:27:56,082] {dag.py:2371} INFO - Sync 1 DAGs
[2024-12-05 03:27:56,098] {logging_mixin.py:115} INFO - [2024-12-05 03:27:56,098] {dag.py:2919} INFO - Setting next_dagrun for crypto_data_pipeline to 2024-12-05T03:00:00+00:00, run_after=2024-12-05T04:00:00+00:00
[2024-12-05 03:27:56,105] {processor.py:161} INFO - Processing /opt/airflow/dags/crypto_data_pipeline.py took 0.066 seconds
[2024-12-05 03:28:26,161] {processor.py:153} INFO - Started process (PID=57) to work on /opt/airflow/dags/crypto_data_pipeline.py
[2024-12-05 03:28:26,161] {processor.py:641} INFO - Processing file /opt/airflow/dags/crypto_data_pipeline.py for tasks to queue
[2024-12-05 03:28:26,162] {logging_mixin.py:115} INFO - [2024-12-05 03:28:26,162] {dagbag.py:507} INFO - Filling up the DagBag from /opt/airflow/dags/crypto_data_pipeline.py
[2024-12-05 03:28:26,169] {processor.py:651} INFO - DAG(s) dict_keys(['crypto_data_pipeline']) retrieved from /opt/airflow/dags/crypto_data_pipeline.py
[2024-12-05 03:28:26,199] {logging_mixin.py:115} INFO - [2024-12-05 03:28:26,199] {dag.py:2371} INFO - Sync 1 DAGs
[2024-12-05 03:28:26,216] {logging_mixin.py:115} INFO - [2024-12-05 03:28:26,215] {dag.py:2919} INFO - Setting next_dagrun for crypto_data_pipeline to 2024-12-05T03:00:00+00:00, run_after=2024-12-05T04:00:00+00:00
[2024-12-05 03:28:26,223] {processor.py:161} INFO - Processing /opt/airflow/dags/crypto_data_pipeline.py took 0.064 seconds
[2024-12-05 03:28:56,244] {processor.py:153} INFO - Started process (PID=62) to work on /opt/airflow/dags/crypto_data_pipeline.py
[2024-12-05 03:28:56,250] {processor.py:641} INFO - Processing file /opt/airflow/dags/crypto_data_pipeline.py for tasks to queue
[2024-12-05 03:28:56,250] {logging_mixin.py:115} INFO - [2024-12-05 03:28:56,250] {dagbag.py:507} INFO - Filling up the DagBag from /opt/airflow/dags/crypto_data_pipeline.py
[2024-12-05 03:28:56,258] {processor.py:651} INFO - DAG(s) dict_keys(['crypto_data_pipeline']) retrieved from /opt/airflow/dags/crypto_data_pipeline.py
[2024-12-05 03:28:56,285] {logging_mixin.py:115} INFO - [2024-12-05 03:28:56,285] {dag.py:2371} INFO - Sync 1 DAGs
[2024-12-05 03:28:56,299] {logging_mixin.py:115} INFO - [2024-12-05 03:28:56,299] {dag.py:2919} INFO - Setting next_dagrun for crypto_data_pipeline to 2024-12-05T03:00:00+00:00, run_after=2024-12-05T04:00:00+00:00
[2024-12-05 03:28:56,306] {processor.py:161} INFO - Processing /opt/airflow/dags/crypto_data_pipeline.py took 0.064 seconds
[2024-12-05 03:29:26,362] {processor.py:153} INFO - Started process (PID=63) to work on /opt/airflow/dags/crypto_data_pipeline.py
[2024-12-05 03:29:26,367] {processor.py:641} INFO - Processing file /opt/airflow/dags/crypto_data_pipeline.py for tasks to queue
[2024-12-05 03:29:26,368] {logging_mixin.py:115} INFO - [2024-12-05 03:29:26,368] {dagbag.py:507} INFO - Filling up the DagBag from /opt/airflow/dags/crypto_data_pipeline.py
[2024-12-05 03:29:26,377] {processor.py:651} INFO - DAG(s) dict_keys(['crypto_data_pipeline']) retrieved from /opt/airflow/dags/crypto_data_pipeline.py
[2024-12-05 03:29:26,410] {logging_mixin.py:115} INFO - [2024-12-05 03:29:26,410] {dag.py:2371} INFO - Sync 1 DAGs
[2024-12-05 03:29:26,430] {logging_mixin.py:115} INFO - [2024-12-05 03:29:26,430] {dag.py:2919} INFO - Setting next_dagrun for crypto_data_pipeline to 2024-12-05T03:00:00+00:00, run_after=2024-12-05T04:00:00+00:00
[2024-12-05 03:29:26,437] {processor.py:161} INFO - Processing /opt/airflow/dags/crypto_data_pipeline.py took 0.083 seconds
[2024-12-05 03:29:56,493] {processor.py:153} INFO - Started process (PID=64) to work on /opt/airflow/dags/crypto_data_pipeline.py
[2024-12-05 03:29:56,498] {processor.py:641} INFO - Processing file /opt/airflow/dags/crypto_data_pipeline.py for tasks to queue
[2024-12-05 03:29:56,499] {logging_mixin.py:115} INFO - [2024-12-05 03:29:56,499] {dagbag.py:507} INFO - Filling up the DagBag from /opt/airflow/dags/crypto_data_pipeline.py
[2024-12-05 03:29:56,506] {processor.py:651} INFO - DAG(s) dict_keys(['crypto_data_pipeline']) retrieved from /opt/airflow/dags/crypto_data_pipeline.py
[2024-12-05 03:29:56,549] {logging_mixin.py:115} INFO - [2024-12-05 03:29:56,549] {dag.py:2371} INFO - Sync 1 DAGs
[2024-12-05 03:29:56,578] {logging_mixin.py:115} INFO - [2024-12-05 03:29:56,578] {dag.py:2919} INFO - Setting next_dagrun for crypto_data_pipeline to 2024-12-05T03:00:00+00:00, run_after=2024-12-05T04:00:00+00:00
[2024-12-05 03:29:56,589] {processor.py:161} INFO - Processing /opt/airflow/dags/crypto_data_pipeline.py took 0.098 seconds
[2024-12-05 03:30:26,650] {processor.py:153} INFO - Started process (PID=65) to work on /opt/airflow/dags/crypto_data_pipeline.py
[2024-12-05 03:30:26,651] {processor.py:641} INFO - Processing file /opt/airflow/dags/crypto_data_pipeline.py for tasks to queue
[2024-12-05 03:30:26,651] {logging_mixin.py:115} INFO - [2024-12-05 03:30:26,651] {dagbag.py:507} INFO - Filling up the DagBag from /opt/airflow/dags/crypto_data_pipeline.py
[2024-12-05 03:30:26,659] {processor.py:651} INFO - DAG(s) dict_keys(['crypto_data_pipeline']) retrieved from /opt/airflow/dags/crypto_data_pipeline.py
[2024-12-05 03:30:26,688] {logging_mixin.py:115} INFO - [2024-12-05 03:30:26,688] {dag.py:2371} INFO - Sync 1 DAGs
[2024-12-05 03:30:26,706] {logging_mixin.py:115} INFO - [2024-12-05 03:30:26,706] {dag.py:2919} INFO - Setting next_dagrun for crypto_data_pipeline to 2024-12-05T03:00:00+00:00, run_after=2024-12-05T04:00:00+00:00
[2024-12-05 03:30:26,712] {processor.py:161} INFO - Processing /opt/airflow/dags/crypto_data_pipeline.py took 0.064 seconds
[2024-12-05 03:30:56,769] {processor.py:153} INFO - Started process (PID=66) to work on /opt/airflow/dags/crypto_data_pipeline.py
[2024-12-05 03:30:56,774] {processor.py:641} INFO - Processing file /opt/airflow/dags/crypto_data_pipeline.py for tasks to queue
[2024-12-05 03:30:56,775] {logging_mixin.py:115} INFO - [2024-12-05 03:30:56,775] {dagbag.py:507} INFO - Filling up the DagBag from /opt/airflow/dags/crypto_data_pipeline.py
[2024-12-05 03:30:56,783] {processor.py:651} INFO - DAG(s) dict_keys(['crypto_data_pipeline']) retrieved from /opt/airflow/dags/crypto_data_pipeline.py
[2024-12-05 03:30:56,816] {logging_mixin.py:115} INFO - [2024-12-05 03:30:56,816] {dag.py:2371} INFO - Sync 1 DAGs
[2024-12-05 03:30:56,832] {logging_mixin.py:115} INFO - [2024-12-05 03:30:56,832] {dag.py:2919} INFO - Setting next_dagrun for crypto_data_pipeline to 2024-12-05T03:00:00+00:00, run_after=2024-12-05T04:00:00+00:00
[2024-12-05 03:30:56,843] {processor.py:161} INFO - Processing /opt/airflow/dags/crypto_data_pipeline.py took 0.076 seconds
[2024-12-05 03:31:26,907] {processor.py:153} INFO - Started process (PID=67) to work on /opt/airflow/dags/crypto_data_pipeline.py
[2024-12-05 03:31:26,913] {processor.py:641} INFO - Processing file /opt/airflow/dags/crypto_data_pipeline.py for tasks to queue
[2024-12-05 03:31:26,913] {logging_mixin.py:115} INFO - [2024-12-05 03:31:26,913] {dagbag.py:507} INFO - Filling up the DagBag from /opt/airflow/dags/crypto_data_pipeline.py
[2024-12-05 03:31:26,921] {processor.py:651} INFO - DAG(s) dict_keys(['crypto_data_pipeline']) retrieved from /opt/airflow/dags/crypto_data_pipeline.py
[2024-12-05 03:31:26,950] {logging_mixin.py:115} INFO - [2024-12-05 03:31:26,949] {dag.py:2371} INFO - Sync 1 DAGs
[2024-12-05 03:31:26,964] {logging_mixin.py:115} INFO - [2024-12-05 03:31:26,964] {dag.py:2919} INFO - Setting next_dagrun for crypto_data_pipeline to 2024-12-05T03:00:00+00:00, run_after=2024-12-05T04:00:00+00:00
[2024-12-05 03:31:26,970] {processor.py:161} INFO - Processing /opt/airflow/dags/crypto_data_pipeline.py took 0.065 seconds
[2024-12-05 03:31:56,999] {processor.py:153} INFO - Started process (PID=68) to work on /opt/airflow/dags/crypto_data_pipeline.py
[2024-12-05 03:31:57,004] {processor.py:641} INFO - Processing file /opt/airflow/dags/crypto_data_pipeline.py for tasks to queue
[2024-12-05 03:31:57,005] {logging_mixin.py:115} INFO - [2024-12-05 03:31:57,005] {dagbag.py:507} INFO - Filling up the DagBag from /opt/airflow/dags/crypto_data_pipeline.py
[2024-12-05 03:31:57,013] {processor.py:651} INFO - DAG(s) dict_keys(['crypto_data_pipeline']) retrieved from /opt/airflow/dags/crypto_data_pipeline.py
[2024-12-05 03:31:57,039] {logging_mixin.py:115} INFO - [2024-12-05 03:31:57,039] {dag.py:2371} INFO - Sync 1 DAGs
[2024-12-05 03:31:57,054] {logging_mixin.py:115} INFO - [2024-12-05 03:31:57,054] {dag.py:2919} INFO - Setting next_dagrun for crypto_data_pipeline to 2024-12-05T03:00:00+00:00, run_after=2024-12-05T04:00:00+00:00
[2024-12-05 03:31:57,060] {processor.py:161} INFO - Processing /opt/airflow/dags/crypto_data_pipeline.py took 0.064 seconds
[2024-12-05 03:35:51,389] {processor.py:153} INFO - Started process (PID=45) to work on /opt/airflow/dags/crypto_data_pipeline.py
[2024-12-05 03:35:51,389] {processor.py:641} INFO - Processing file /opt/airflow/dags/crypto_data_pipeline.py for tasks to queue
[2024-12-05 03:35:51,390] {logging_mixin.py:115} INFO - [2024-12-05 03:35:51,390] {dagbag.py:507} INFO - Filling up the DagBag from /opt/airflow/dags/crypto_data_pipeline.py
[2024-12-05 03:35:51,406] {processor.py:651} INFO - DAG(s) dict_keys(['crypto_data_pipeline']) retrieved from /opt/airflow/dags/crypto_data_pipeline.py
[2024-12-05 03:35:51,486] {logging_mixin.py:115} INFO - [2024-12-05 03:35:51,486] {manager.py:508} INFO - Created Permission View: can edit on DAG:crypto_data_pipeline
[2024-12-05 03:35:51,491] {logging_mixin.py:115} INFO - [2024-12-05 03:35:51,491] {manager.py:508} INFO - Created Permission View: can delete on DAG:crypto_data_pipeline
[2024-12-05 03:35:51,495] {logging_mixin.py:115} INFO - [2024-12-05 03:35:51,495] {manager.py:508} INFO - Created Permission View: can read on DAG:crypto_data_pipeline
[2024-12-05 03:35:51,495] {logging_mixin.py:115} INFO - [2024-12-05 03:35:51,495] {dag.py:2371} INFO - Sync 1 DAGs
[2024-12-05 03:35:51,500] {logging_mixin.py:115} INFO - [2024-12-05 03:35:51,500] {dag.py:2390} INFO - Creating ORM DAG for crypto_data_pipeline
[2024-12-05 03:35:51,508] {logging_mixin.py:115} INFO - [2024-12-05 03:35:51,508] {dag.py:2919} INFO - Setting next_dagrun for crypto_data_pipeline to 2024-12-05T02:00:00+00:00, run_after=2024-12-05T03:00:00+00:00
[2024-12-05 03:35:51,516] {processor.py:161} INFO - Processing /opt/airflow/dags/crypto_data_pipeline.py took 0.130 seconds
[2024-12-05 03:36:21,577] {processor.py:153} INFO - Started process (PID=55) to work on /opt/airflow/dags/crypto_data_pipeline.py
[2024-12-05 03:36:21,582] {processor.py:641} INFO - Processing file /opt/airflow/dags/crypto_data_pipeline.py for tasks to queue
[2024-12-05 03:36:21,583] {logging_mixin.py:115} INFO - [2024-12-05 03:36:21,583] {dagbag.py:507} INFO - Filling up the DagBag from /opt/airflow/dags/crypto_data_pipeline.py
[2024-12-05 03:36:21,590] {processor.py:651} INFO - DAG(s) dict_keys(['crypto_data_pipeline']) retrieved from /opt/airflow/dags/crypto_data_pipeline.py
[2024-12-05 03:36:21,619] {logging_mixin.py:115} INFO - [2024-12-05 03:36:21,619] {dag.py:2371} INFO - Sync 1 DAGs
[2024-12-05 03:36:21,635] {logging_mixin.py:115} INFO - [2024-12-05 03:36:21,635] {dag.py:2919} INFO - Setting next_dagrun for crypto_data_pipeline to 2024-12-05T03:00:00+00:00, run_after=2024-12-05T04:00:00+00:00
[2024-12-05 03:36:21,641] {processor.py:161} INFO - Processing /opt/airflow/dags/crypto_data_pipeline.py took 0.068 seconds
[2024-12-05 03:36:51,701] {processor.py:153} INFO - Started process (PID=56) to work on /opt/airflow/dags/crypto_data_pipeline.py
[2024-12-05 03:36:51,707] {processor.py:641} INFO - Processing file /opt/airflow/dags/crypto_data_pipeline.py for tasks to queue
[2024-12-05 03:36:51,708] {logging_mixin.py:115} INFO - [2024-12-05 03:36:51,708] {dagbag.py:507} INFO - Filling up the DagBag from /opt/airflow/dags/crypto_data_pipeline.py
[2024-12-05 03:36:51,717] {processor.py:651} INFO - DAG(s) dict_keys(['crypto_data_pipeline']) retrieved from /opt/airflow/dags/crypto_data_pipeline.py
[2024-12-05 03:36:51,749] {logging_mixin.py:115} INFO - [2024-12-05 03:36:51,749] {dag.py:2371} INFO - Sync 1 DAGs
[2024-12-05 03:36:51,764] {logging_mixin.py:115} INFO - [2024-12-05 03:36:51,764] {dag.py:2919} INFO - Setting next_dagrun for crypto_data_pipeline to 2024-12-05T03:00:00+00:00, run_after=2024-12-05T04:00:00+00:00
[2024-12-05 03:36:51,771] {processor.py:161} INFO - Processing /opt/airflow/dags/crypto_data_pipeline.py took 0.072 seconds
[2024-12-05 03:37:21,833] {processor.py:153} INFO - Started process (PID=57) to work on /opt/airflow/dags/crypto_data_pipeline.py
[2024-12-05 03:37:21,833] {processor.py:641} INFO - Processing file /opt/airflow/dags/crypto_data_pipeline.py for tasks to queue
[2024-12-05 03:37:21,833] {logging_mixin.py:115} INFO - [2024-12-05 03:37:21,833] {dagbag.py:507} INFO - Filling up the DagBag from /opt/airflow/dags/crypto_data_pipeline.py
[2024-12-05 03:37:21,841] {processor.py:651} INFO - DAG(s) dict_keys(['crypto_data_pipeline']) retrieved from /opt/airflow/dags/crypto_data_pipeline.py
[2024-12-05 03:37:21,871] {logging_mixin.py:115} INFO - [2024-12-05 03:37:21,871] {dag.py:2371} INFO - Sync 1 DAGs
[2024-12-05 03:37:21,886] {logging_mixin.py:115} INFO - [2024-12-05 03:37:21,885] {dag.py:2919} INFO - Setting next_dagrun for crypto_data_pipeline to 2024-12-05T03:00:00+00:00, run_after=2024-12-05T04:00:00+00:00
[2024-12-05 03:37:21,892] {processor.py:161} INFO - Processing /opt/airflow/dags/crypto_data_pipeline.py took 0.062 seconds
[2024-12-05 03:37:51,949] {processor.py:153} INFO - Started process (PID=70) to work on /opt/airflow/dags/crypto_data_pipeline.py
[2024-12-05 03:37:51,954] {processor.py:641} INFO - Processing file /opt/airflow/dags/crypto_data_pipeline.py for tasks to queue
[2024-12-05 03:37:51,955] {logging_mixin.py:115} INFO - [2024-12-05 03:37:51,955] {dagbag.py:507} INFO - Filling up the DagBag from /opt/airflow/dags/crypto_data_pipeline.py
[2024-12-05 03:37:51,962] {processor.py:651} INFO - DAG(s) dict_keys(['crypto_data_pipeline']) retrieved from /opt/airflow/dags/crypto_data_pipeline.py
[2024-12-05 03:37:51,992] {logging_mixin.py:115} INFO - [2024-12-05 03:37:51,992] {dag.py:2371} INFO - Sync 1 DAGs
[2024-12-05 03:37:52,009] {logging_mixin.py:115} INFO - [2024-12-05 03:37:52,009] {dag.py:2919} INFO - Setting next_dagrun for crypto_data_pipeline to 2024-12-05T03:00:00+00:00, run_after=2024-12-05T04:00:00+00:00
[2024-12-05 03:37:52,019] {processor.py:161} INFO - Processing /opt/airflow/dags/crypto_data_pipeline.py took 0.073 seconds
[2024-12-05 03:38:22,073] {processor.py:153} INFO - Started process (PID=71) to work on /opt/airflow/dags/crypto_data_pipeline.py
[2024-12-05 03:38:22,078] {processor.py:641} INFO - Processing file /opt/airflow/dags/crypto_data_pipeline.py for tasks to queue
[2024-12-05 03:38:22,078] {logging_mixin.py:115} INFO - [2024-12-05 03:38:22,078] {dagbag.py:507} INFO - Filling up the DagBag from /opt/airflow/dags/crypto_data_pipeline.py
[2024-12-05 03:38:22,086] {processor.py:651} INFO - DAG(s) dict_keys(['crypto_data_pipeline']) retrieved from /opt/airflow/dags/crypto_data_pipeline.py
[2024-12-05 03:38:22,116] {logging_mixin.py:115} INFO - [2024-12-05 03:38:22,116] {dag.py:2371} INFO - Sync 1 DAGs
[2024-12-05 03:38:22,131] {logging_mixin.py:115} INFO - [2024-12-05 03:38:22,131] {dag.py:2919} INFO - Setting next_dagrun for crypto_data_pipeline to 2024-12-05T03:00:00+00:00, run_after=2024-12-05T04:00:00+00:00
[2024-12-05 03:38:22,139] {processor.py:161} INFO - Processing /opt/airflow/dags/crypto_data_pipeline.py took 0.068 seconds
[2024-12-05 03:38:52,195] {processor.py:153} INFO - Started process (PID=72) to work on /opt/airflow/dags/crypto_data_pipeline.py
[2024-12-05 03:38:52,201] {processor.py:641} INFO - Processing file /opt/airflow/dags/crypto_data_pipeline.py for tasks to queue
[2024-12-05 03:38:52,202] {logging_mixin.py:115} INFO - [2024-12-05 03:38:52,202] {dagbag.py:507} INFO - Filling up the DagBag from /opt/airflow/dags/crypto_data_pipeline.py
[2024-12-05 03:38:52,209] {processor.py:651} INFO - DAG(s) dict_keys(['crypto_data_pipeline']) retrieved from /opt/airflow/dags/crypto_data_pipeline.py
[2024-12-05 03:38:52,236] {logging_mixin.py:115} INFO - [2024-12-05 03:38:52,236] {dag.py:2371} INFO - Sync 1 DAGs
[2024-12-05 03:38:52,250] {logging_mixin.py:115} INFO - [2024-12-05 03:38:52,250] {dag.py:2919} INFO - Setting next_dagrun for crypto_data_pipeline to 2024-12-05T03:00:00+00:00, run_after=2024-12-05T04:00:00+00:00
[2024-12-05 03:38:52,256] {processor.py:161} INFO - Processing /opt/airflow/dags/crypto_data_pipeline.py took 0.063 seconds
[2024-12-05 03:39:22,319] {processor.py:153} INFO - Started process (PID=73) to work on /opt/airflow/dags/crypto_data_pipeline.py
[2024-12-05 03:39:22,320] {processor.py:641} INFO - Processing file /opt/airflow/dags/crypto_data_pipeline.py for tasks to queue
[2024-12-05 03:39:22,320] {logging_mixin.py:115} INFO - [2024-12-05 03:39:22,320] {dagbag.py:507} INFO - Filling up the DagBag from /opt/airflow/dags/crypto_data_pipeline.py
[2024-12-05 03:39:22,328] {processor.py:651} INFO - DAG(s) dict_keys(['crypto_data_pipeline']) retrieved from /opt/airflow/dags/crypto_data_pipeline.py
[2024-12-05 03:39:22,356] {logging_mixin.py:115} INFO - [2024-12-05 03:39:22,356] {dag.py:2371} INFO - Sync 1 DAGs
[2024-12-05 03:39:22,370] {logging_mixin.py:115} INFO - [2024-12-05 03:39:22,370] {dag.py:2919} INFO - Setting next_dagrun for crypto_data_pipeline to 2024-12-05T03:00:00+00:00, run_after=2024-12-05T04:00:00+00:00
[2024-12-05 03:39:22,377] {processor.py:161} INFO - Processing /opt/airflow/dags/crypto_data_pipeline.py took 0.060 seconds
[2024-12-05 03:39:52,399] {processor.py:153} INFO - Started process (PID=74) to work on /opt/airflow/dags/crypto_data_pipeline.py
[2024-12-05 03:39:52,400] {processor.py:641} INFO - Processing file /opt/airflow/dags/crypto_data_pipeline.py for tasks to queue
[2024-12-05 03:39:52,400] {logging_mixin.py:115} INFO - [2024-12-05 03:39:52,400] {dagbag.py:507} INFO - Filling up the DagBag from /opt/airflow/dags/crypto_data_pipeline.py
[2024-12-05 03:39:52,408] {processor.py:651} INFO - DAG(s) dict_keys(['crypto_data_pipeline']) retrieved from /opt/airflow/dags/crypto_data_pipeline.py
[2024-12-05 03:39:52,434] {logging_mixin.py:115} INFO - [2024-12-05 03:39:52,434] {dag.py:2371} INFO - Sync 1 DAGs
[2024-12-05 03:39:52,448] {logging_mixin.py:115} INFO - [2024-12-05 03:39:52,448] {dag.py:2919} INFO - Setting next_dagrun for crypto_data_pipeline to 2024-12-05T03:00:00+00:00, run_after=2024-12-05T04:00:00+00:00
[2024-12-05 03:39:52,455] {processor.py:161} INFO - Processing /opt/airflow/dags/crypto_data_pipeline.py took 0.057 seconds
[2024-12-05 03:40:22,513] {processor.py:153} INFO - Started process (PID=75) to work on /opt/airflow/dags/crypto_data_pipeline.py
[2024-12-05 03:40:22,514] {processor.py:641} INFO - Processing file /opt/airflow/dags/crypto_data_pipeline.py for tasks to queue
[2024-12-05 03:40:22,514] {logging_mixin.py:115} INFO - [2024-12-05 03:40:22,514] {dagbag.py:507} INFO - Filling up the DagBag from /opt/airflow/dags/crypto_data_pipeline.py
[2024-12-05 03:40:22,523] {processor.py:651} INFO - DAG(s) dict_keys(['crypto_data_pipeline']) retrieved from /opt/airflow/dags/crypto_data_pipeline.py
[2024-12-05 03:40:22,571] {logging_mixin.py:115} INFO - [2024-12-05 03:40:22,571] {dag.py:2371} INFO - Sync 1 DAGs
[2024-12-05 03:40:22,586] {logging_mixin.py:115} INFO - [2024-12-05 03:40:22,586] {dag.py:2919} INFO - Setting next_dagrun for crypto_data_pipeline to 2024-12-05T03:00:00+00:00, run_after=2024-12-05T04:00:00+00:00
[2024-12-05 03:40:22,592] {processor.py:161} INFO - Processing /opt/airflow/dags/crypto_data_pipeline.py took 0.081 seconds
[2024-12-05 03:40:52,655] {processor.py:153} INFO - Started process (PID=76) to work on /opt/airflow/dags/crypto_data_pipeline.py
[2024-12-05 03:40:52,661] {processor.py:641} INFO - Processing file /opt/airflow/dags/crypto_data_pipeline.py for tasks to queue
[2024-12-05 03:40:52,663] {logging_mixin.py:115} INFO - [2024-12-05 03:40:52,663] {dagbag.py:507} INFO - Filling up the DagBag from /opt/airflow/dags/crypto_data_pipeline.py
[2024-12-05 03:40:52,675] {processor.py:651} INFO - DAG(s) dict_keys(['crypto_data_pipeline']) retrieved from /opt/airflow/dags/crypto_data_pipeline.py
[2024-12-05 03:40:52,720] {logging_mixin.py:115} INFO - [2024-12-05 03:40:52,720] {dag.py:2371} INFO - Sync 1 DAGs
[2024-12-05 03:40:52,748] {logging_mixin.py:115} INFO - [2024-12-05 03:40:52,748] {dag.py:2919} INFO - Setting next_dagrun for crypto_data_pipeline to 2024-12-05T03:00:00+00:00, run_after=2024-12-05T04:00:00+00:00
[2024-12-05 03:40:52,761] {processor.py:161} INFO - Processing /opt/airflow/dags/crypto_data_pipeline.py took 0.110 seconds
[2024-12-05 03:41:22,825] {processor.py:153} INFO - Started process (PID=101) to work on /opt/airflow/dags/crypto_data_pipeline.py
[2024-12-05 03:41:22,831] {processor.py:641} INFO - Processing file /opt/airflow/dags/crypto_data_pipeline.py for tasks to queue
[2024-12-05 03:41:22,832] {logging_mixin.py:115} INFO - [2024-12-05 03:41:22,832] {dagbag.py:507} INFO - Filling up the DagBag from /opt/airflow/dags/crypto_data_pipeline.py
[2024-12-05 03:41:22,839] {processor.py:651} INFO - DAG(s) dict_keys(['crypto_data_pipeline']) retrieved from /opt/airflow/dags/crypto_data_pipeline.py
[2024-12-05 03:41:22,865] {logging_mixin.py:115} INFO - [2024-12-05 03:41:22,865] {dag.py:2371} INFO - Sync 1 DAGs
[2024-12-05 03:41:22,879] {logging_mixin.py:115} INFO - [2024-12-05 03:41:22,879] {dag.py:2919} INFO - Setting next_dagrun for crypto_data_pipeline to 2024-12-05T03:00:00+00:00, run_after=2024-12-05T04:00:00+00:00
[2024-12-05 03:41:22,885] {processor.py:161} INFO - Processing /opt/airflow/dags/crypto_data_pipeline.py took 0.062 seconds
[2024-12-05 03:41:52,910] {processor.py:153} INFO - Started process (PID=102) to work on /opt/airflow/dags/crypto_data_pipeline.py
[2024-12-05 03:41:52,916] {processor.py:641} INFO - Processing file /opt/airflow/dags/crypto_data_pipeline.py for tasks to queue
[2024-12-05 03:41:52,917] {logging_mixin.py:115} INFO - [2024-12-05 03:41:52,916] {dagbag.py:507} INFO - Filling up the DagBag from /opt/airflow/dags/crypto_data_pipeline.py
[2024-12-05 03:41:52,924] {processor.py:651} INFO - DAG(s) dict_keys(['crypto_data_pipeline']) retrieved from /opt/airflow/dags/crypto_data_pipeline.py
[2024-12-05 03:41:52,950] {logging_mixin.py:115} INFO - [2024-12-05 03:41:52,950] {dag.py:2371} INFO - Sync 1 DAGs
[2024-12-05 03:41:52,964] {logging_mixin.py:115} INFO - [2024-12-05 03:41:52,964] {dag.py:2919} INFO - Setting next_dagrun for crypto_data_pipeline to 2024-12-05T03:00:00+00:00, run_after=2024-12-05T04:00:00+00:00
[2024-12-05 03:41:52,970] {processor.py:161} INFO - Processing /opt/airflow/dags/crypto_data_pipeline.py took 0.062 seconds
[2024-12-05 03:42:23,029] {processor.py:153} INFO - Started process (PID=103) to work on /opt/airflow/dags/crypto_data_pipeline.py
[2024-12-05 03:42:23,035] {processor.py:641} INFO - Processing file /opt/airflow/dags/crypto_data_pipeline.py for tasks to queue
[2024-12-05 03:42:23,035] {logging_mixin.py:115} INFO - [2024-12-05 03:42:23,035] {dagbag.py:507} INFO - Filling up the DagBag from /opt/airflow/dags/crypto_data_pipeline.py
[2024-12-05 03:42:23,043] {processor.py:651} INFO - DAG(s) dict_keys(['crypto_data_pipeline']) retrieved from /opt/airflow/dags/crypto_data_pipeline.py
[2024-12-05 03:42:23,069] {logging_mixin.py:115} INFO - [2024-12-05 03:42:23,069] {dag.py:2371} INFO - Sync 1 DAGs
[2024-12-05 03:42:23,084] {logging_mixin.py:115} INFO - [2024-12-05 03:42:23,084] {dag.py:2919} INFO - Setting next_dagrun for crypto_data_pipeline to 2024-12-05T03:00:00+00:00, run_after=2024-12-05T04:00:00+00:00
[2024-12-05 03:42:23,090] {processor.py:161} INFO - Processing /opt/airflow/dags/crypto_data_pipeline.py took 0.063 seconds
[2024-12-05 03:42:53,109] {processor.py:153} INFO - Started process (PID=104) to work on /opt/airflow/dags/crypto_data_pipeline.py
[2024-12-05 03:42:53,115] {processor.py:641} INFO - Processing file /opt/airflow/dags/crypto_data_pipeline.py for tasks to queue
[2024-12-05 03:42:53,115] {logging_mixin.py:115} INFO - [2024-12-05 03:42:53,115] {dagbag.py:507} INFO - Filling up the DagBag from /opt/airflow/dags/crypto_data_pipeline.py
[2024-12-05 03:42:53,123] {processor.py:651} INFO - DAG(s) dict_keys(['crypto_data_pipeline']) retrieved from /opt/airflow/dags/crypto_data_pipeline.py
[2024-12-05 03:42:53,149] {logging_mixin.py:115} INFO - [2024-12-05 03:42:53,149] {dag.py:2371} INFO - Sync 1 DAGs
[2024-12-05 03:42:53,164] {logging_mixin.py:115} INFO - [2024-12-05 03:42:53,164] {dag.py:2919} INFO - Setting next_dagrun for crypto_data_pipeline to 2024-12-05T03:00:00+00:00, run_after=2024-12-05T04:00:00+00:00
[2024-12-05 03:42:53,170] {processor.py:161} INFO - Processing /opt/airflow/dags/crypto_data_pipeline.py took 0.063 seconds
[2024-12-05 03:43:23,226] {processor.py:153} INFO - Started process (PID=105) to work on /opt/airflow/dags/crypto_data_pipeline.py
[2024-12-05 03:43:23,227] {processor.py:641} INFO - Processing file /opt/airflow/dags/crypto_data_pipeline.py for tasks to queue
[2024-12-05 03:43:23,227] {logging_mixin.py:115} INFO - [2024-12-05 03:43:23,227] {dagbag.py:507} INFO - Filling up the DagBag from /opt/airflow/dags/crypto_data_pipeline.py
[2024-12-05 03:43:23,237] {processor.py:651} INFO - DAG(s) dict_keys(['crypto_data_pipeline']) retrieved from /opt/airflow/dags/crypto_data_pipeline.py
[2024-12-05 03:43:23,276] {logging_mixin.py:115} INFO - [2024-12-05 03:43:23,276] {dag.py:2371} INFO - Sync 1 DAGs
[2024-12-05 03:43:23,291] {logging_mixin.py:115} INFO - [2024-12-05 03:43:23,291] {dag.py:2919} INFO - Setting next_dagrun for crypto_data_pipeline to 2024-12-05T03:00:00+00:00, run_after=2024-12-05T04:00:00+00:00
[2024-12-05 03:43:23,302] {processor.py:161} INFO - Processing /opt/airflow/dags/crypto_data_pipeline.py took 0.078 seconds
[2024-12-05 03:43:53,365] {processor.py:153} INFO - Started process (PID=106) to work on /opt/airflow/dags/crypto_data_pipeline.py
[2024-12-05 03:43:53,371] {processor.py:641} INFO - Processing file /opt/airflow/dags/crypto_data_pipeline.py for tasks to queue
[2024-12-05 03:43:53,371] {logging_mixin.py:115} INFO - [2024-12-05 03:43:53,371] {dagbag.py:507} INFO - Filling up the DagBag from /opt/airflow/dags/crypto_data_pipeline.py
[2024-12-05 03:43:53,379] {processor.py:651} INFO - DAG(s) dict_keys(['crypto_data_pipeline']) retrieved from /opt/airflow/dags/crypto_data_pipeline.py
[2024-12-05 03:43:53,406] {logging_mixin.py:115} INFO - [2024-12-05 03:43:53,406] {dag.py:2371} INFO - Sync 1 DAGs
[2024-12-05 03:43:53,420] {logging_mixin.py:115} INFO - [2024-12-05 03:43:53,420] {dag.py:2919} INFO - Setting next_dagrun for crypto_data_pipeline to 2024-12-05T03:00:00+00:00, run_after=2024-12-05T04:00:00+00:00
[2024-12-05 03:43:53,426] {processor.py:161} INFO - Processing /opt/airflow/dags/crypto_data_pipeline.py took 0.064 seconds
[2024-12-05 03:44:23,486] {processor.py:153} INFO - Started process (PID=107) to work on /opt/airflow/dags/crypto_data_pipeline.py
[2024-12-05 03:44:23,492] {processor.py:641} INFO - Processing file /opt/airflow/dags/crypto_data_pipeline.py for tasks to queue
[2024-12-05 03:44:23,492] {logging_mixin.py:115} INFO - [2024-12-05 03:44:23,492] {dagbag.py:507} INFO - Filling up the DagBag from /opt/airflow/dags/crypto_data_pipeline.py
[2024-12-05 03:44:23,500] {processor.py:651} INFO - DAG(s) dict_keys(['crypto_data_pipeline']) retrieved from /opt/airflow/dags/crypto_data_pipeline.py
[2024-12-05 03:44:23,532] {logging_mixin.py:115} INFO - [2024-12-05 03:44:23,531] {dag.py:2371} INFO - Sync 1 DAGs
[2024-12-05 03:44:23,552] {logging_mixin.py:115} INFO - [2024-12-05 03:44:23,552] {dag.py:2919} INFO - Setting next_dagrun for crypto_data_pipeline to 2024-12-05T03:00:00+00:00, run_after=2024-12-05T04:00:00+00:00
[2024-12-05 03:44:23,559] {processor.py:161} INFO - Processing /opt/airflow/dags/crypto_data_pipeline.py took 0.075 seconds
[2024-12-05 03:44:53,622] {processor.py:153} INFO - Started process (PID=108) to work on /opt/airflow/dags/crypto_data_pipeline.py
[2024-12-05 03:44:53,622] {processor.py:641} INFO - Processing file /opt/airflow/dags/crypto_data_pipeline.py for tasks to queue
[2024-12-05 03:44:53,623] {logging_mixin.py:115} INFO - [2024-12-05 03:44:53,623] {dagbag.py:507} INFO - Filling up the DagBag from /opt/airflow/dags/crypto_data_pipeline.py
[2024-12-05 03:44:53,630] {processor.py:651} INFO - DAG(s) dict_keys(['crypto_data_pipeline']) retrieved from /opt/airflow/dags/crypto_data_pipeline.py
[2024-12-05 03:44:53,657] {logging_mixin.py:115} INFO - [2024-12-05 03:44:53,657] {dag.py:2371} INFO - Sync 1 DAGs
[2024-12-05 03:44:53,671] {logging_mixin.py:115} INFO - [2024-12-05 03:44:53,671] {dag.py:2919} INFO - Setting next_dagrun for crypto_data_pipeline to 2024-12-05T03:00:00+00:00, run_after=2024-12-05T04:00:00+00:00
[2024-12-05 03:44:53,678] {processor.py:161} INFO - Processing /opt/airflow/dags/crypto_data_pipeline.py took 0.059 seconds
[2024-12-05 03:45:23,697] {processor.py:153} INFO - Started process (PID=109) to work on /opt/airflow/dags/crypto_data_pipeline.py
[2024-12-05 03:45:23,702] {processor.py:641} INFO - Processing file /opt/airflow/dags/crypto_data_pipeline.py for tasks to queue
[2024-12-05 03:45:23,703] {logging_mixin.py:115} INFO - [2024-12-05 03:45:23,703] {dagbag.py:507} INFO - Filling up the DagBag from /opt/airflow/dags/crypto_data_pipeline.py
[2024-12-05 03:45:23,710] {processor.py:651} INFO - DAG(s) dict_keys(['crypto_data_pipeline']) retrieved from /opt/airflow/dags/crypto_data_pipeline.py
[2024-12-05 03:45:23,742] {logging_mixin.py:115} INFO - [2024-12-05 03:45:23,742] {dag.py:2371} INFO - Sync 1 DAGs
[2024-12-05 03:45:23,758] {logging_mixin.py:115} INFO - [2024-12-05 03:45:23,758] {dag.py:2919} INFO - Setting next_dagrun for crypto_data_pipeline to 2024-12-05T03:00:00+00:00, run_after=2024-12-05T04:00:00+00:00
[2024-12-05 03:45:23,767] {processor.py:161} INFO - Processing /opt/airflow/dags/crypto_data_pipeline.py took 0.072 seconds
[2024-12-05 03:45:53,827] {processor.py:153} INFO - Started process (PID=110) to work on /opt/airflow/dags/crypto_data_pipeline.py
[2024-12-05 03:45:53,833] {processor.py:641} INFO - Processing file /opt/airflow/dags/crypto_data_pipeline.py for tasks to queue
[2024-12-05 03:45:53,834] {logging_mixin.py:115} INFO - [2024-12-05 03:45:53,834] {dagbag.py:507} INFO - Filling up the DagBag from /opt/airflow/dags/crypto_data_pipeline.py
[2024-12-05 03:45:53,841] {processor.py:651} INFO - DAG(s) dict_keys(['crypto_data_pipeline']) retrieved from /opt/airflow/dags/crypto_data_pipeline.py
[2024-12-05 03:45:53,867] {logging_mixin.py:115} INFO - [2024-12-05 03:45:53,867] {dag.py:2371} INFO - Sync 1 DAGs
[2024-12-05 03:45:53,882] {logging_mixin.py:115} INFO - [2024-12-05 03:45:53,882] {dag.py:2919} INFO - Setting next_dagrun for crypto_data_pipeline to 2024-12-05T03:00:00+00:00, run_after=2024-12-05T04:00:00+00:00
[2024-12-05 03:45:53,888] {processor.py:161} INFO - Processing /opt/airflow/dags/crypto_data_pipeline.py took 0.063 seconds
[2024-12-05 03:46:23,911] {processor.py:153} INFO - Started process (PID=111) to work on /opt/airflow/dags/crypto_data_pipeline.py
[2024-12-05 03:46:23,917] {processor.py:641} INFO - Processing file /opt/airflow/dags/crypto_data_pipeline.py for tasks to queue
[2024-12-05 03:46:23,918] {logging_mixin.py:115} INFO - [2024-12-05 03:46:23,918] {dagbag.py:507} INFO - Filling up the DagBag from /opt/airflow/dags/crypto_data_pipeline.py
[2024-12-05 03:46:23,925] {processor.py:651} INFO - DAG(s) dict_keys(['crypto_data_pipeline']) retrieved from /opt/airflow/dags/crypto_data_pipeline.py
[2024-12-05 03:46:23,953] {logging_mixin.py:115} INFO - [2024-12-05 03:46:23,953] {dag.py:2371} INFO - Sync 1 DAGs
[2024-12-05 03:46:23,968] {logging_mixin.py:115} INFO - [2024-12-05 03:46:23,968] {dag.py:2919} INFO - Setting next_dagrun for crypto_data_pipeline to 2024-12-05T03:00:00+00:00, run_after=2024-12-05T04:00:00+00:00
[2024-12-05 03:46:23,975] {processor.py:161} INFO - Processing /opt/airflow/dags/crypto_data_pipeline.py took 0.065 seconds
[2024-12-05 03:46:54,020] {processor.py:153} INFO - Started process (PID=112) to work on /opt/airflow/dags/crypto_data_pipeline.py
[2024-12-05 03:46:54,020] {processor.py:641} INFO - Processing file /opt/airflow/dags/crypto_data_pipeline.py for tasks to queue
[2024-12-05 03:46:54,021] {logging_mixin.py:115} INFO - [2024-12-05 03:46:54,021] {dagbag.py:507} INFO - Filling up the DagBag from /opt/airflow/dags/crypto_data_pipeline.py
[2024-12-05 03:46:54,030] {processor.py:651} INFO - DAG(s) dict_keys(['crypto_data_pipeline']) retrieved from /opt/airflow/dags/crypto_data_pipeline.py
[2024-12-05 03:46:54,063] {logging_mixin.py:115} INFO - [2024-12-05 03:46:54,063] {dag.py:2371} INFO - Sync 1 DAGs
[2024-12-05 03:46:54,077] {logging_mixin.py:115} INFO - [2024-12-05 03:46:54,077] {dag.py:2919} INFO - Setting next_dagrun for crypto_data_pipeline to 2024-12-05T03:00:00+00:00, run_after=2024-12-05T04:00:00+00:00
[2024-12-05 03:46:54,083] {processor.py:161} INFO - Processing /opt/airflow/dags/crypto_data_pipeline.py took 0.066 seconds
[2024-12-05 03:47:24,104] {processor.py:153} INFO - Started process (PID=113) to work on /opt/airflow/dags/crypto_data_pipeline.py
[2024-12-05 03:47:24,111] {processor.py:641} INFO - Processing file /opt/airflow/dags/crypto_data_pipeline.py for tasks to queue
[2024-12-05 03:47:24,111] {logging_mixin.py:115} INFO - [2024-12-05 03:47:24,111] {dagbag.py:507} INFO - Filling up the DagBag from /opt/airflow/dags/crypto_data_pipeline.py
[2024-12-05 03:47:24,119] {processor.py:651} INFO - DAG(s) dict_keys(['crypto_data_pipeline']) retrieved from /opt/airflow/dags/crypto_data_pipeline.py
[2024-12-05 03:47:24,146] {logging_mixin.py:115} INFO - [2024-12-05 03:47:24,146] {dag.py:2371} INFO - Sync 1 DAGs
[2024-12-05 03:47:24,160] {logging_mixin.py:115} INFO - [2024-12-05 03:47:24,160] {dag.py:2919} INFO - Setting next_dagrun for crypto_data_pipeline to 2024-12-05T03:00:00+00:00, run_after=2024-12-05T04:00:00+00:00
[2024-12-05 03:47:24,167] {processor.py:161} INFO - Processing /opt/airflow/dags/crypto_data_pipeline.py took 0.065 seconds
[2024-12-05 03:47:54,222] {processor.py:153} INFO - Started process (PID=114) to work on /opt/airflow/dags/crypto_data_pipeline.py
[2024-12-05 03:47:54,227] {processor.py:641} INFO - Processing file /opt/airflow/dags/crypto_data_pipeline.py for tasks to queue
[2024-12-05 03:47:54,228] {logging_mixin.py:115} INFO - [2024-12-05 03:47:54,228] {dagbag.py:507} INFO - Filling up the DagBag from /opt/airflow/dags/crypto_data_pipeline.py
[2024-12-05 03:47:54,237] {processor.py:651} INFO - DAG(s) dict_keys(['crypto_data_pipeline']) retrieved from /opt/airflow/dags/crypto_data_pipeline.py
[2024-12-05 03:47:54,270] {logging_mixin.py:115} INFO - [2024-12-05 03:47:54,270] {dag.py:2371} INFO - Sync 1 DAGs
[2024-12-05 03:47:54,292] {logging_mixin.py:115} INFO - [2024-12-05 03:47:54,292] {dag.py:2919} INFO - Setting next_dagrun for crypto_data_pipeline to 2024-12-05T03:00:00+00:00, run_after=2024-12-05T04:00:00+00:00
[2024-12-05 03:47:54,306] {processor.py:161} INFO - Processing /opt/airflow/dags/crypto_data_pipeline.py took 0.086 seconds
[2024-12-05 03:48:24,378] {processor.py:153} INFO - Started process (PID=115) to work on /opt/airflow/dags/crypto_data_pipeline.py
[2024-12-05 03:48:24,384] {processor.py:641} INFO - Processing file /opt/airflow/dags/crypto_data_pipeline.py for tasks to queue
[2024-12-05 03:48:24,384] {logging_mixin.py:115} INFO - [2024-12-05 03:48:24,384] {dagbag.py:507} INFO - Filling up the DagBag from /opt/airflow/dags/crypto_data_pipeline.py
[2024-12-05 03:48:24,392] {processor.py:651} INFO - DAG(s) dict_keys(['crypto_data_pipeline']) retrieved from /opt/airflow/dags/crypto_data_pipeline.py
[2024-12-05 03:48:24,419] {logging_mixin.py:115} INFO - [2024-12-05 03:48:24,419] {dag.py:2371} INFO - Sync 1 DAGs
[2024-12-05 03:48:24,436] {logging_mixin.py:115} INFO - [2024-12-05 03:48:24,435] {dag.py:2919} INFO - Setting next_dagrun for crypto_data_pipeline to 2024-12-05T03:00:00+00:00, run_after=2024-12-05T04:00:00+00:00
[2024-12-05 03:48:24,442] {processor.py:161} INFO - Processing /opt/airflow/dags/crypto_data_pipeline.py took 0.067 seconds
[2024-12-05 03:48:54,513] {processor.py:153} INFO - Started process (PID=116) to work on /opt/airflow/dags/crypto_data_pipeline.py
[2024-12-05 03:48:54,519] {processor.py:641} INFO - Processing file /opt/airflow/dags/crypto_data_pipeline.py for tasks to queue
[2024-12-05 03:48:54,520] {logging_mixin.py:115} INFO - [2024-12-05 03:48:54,519] {dagbag.py:507} INFO - Filling up the DagBag from /opt/airflow/dags/crypto_data_pipeline.py
[2024-12-05 03:48:54,527] {processor.py:651} INFO - DAG(s) dict_keys(['crypto_data_pipeline']) retrieved from /opt/airflow/dags/crypto_data_pipeline.py
[2024-12-05 03:48:54,556] {logging_mixin.py:115} INFO - [2024-12-05 03:48:54,556] {dag.py:2371} INFO - Sync 1 DAGs
[2024-12-05 03:48:54,572] {logging_mixin.py:115} INFO - [2024-12-05 03:48:54,572] {dag.py:2919} INFO - Setting next_dagrun for crypto_data_pipeline to 2024-12-05T03:00:00+00:00, run_after=2024-12-05T04:00:00+00:00
[2024-12-05 03:48:54,578] {processor.py:161} INFO - Processing /opt/airflow/dags/crypto_data_pipeline.py took 0.067 seconds
[2024-12-05 03:49:24,641] {processor.py:153} INFO - Started process (PID=117) to work on /opt/airflow/dags/crypto_data_pipeline.py
[2024-12-05 03:49:24,647] {processor.py:641} INFO - Processing file /opt/airflow/dags/crypto_data_pipeline.py for tasks to queue
[2024-12-05 03:49:24,647] {logging_mixin.py:115} INFO - [2024-12-05 03:49:24,647] {dagbag.py:507} INFO - Filling up the DagBag from /opt/airflow/dags/crypto_data_pipeline.py
[2024-12-05 03:49:24,655] {processor.py:651} INFO - DAG(s) dict_keys(['crypto_data_pipeline']) retrieved from /opt/airflow/dags/crypto_data_pipeline.py
[2024-12-05 03:49:24,681] {logging_mixin.py:115} INFO - [2024-12-05 03:49:24,681] {dag.py:2371} INFO - Sync 1 DAGs
[2024-12-05 03:49:24,695] {logging_mixin.py:115} INFO - [2024-12-05 03:49:24,695] {dag.py:2919} INFO - Setting next_dagrun for crypto_data_pipeline to 2024-12-05T03:00:00+00:00, run_after=2024-12-05T04:00:00+00:00
[2024-12-05 03:49:24,702] {processor.py:161} INFO - Processing /opt/airflow/dags/crypto_data_pipeline.py took 0.063 seconds
[2024-12-05 03:49:54,764] {processor.py:153} INFO - Started process (PID=118) to work on /opt/airflow/dags/crypto_data_pipeline.py
[2024-12-05 03:49:54,765] {processor.py:641} INFO - Processing file /opt/airflow/dags/crypto_data_pipeline.py for tasks to queue
[2024-12-05 03:49:54,765] {logging_mixin.py:115} INFO - [2024-12-05 03:49:54,765] {dagbag.py:507} INFO - Filling up the DagBag from /opt/airflow/dags/crypto_data_pipeline.py
[2024-12-05 03:49:54,773] {processor.py:651} INFO - DAG(s) dict_keys(['crypto_data_pipeline']) retrieved from /opt/airflow/dags/crypto_data_pipeline.py
[2024-12-05 03:49:54,804] {logging_mixin.py:115} INFO - [2024-12-05 03:49:54,804] {dag.py:2371} INFO - Sync 1 DAGs
[2024-12-05 03:49:54,818] {logging_mixin.py:115} INFO - [2024-12-05 03:49:54,818] {dag.py:2919} INFO - Setting next_dagrun for crypto_data_pipeline to 2024-12-05T03:00:00+00:00, run_after=2024-12-05T04:00:00+00:00
[2024-12-05 03:49:54,825] {processor.py:161} INFO - Processing /opt/airflow/dags/crypto_data_pipeline.py took 0.063 seconds
[2024-12-05 03:50:38,534] {processor.py:153} INFO - Started process (PID=46) to work on /opt/airflow/dags/crypto_data_pipeline.py
[2024-12-05 03:50:38,535] {processor.py:641} INFO - Processing file /opt/airflow/dags/crypto_data_pipeline.py for tasks to queue
[2024-12-05 03:50:38,535] {logging_mixin.py:115} INFO - [2024-12-05 03:50:38,535] {dagbag.py:507} INFO - Filling up the DagBag from /opt/airflow/dags/crypto_data_pipeline.py
[2024-12-05 03:50:38,544] {processor.py:651} INFO - DAG(s) dict_keys(['crypto_data_pipeline']) retrieved from /opt/airflow/dags/crypto_data_pipeline.py
[2024-12-05 03:50:38,570] {logging_mixin.py:115} INFO - [2024-12-05 03:50:38,570] {dag.py:2371} INFO - Sync 1 DAGs
[2024-12-05 03:50:38,585] {logging_mixin.py:115} INFO - [2024-12-05 03:50:38,585] {dag.py:2919} INFO - Setting next_dagrun for crypto_data_pipeline to 2024-12-05T03:00:00+00:00, run_after=2024-12-05T04:00:00+00:00
[2024-12-05 03:50:38,592] {processor.py:161} INFO - Processing /opt/airflow/dags/crypto_data_pipeline.py took 0.059 seconds
[2024-12-05 03:51:08,625] {processor.py:153} INFO - Started process (PID=47) to work on /opt/airflow/dags/crypto_data_pipeline.py
[2024-12-05 03:51:08,626] {processor.py:641} INFO - Processing file /opt/airflow/dags/crypto_data_pipeline.py for tasks to queue
[2024-12-05 03:51:08,626] {logging_mixin.py:115} INFO - [2024-12-05 03:51:08,626] {dagbag.py:507} INFO - Filling up the DagBag from /opt/airflow/dags/crypto_data_pipeline.py
[2024-12-05 03:51:08,635] {processor.py:651} INFO - DAG(s) dict_keys(['crypto_data_pipeline']) retrieved from /opt/airflow/dags/crypto_data_pipeline.py
[2024-12-05 03:51:08,677] {logging_mixin.py:115} INFO - [2024-12-05 03:51:08,677] {dag.py:2371} INFO - Sync 1 DAGs
[2024-12-05 03:51:08,691] {logging_mixin.py:115} INFO - [2024-12-05 03:51:08,691] {dag.py:2919} INFO - Setting next_dagrun for crypto_data_pipeline to 2024-12-05T03:00:00+00:00, run_after=2024-12-05T04:00:00+00:00
[2024-12-05 03:51:08,697] {processor.py:161} INFO - Processing /opt/airflow/dags/crypto_data_pipeline.py took 0.075 seconds
[2024-12-05 03:51:38,723] {processor.py:153} INFO - Started process (PID=48) to work on /opt/airflow/dags/crypto_data_pipeline.py
[2024-12-05 03:51:38,723] {processor.py:641} INFO - Processing file /opt/airflow/dags/crypto_data_pipeline.py for tasks to queue
[2024-12-05 03:51:38,723] {logging_mixin.py:115} INFO - [2024-12-05 03:51:38,723] {dagbag.py:507} INFO - Filling up the DagBag from /opt/airflow/dags/crypto_data_pipeline.py
[2024-12-05 03:51:38,733] {processor.py:651} INFO - DAG(s) dict_keys(['crypto_data_pipeline']) retrieved from /opt/airflow/dags/crypto_data_pipeline.py
[2024-12-05 03:51:38,764] {logging_mixin.py:115} INFO - [2024-12-05 03:51:38,764] {dag.py:2371} INFO - Sync 1 DAGs
[2024-12-05 03:51:38,778] {logging_mixin.py:115} INFO - [2024-12-05 03:51:38,778] {dag.py:2919} INFO - Setting next_dagrun for crypto_data_pipeline to 2024-12-05T03:00:00+00:00, run_after=2024-12-05T04:00:00+00:00
[2024-12-05 03:51:38,784] {processor.py:161} INFO - Processing /opt/airflow/dags/crypto_data_pipeline.py took 0.063 seconds
[2024-12-05 03:52:08,823] {processor.py:153} INFO - Started process (PID=49) to work on /opt/airflow/dags/crypto_data_pipeline.py
[2024-12-05 03:52:08,823] {processor.py:641} INFO - Processing file /opt/airflow/dags/crypto_data_pipeline.py for tasks to queue
[2024-12-05 03:52:08,823] {logging_mixin.py:115} INFO - [2024-12-05 03:52:08,823] {dagbag.py:507} INFO - Filling up the DagBag from /opt/airflow/dags/crypto_data_pipeline.py
[2024-12-05 03:52:08,831] {processor.py:651} INFO - DAG(s) dict_keys(['crypto_data_pipeline']) retrieved from /opt/airflow/dags/crypto_data_pipeline.py
[2024-12-05 03:52:08,858] {logging_mixin.py:115} INFO - [2024-12-05 03:52:08,858] {dag.py:2371} INFO - Sync 1 DAGs
[2024-12-05 03:52:08,873] {logging_mixin.py:115} INFO - [2024-12-05 03:52:08,873] {dag.py:2919} INFO - Setting next_dagrun for crypto_data_pipeline to 2024-12-05T03:00:00+00:00, run_after=2024-12-05T04:00:00+00:00
[2024-12-05 03:52:08,879] {processor.py:161} INFO - Processing /opt/airflow/dags/crypto_data_pipeline.py took 0.058 seconds
[2024-12-05 03:52:38,922] {processor.py:153} INFO - Started process (PID=50) to work on /opt/airflow/dags/crypto_data_pipeline.py
[2024-12-05 03:52:38,922] {processor.py:641} INFO - Processing file /opt/airflow/dags/crypto_data_pipeline.py for tasks to queue
[2024-12-05 03:52:38,923] {logging_mixin.py:115} INFO - [2024-12-05 03:52:38,923] {dagbag.py:507} INFO - Filling up the DagBag from /opt/airflow/dags/crypto_data_pipeline.py
[2024-12-05 03:52:38,930] {processor.py:651} INFO - DAG(s) dict_keys(['crypto_data_pipeline']) retrieved from /opt/airflow/dags/crypto_data_pipeline.py
[2024-12-05 03:52:38,957] {logging_mixin.py:115} INFO - [2024-12-05 03:52:38,957] {dag.py:2371} INFO - Sync 1 DAGs
[2024-12-05 03:52:38,972] {logging_mixin.py:115} INFO - [2024-12-05 03:52:38,972] {dag.py:2919} INFO - Setting next_dagrun for crypto_data_pipeline to 2024-12-05T03:00:00+00:00, run_after=2024-12-05T04:00:00+00:00
[2024-12-05 03:52:38,978] {processor.py:161} INFO - Processing /opt/airflow/dags/crypto_data_pipeline.py took 0.058 seconds
[2024-12-05 03:53:09,009] {processor.py:153} INFO - Started process (PID=51) to work on /opt/airflow/dags/crypto_data_pipeline.py
[2024-12-05 03:53:09,010] {processor.py:641} INFO - Processing file /opt/airflow/dags/crypto_data_pipeline.py for tasks to queue
[2024-12-05 03:53:09,010] {logging_mixin.py:115} INFO - [2024-12-05 03:53:09,010] {dagbag.py:507} INFO - Filling up the DagBag from /opt/airflow/dags/crypto_data_pipeline.py
[2024-12-05 03:53:09,018] {processor.py:651} INFO - DAG(s) dict_keys(['crypto_data_pipeline']) retrieved from /opt/airflow/dags/crypto_data_pipeline.py
[2024-12-05 03:53:09,044] {logging_mixin.py:115} INFO - [2024-12-05 03:53:09,044] {dag.py:2371} INFO - Sync 1 DAGs
[2024-12-05 03:53:09,058] {logging_mixin.py:115} INFO - [2024-12-05 03:53:09,058] {dag.py:2919} INFO - Setting next_dagrun for crypto_data_pipeline to 2024-12-05T03:00:00+00:00, run_after=2024-12-05T04:00:00+00:00
[2024-12-05 03:53:09,065] {processor.py:161} INFO - Processing /opt/airflow/dags/crypto_data_pipeline.py took 0.057 seconds
[2024-12-05 03:53:39,104] {processor.py:153} INFO - Started process (PID=52) to work on /opt/airflow/dags/crypto_data_pipeline.py
[2024-12-05 03:53:39,105] {processor.py:641} INFO - Processing file /opt/airflow/dags/crypto_data_pipeline.py for tasks to queue
[2024-12-05 03:53:39,105] {logging_mixin.py:115} INFO - [2024-12-05 03:53:39,105] {dagbag.py:507} INFO - Filling up the DagBag from /opt/airflow/dags/crypto_data_pipeline.py
[2024-12-05 03:53:39,113] {processor.py:651} INFO - DAG(s) dict_keys(['crypto_data_pipeline']) retrieved from /opt/airflow/dags/crypto_data_pipeline.py
[2024-12-05 03:53:39,140] {logging_mixin.py:115} INFO - [2024-12-05 03:53:39,140] {dag.py:2371} INFO - Sync 1 DAGs
[2024-12-05 03:53:39,154] {logging_mixin.py:115} INFO - [2024-12-05 03:53:39,154] {dag.py:2919} INFO - Setting next_dagrun for crypto_data_pipeline to 2024-12-05T03:00:00+00:00, run_after=2024-12-05T04:00:00+00:00
[2024-12-05 03:53:39,160] {processor.py:161} INFO - Processing /opt/airflow/dags/crypto_data_pipeline.py took 0.058 seconds
[2024-12-05 03:54:09,201] {processor.py:153} INFO - Started process (PID=53) to work on /opt/airflow/dags/crypto_data_pipeline.py
[2024-12-05 03:54:09,201] {processor.py:641} INFO - Processing file /opt/airflow/dags/crypto_data_pipeline.py for tasks to queue
[2024-12-05 03:54:09,201] {logging_mixin.py:115} INFO - [2024-12-05 03:54:09,201] {dagbag.py:507} INFO - Filling up the DagBag from /opt/airflow/dags/crypto_data_pipeline.py
[2024-12-05 03:54:09,209] {processor.py:651} INFO - DAG(s) dict_keys(['crypto_data_pipeline']) retrieved from /opt/airflow/dags/crypto_data_pipeline.py
[2024-12-05 03:54:09,235] {logging_mixin.py:115} INFO - [2024-12-05 03:54:09,235] {dag.py:2371} INFO - Sync 1 DAGs
[2024-12-05 03:54:09,249] {logging_mixin.py:115} INFO - [2024-12-05 03:54:09,249] {dag.py:2919} INFO - Setting next_dagrun for crypto_data_pipeline to 2024-12-05T03:00:00+00:00, run_after=2024-12-05T04:00:00+00:00
[2024-12-05 03:54:09,255] {processor.py:161} INFO - Processing /opt/airflow/dags/crypto_data_pipeline.py took 0.057 seconds
[2024-12-05 03:54:39,305] {processor.py:153} INFO - Started process (PID=54) to work on /opt/airflow/dags/crypto_data_pipeline.py
[2024-12-05 03:54:39,310] {processor.py:641} INFO - Processing file /opt/airflow/dags/crypto_data_pipeline.py for tasks to queue
[2024-12-05 03:54:39,311] {logging_mixin.py:115} INFO - [2024-12-05 03:54:39,310] {dagbag.py:507} INFO - Filling up the DagBag from /opt/airflow/dags/crypto_data_pipeline.py
[2024-12-05 03:54:39,318] {processor.py:651} INFO - DAG(s) dict_keys(['crypto_data_pipeline']) retrieved from /opt/airflow/dags/crypto_data_pipeline.py
[2024-12-05 03:54:39,344] {logging_mixin.py:115} INFO - [2024-12-05 03:54:39,344] {dag.py:2371} INFO - Sync 1 DAGs
[2024-12-05 03:54:39,359] {logging_mixin.py:115} INFO - [2024-12-05 03:54:39,358] {dag.py:2919} INFO - Setting next_dagrun for crypto_data_pipeline to 2024-12-05T03:00:00+00:00, run_after=2024-12-05T04:00:00+00:00
[2024-12-05 03:54:39,365] {processor.py:161} INFO - Processing /opt/airflow/dags/crypto_data_pipeline.py took 0.062 seconds
[2024-12-05 03:55:09,429] {processor.py:153} INFO - Started process (PID=55) to work on /opt/airflow/dags/crypto_data_pipeline.py
[2024-12-05 03:55:09,430] {processor.py:641} INFO - Processing file /opt/airflow/dags/crypto_data_pipeline.py for tasks to queue
[2024-12-05 03:55:09,430] {logging_mixin.py:115} INFO - [2024-12-05 03:55:09,430] {dagbag.py:507} INFO - Filling up the DagBag from /opt/airflow/dags/crypto_data_pipeline.py
[2024-12-05 03:55:09,437] {processor.py:651} INFO - DAG(s) dict_keys(['crypto_data_pipeline']) retrieved from /opt/airflow/dags/crypto_data_pipeline.py
[2024-12-05 03:55:09,463] {logging_mixin.py:115} INFO - [2024-12-05 03:55:09,463] {dag.py:2371} INFO - Sync 1 DAGs
[2024-12-05 03:55:09,477] {logging_mixin.py:115} INFO - [2024-12-05 03:55:09,477] {dag.py:2919} INFO - Setting next_dagrun for crypto_data_pipeline to 2024-12-05T03:00:00+00:00, run_after=2024-12-05T04:00:00+00:00
[2024-12-05 03:55:09,483] {processor.py:161} INFO - Processing /opt/airflow/dags/crypto_data_pipeline.py took 0.056 seconds
[2024-12-05 03:55:24,468] {processor.py:153} INFO - Started process (PID=56) to work on /opt/airflow/dags/crypto_data_pipeline.py
[2024-12-05 03:55:24,469] {processor.py:641} INFO - Processing file /opt/airflow/dags/crypto_data_pipeline.py for tasks to queue
[2024-12-05 03:55:24,469] {logging_mixin.py:115} INFO - [2024-12-05 03:55:24,469] {dagbag.py:507} INFO - Filling up the DagBag from /opt/airflow/dags/crypto_data_pipeline.py
[2024-12-05 03:55:24,477] {processor.py:651} INFO - DAG(s) dict_keys(['crypto_data_pipeline']) retrieved from /opt/airflow/dags/crypto_data_pipeline.py
[2024-12-05 03:55:24,504] {logging_mixin.py:115} INFO - [2024-12-05 03:55:24,504] {dag.py:2371} INFO - Sync 1 DAGs
[2024-12-05 03:55:24,518] {logging_mixin.py:115} INFO - [2024-12-05 03:55:24,518] {dag.py:2919} INFO - Setting next_dagrun for crypto_data_pipeline to 2024-12-05T03:00:00+00:00, run_after=2024-12-05T04:00:00+00:00
[2024-12-05 03:55:24,526] {processor.py:161} INFO - Processing /opt/airflow/dags/crypto_data_pipeline.py took 0.060 seconds
[2024-12-05 03:55:54,605] {processor.py:153} INFO - Started process (PID=57) to work on /opt/airflow/dags/crypto_data_pipeline.py
[2024-12-05 03:55:54,611] {processor.py:641} INFO - Processing file /opt/airflow/dags/crypto_data_pipeline.py for tasks to queue
[2024-12-05 03:55:54,611] {logging_mixin.py:115} INFO - [2024-12-05 03:55:54,611] {dagbag.py:507} INFO - Filling up the DagBag from /opt/airflow/dags/crypto_data_pipeline.py
[2024-12-05 03:55:54,619] {processor.py:651} INFO - DAG(s) dict_keys(['crypto_data_pipeline']) retrieved from /opt/airflow/dags/crypto_data_pipeline.py
[2024-12-05 03:55:54,645] {logging_mixin.py:115} INFO - [2024-12-05 03:55:54,645] {dag.py:2371} INFO - Sync 1 DAGs
[2024-12-05 03:55:54,659] {logging_mixin.py:115} INFO - [2024-12-05 03:55:54,659] {dag.py:2919} INFO - Setting next_dagrun for crypto_data_pipeline to 2024-12-05T03:00:00+00:00, run_after=2024-12-05T04:00:00+00:00
[2024-12-05 03:55:54,666] {processor.py:161} INFO - Processing /opt/airflow/dags/crypto_data_pipeline.py took 0.063 seconds
[2024-12-05 03:58:41,050] {processor.py:153} INFO - Started process (PID=45) to work on /opt/airflow/dags/crypto_data_pipeline.py
[2024-12-05 03:58:41,051] {processor.py:641} INFO - Processing file /opt/airflow/dags/crypto_data_pipeline.py for tasks to queue
[2024-12-05 03:58:41,051] {logging_mixin.py:115} INFO - [2024-12-05 03:58:41,051] {dagbag.py:507} INFO - Filling up the DagBag from /opt/airflow/dags/crypto_data_pipeline.py
[2024-12-05 03:58:41,067] {processor.py:651} INFO - DAG(s) dict_keys(['crypto_data_pipeline']) retrieved from /opt/airflow/dags/crypto_data_pipeline.py
[2024-12-05 03:58:41,150] {logging_mixin.py:115} INFO - [2024-12-05 03:58:41,150] {manager.py:508} INFO - Created Permission View: can delete on DAG:crypto_data_pipeline
[2024-12-05 03:58:41,155] {logging_mixin.py:115} INFO - [2024-12-05 03:58:41,155] {manager.py:508} INFO - Created Permission View: can edit on DAG:crypto_data_pipeline
[2024-12-05 03:58:41,159] {logging_mixin.py:115} INFO - [2024-12-05 03:58:41,159] {manager.py:508} INFO - Created Permission View: can read on DAG:crypto_data_pipeline
[2024-12-05 03:58:41,159] {logging_mixin.py:115} INFO - [2024-12-05 03:58:41,159] {dag.py:2371} INFO - Sync 1 DAGs
[2024-12-05 03:58:41,164] {logging_mixin.py:115} INFO - [2024-12-05 03:58:41,164] {dag.py:2390} INFO - Creating ORM DAG for crypto_data_pipeline
[2024-12-05 03:58:41,173] {logging_mixin.py:115} INFO - [2024-12-05 03:58:41,173] {dag.py:2919} INFO - Setting next_dagrun for crypto_data_pipeline to 2024-12-05T02:00:00+00:00, run_after=2024-12-05T03:00:00+00:00
[2024-12-05 03:58:41,180] {processor.py:161} INFO - Processing /opt/airflow/dags/crypto_data_pipeline.py took 0.132 seconds
[2024-12-05 03:59:11,242] {processor.py:153} INFO - Started process (PID=51) to work on /opt/airflow/dags/crypto_data_pipeline.py
[2024-12-05 03:59:11,242] {processor.py:641} INFO - Processing file /opt/airflow/dags/crypto_data_pipeline.py for tasks to queue
[2024-12-05 03:59:11,242] {logging_mixin.py:115} INFO - [2024-12-05 03:59:11,242] {dagbag.py:507} INFO - Filling up the DagBag from /opt/airflow/dags/crypto_data_pipeline.py
[2024-12-05 03:59:11,250] {processor.py:651} INFO - DAG(s) dict_keys(['crypto_data_pipeline']) retrieved from /opt/airflow/dags/crypto_data_pipeline.py
[2024-12-05 03:59:11,283] {logging_mixin.py:115} INFO - [2024-12-05 03:59:11,283] {dag.py:2371} INFO - Sync 1 DAGs
[2024-12-05 03:59:11,299] {logging_mixin.py:115} INFO - [2024-12-05 03:59:11,298] {dag.py:2919} INFO - Setting next_dagrun for crypto_data_pipeline to 2024-12-05T03:00:00+00:00, run_after=2024-12-05T04:00:00+00:00
[2024-12-05 03:59:11,305] {processor.py:161} INFO - Processing /opt/airflow/dags/crypto_data_pipeline.py took 0.065 seconds
[2024-12-05 03:59:41,372] {processor.py:153} INFO - Started process (PID=52) to work on /opt/airflow/dags/crypto_data_pipeline.py
[2024-12-05 03:59:41,373] {processor.py:641} INFO - Processing file /opt/airflow/dags/crypto_data_pipeline.py for tasks to queue
[2024-12-05 03:59:41,373] {logging_mixin.py:115} INFO - [2024-12-05 03:59:41,373] {dagbag.py:507} INFO - Filling up the DagBag from /opt/airflow/dags/crypto_data_pipeline.py
[2024-12-05 03:59:41,380] {processor.py:651} INFO - DAG(s) dict_keys(['crypto_data_pipeline']) retrieved from /opt/airflow/dags/crypto_data_pipeline.py
[2024-12-05 03:59:41,407] {logging_mixin.py:115} INFO - [2024-12-05 03:59:41,407] {dag.py:2371} INFO - Sync 1 DAGs
[2024-12-05 03:59:41,424] {logging_mixin.py:115} INFO - [2024-12-05 03:59:41,424] {dag.py:2919} INFO - Setting next_dagrun for crypto_data_pipeline to 2024-12-05T03:00:00+00:00, run_after=2024-12-05T04:00:00+00:00
[2024-12-05 03:59:41,431] {processor.py:161} INFO - Processing /opt/airflow/dags/crypto_data_pipeline.py took 0.060 seconds
[2024-12-05 04:00:11,487] {processor.py:153} INFO - Started process (PID=77) to work on /opt/airflow/dags/crypto_data_pipeline.py
[2024-12-05 04:00:11,493] {processor.py:641} INFO - Processing file /opt/airflow/dags/crypto_data_pipeline.py for tasks to queue
[2024-12-05 04:00:11,493] {logging_mixin.py:115} INFO - [2024-12-05 04:00:11,493] {dagbag.py:507} INFO - Filling up the DagBag from /opt/airflow/dags/crypto_data_pipeline.py
[2024-12-05 04:00:11,502] {processor.py:651} INFO - DAG(s) dict_keys(['crypto_data_pipeline']) retrieved from /opt/airflow/dags/crypto_data_pipeline.py
[2024-12-05 04:00:11,531] {logging_mixin.py:115} INFO - [2024-12-05 04:00:11,531] {dag.py:2371} INFO - Sync 1 DAGs
[2024-12-05 04:00:11,549] {logging_mixin.py:115} INFO - [2024-12-05 04:00:11,549] {dag.py:2919} INFO - Setting next_dagrun for crypto_data_pipeline to 2024-12-05T04:00:00+00:00, run_after=2024-12-05T05:00:00+00:00
[2024-12-05 04:00:11,556] {processor.py:161} INFO - Processing /opt/airflow/dags/crypto_data_pipeline.py took 0.072 seconds
[2024-12-05 04:00:41,626] {processor.py:153} INFO - Started process (PID=78) to work on /opt/airflow/dags/crypto_data_pipeline.py
[2024-12-05 04:00:41,626] {processor.py:641} INFO - Processing file /opt/airflow/dags/crypto_data_pipeline.py for tasks to queue
[2024-12-05 04:00:41,626] {logging_mixin.py:115} INFO - [2024-12-05 04:00:41,626] {dagbag.py:507} INFO - Filling up the DagBag from /opt/airflow/dags/crypto_data_pipeline.py
[2024-12-05 04:00:41,635] {processor.py:651} INFO - DAG(s) dict_keys(['crypto_data_pipeline']) retrieved from /opt/airflow/dags/crypto_data_pipeline.py
[2024-12-05 04:00:41,670] {logging_mixin.py:115} INFO - [2024-12-05 04:00:41,670] {dag.py:2371} INFO - Sync 1 DAGs
[2024-12-05 04:00:41,685] {logging_mixin.py:115} INFO - [2024-12-05 04:00:41,685] {dag.py:2919} INFO - Setting next_dagrun for crypto_data_pipeline to 2024-12-05T04:00:00+00:00, run_after=2024-12-05T05:00:00+00:00
[2024-12-05 04:00:41,692] {processor.py:161} INFO - Processing /opt/airflow/dags/crypto_data_pipeline.py took 0.068 seconds
[2024-12-05 04:01:11,754] {processor.py:153} INFO - Started process (PID=79) to work on /opt/airflow/dags/crypto_data_pipeline.py
[2024-12-05 04:01:11,754] {processor.py:641} INFO - Processing file /opt/airflow/dags/crypto_data_pipeline.py for tasks to queue
[2024-12-05 04:01:11,754] {logging_mixin.py:115} INFO - [2024-12-05 04:01:11,754] {dagbag.py:507} INFO - Filling up the DagBag from /opt/airflow/dags/crypto_data_pipeline.py
[2024-12-05 04:01:11,762] {processor.py:651} INFO - DAG(s) dict_keys(['crypto_data_pipeline']) retrieved from /opt/airflow/dags/crypto_data_pipeline.py
[2024-12-05 04:01:11,796] {logging_mixin.py:115} INFO - [2024-12-05 04:01:11,796] {dag.py:2371} INFO - Sync 1 DAGs
[2024-12-05 04:01:11,812] {logging_mixin.py:115} INFO - [2024-12-05 04:01:11,812] {dag.py:2919} INFO - Setting next_dagrun for crypto_data_pipeline to 2024-12-05T04:00:00+00:00, run_after=2024-12-05T05:00:00+00:00
[2024-12-05 04:01:11,819] {processor.py:161} INFO - Processing /opt/airflow/dags/crypto_data_pipeline.py took 0.068 seconds
[2024-12-05 04:01:41,889] {processor.py:153} INFO - Started process (PID=80) to work on /opt/airflow/dags/crypto_data_pipeline.py
[2024-12-05 04:01:41,890] {processor.py:641} INFO - Processing file /opt/airflow/dags/crypto_data_pipeline.py for tasks to queue
[2024-12-05 04:01:41,890] {logging_mixin.py:115} INFO - [2024-12-05 04:01:41,890] {dagbag.py:507} INFO - Filling up the DagBag from /opt/airflow/dags/crypto_data_pipeline.py
[2024-12-05 04:01:41,897] {processor.py:651} INFO - DAG(s) dict_keys(['crypto_data_pipeline']) retrieved from /opt/airflow/dags/crypto_data_pipeline.py
[2024-12-05 04:01:41,924] {logging_mixin.py:115} INFO - [2024-12-05 04:01:41,924] {dag.py:2371} INFO - Sync 1 DAGs
[2024-12-05 04:01:41,939] {logging_mixin.py:115} INFO - [2024-12-05 04:01:41,939] {dag.py:2919} INFO - Setting next_dagrun for crypto_data_pipeline to 2024-12-05T04:00:00+00:00, run_after=2024-12-05T05:00:00+00:00
[2024-12-05 04:01:41,945] {processor.py:161} INFO - Processing /opt/airflow/dags/crypto_data_pipeline.py took 0.058 seconds
