[2024-12-05 03:41:05,265] {taskinstance.py:1159} INFO - Dependencies all met for <TaskInstance: crypto_data_pipeline.check_api_connection manual__2024-12-05T03:36:00.948976+00:00 [queued]>
[2024-12-05 03:41:05,270] {taskinstance.py:1159} INFO - Dependencies all met for <TaskInstance: crypto_data_pipeline.check_api_connection manual__2024-12-05T03:36:00.948976+00:00 [queued]>
[2024-12-05 03:41:05,270] {taskinstance.py:1356} INFO - 
--------------------------------------------------------------------------------
[2024-12-05 03:41:05,270] {taskinstance.py:1357} INFO - Starting attempt 2 of 4
[2024-12-05 03:41:05,271] {taskinstance.py:1358} INFO - 
--------------------------------------------------------------------------------
[2024-12-05 03:41:05,279] {taskinstance.py:1377} INFO - Executing <Task(HttpSensor): check_api_connection> on 2024-12-05 03:36:00.948976+00:00
[2024-12-05 03:41:05,281] {standard_task_runner.py:52} INFO - Started process 88 to run task
[2024-12-05 03:41:05,283] {standard_task_runner.py:79} INFO - Running: ['airflow', 'tasks', 'run', 'crypto_data_pipeline', 'check_api_connection', 'manual__2024-12-05T03:36:00.948976+00:00', '--job-id', '9', '--raw', '--subdir', 'DAGS_FOLDER/crypto_data_pipeline.py', '--cfg-path', '/tmp/tmpt4zyd3qh', '--error-file', '/tmp/tmpd0w9jp89']
[2024-12-05 03:41:05,283] {standard_task_runner.py:80} INFO - Job 9: Subtask check_api_connection
[2024-12-05 03:41:05,321] {task_command.py:369} INFO - Running <TaskInstance: crypto_data_pipeline.check_api_connection manual__2024-12-05T03:36:00.948976+00:00 [running]> on host 086bf0bb532a
[2024-12-05 03:41:05,374] {taskinstance.py:1571} INFO - Exporting the following env vars:
AIRFLOW_CTX_DAG_OWNER=airflow
AIRFLOW_CTX_DAG_ID=crypto_data_pipeline
AIRFLOW_CTX_TASK_ID=check_api_connection
AIRFLOW_CTX_EXECUTION_DATE=2024-12-05T03:36:00.948976+00:00
AIRFLOW_CTX_TRY_NUMBER=2
AIRFLOW_CTX_DAG_RUN_ID=manual__2024-12-05T03:36:00.948976+00:00
[2024-12-05 03:41:05,374] {http.py:97} INFO - Poking: api/v3/coins/markets
[2024-12-05 03:41:05,382] {base.py:68} INFO - Using connection ID 'coin_gecko_api' for task execution.
[2024-12-05 03:41:05,383] {http.py:129} INFO - Sending 'GET' to url: https://api.coingecko.com/api/v3/coins/markets
[2024-12-05 03:41:05,704] {base.py:301} INFO - Success criteria met. Exiting.
[2024-12-05 03:41:05,717] {taskinstance.py:1400} INFO - Marking task as SUCCESS. dag_id=crypto_data_pipeline, task_id=check_api_connection, execution_date=20241205T033600, start_date=20241205T034105, end_date=20241205T034105
[2024-12-05 03:41:05,736] {local_task_job.py:156} INFO - Task exited with return code 0
[2024-12-05 03:41:05,774] {local_task_job.py:273} INFO - 1 downstream tasks scheduled from follow-on schedule check
