[2024-12-05 04:53:51,676] {taskinstance.py:1159} INFO - Dependencies all met for <TaskInstance: crypto_data_pipeline.save_to_postgres manual__2024-12-05T04:53:45.975610+00:00 [queued]>
[2024-12-05 04:53:51,683] {taskinstance.py:1159} INFO - Dependencies all met for <TaskInstance: crypto_data_pipeline.save_to_postgres manual__2024-12-05T04:53:45.975610+00:00 [queued]>
[2024-12-05 04:53:51,683] {taskinstance.py:1356} INFO - 
--------------------------------------------------------------------------------
[2024-12-05 04:53:51,684] {taskinstance.py:1357} INFO - Starting attempt 1 of 4
[2024-12-05 04:53:51,684] {taskinstance.py:1358} INFO - 
--------------------------------------------------------------------------------
[2024-12-05 04:53:51,693] {taskinstance.py:1377} INFO - Executing <Task(PythonOperator): save_to_postgres> on 2024-12-05 04:53:45.975610+00:00
[2024-12-05 04:53:51,695] {standard_task_runner.py:52} INFO - Started process 124 to run task
[2024-12-05 04:53:51,698] {standard_task_runner.py:79} INFO - Running: ['airflow', 'tasks', 'run', 'crypto_data_pipeline', 'save_to_***', 'manual__2024-12-05T04:53:45.975610+00:00', '--job-id', '15', '--raw', '--subdir', 'DAGS_FOLDER/crypto_data_pipeline.py', '--cfg-path', '/tmp/tmpydnp3rpo', '--error-file', '/tmp/tmphkmoyinj']
[2024-12-05 04:53:51,699] {standard_task_runner.py:80} INFO - Job 15: Subtask save_to_***
[2024-12-05 04:53:51,750] {task_command.py:369} INFO - Running <TaskInstance: crypto_data_pipeline.save_to_postgres manual__2024-12-05T04:53:45.975610+00:00 [running]> on host a86425dd3aa9
[2024-12-05 04:53:51,812] {taskinstance.py:1571} INFO - Exporting the following env vars:
AIRFLOW_CTX_DAG_OWNER=airflow
AIRFLOW_CTX_DAG_ID=crypto_data_pipeline
AIRFLOW_CTX_TASK_ID=save_to_***
AIRFLOW_CTX_EXECUTION_DATE=2024-12-05T04:53:45.975610+00:00
AIRFLOW_CTX_TRY_NUMBER=1
AIRFLOW_CTX_DAG_RUN_ID=manual__2024-12-05T04:53:45.975610+00:00
[2024-12-05 04:53:51,820] {python.py:173} INFO - Done. Returned value was: None
[2024-12-05 04:53:51,834] {taskinstance.py:1400} INFO - Marking task as SUCCESS. dag_id=crypto_data_pipeline, task_id=save_to_***, execution_date=20241205T045345, start_date=20241205T045351, end_date=20241205T045351
[2024-12-05 04:53:51,870] {local_task_job.py:156} INFO - Task exited with return code 0
[2024-12-05 04:53:51,898] {local_task_job.py:273} INFO - 0 downstream tasks scheduled from follow-on schedule check
