[2024-12-05 04:00:09,048] {taskinstance.py:1159} INFO - Dependencies all met for <TaskInstance: crypto_data_pipeline.fetch_crypto_data manual__2024-12-05T04:00:02.902791+00:00 [queued]>
[2024-12-05 04:00:09,057] {taskinstance.py:1159} INFO - Dependencies all met for <TaskInstance: crypto_data_pipeline.fetch_crypto_data manual__2024-12-05T04:00:02.902791+00:00 [queued]>
[2024-12-05 04:00:09,057] {taskinstance.py:1356} INFO - 
--------------------------------------------------------------------------------
[2024-12-05 04:00:09,057] {taskinstance.py:1357} INFO - Starting attempt 1 of 4
[2024-12-05 04:00:09,057] {taskinstance.py:1358} INFO - 
--------------------------------------------------------------------------------
[2024-12-05 04:00:09,067] {taskinstance.py:1377} INFO - Executing <Task(PythonOperator): fetch_crypto_data> on 2024-12-05 04:00:02.902791+00:00
[2024-12-05 04:00:09,069] {standard_task_runner.py:52} INFO - Started process 72 to run task
[2024-12-05 04:00:09,072] {standard_task_runner.py:79} INFO - Running: ['airflow', 'tasks', 'run', 'crypto_data_pipeline', 'fetch_crypto_data', 'manual__2024-12-05T04:00:02.902791+00:00', '--job-id', '7', '--raw', '--subdir', 'DAGS_FOLDER/crypto_data_pipeline.py', '--cfg-path', '/tmp/tmp_zwkn04c', '--error-file', '/tmp/tmpszzu6bb2']
[2024-12-05 04:00:09,072] {standard_task_runner.py:80} INFO - Job 7: Subtask fetch_crypto_data
[2024-12-05 04:00:09,123] {task_command.py:369} INFO - Running <TaskInstance: crypto_data_pipeline.fetch_crypto_data manual__2024-12-05T04:00:02.902791+00:00 [running]> on host a86425dd3aa9
[2024-12-05 04:00:09,194] {taskinstance.py:1571} INFO - Exporting the following env vars:
AIRFLOW_CTX_DAG_OWNER=airflow
AIRFLOW_CTX_DAG_ID=crypto_data_pipeline
AIRFLOW_CTX_TASK_ID=fetch_crypto_data
AIRFLOW_CTX_EXECUTION_DATE=2024-12-05T04:00:02.902791+00:00
AIRFLOW_CTX_TRY_NUMBER=1
AIRFLOW_CTX_DAG_RUN_ID=manual__2024-12-05T04:00:02.902791+00:00
[2024-12-05 04:00:09,812] {python.py:173} INFO - Done. Returned value was: None
[2024-12-05 04:00:09,823] {taskinstance.py:1400} INFO - Marking task as SUCCESS. dag_id=crypto_data_pipeline, task_id=fetch_crypto_data, execution_date=20241205T040002, start_date=20241205T040009, end_date=20241205T040009
[2024-12-05 04:00:09,846] {local_task_job.py:156} INFO - Task exited with return code 0
[2024-12-05 04:00:09,882] {local_task_job.py:273} INFO - 1 downstream tasks scheduled from follow-on schedule check
