[2024-12-05 04:00:01,929] {taskinstance.py:1159} INFO - Dependencies all met for <TaskInstance: crypto_data_pipeline.check_api_connection scheduled__2024-12-05T03:00:00+00:00 [queued]>
[2024-12-05 04:00:01,934] {taskinstance.py:1159} INFO - Dependencies all met for <TaskInstance: crypto_data_pipeline.check_api_connection scheduled__2024-12-05T03:00:00+00:00 [queued]>
[2024-12-05 04:00:01,934] {taskinstance.py:1356} INFO - 
--------------------------------------------------------------------------------
[2024-12-05 04:00:01,934] {taskinstance.py:1357} INFO - Starting attempt 1 of 4
[2024-12-05 04:00:01,934] {taskinstance.py:1358} INFO - 
--------------------------------------------------------------------------------
[2024-12-05 04:00:01,942] {taskinstance.py:1377} INFO - Executing <Task(HttpSensor): check_api_connection> on 2024-12-05 03:00:00+00:00
[2024-12-05 04:00:01,944] {standard_task_runner.py:52} INFO - Started process 56 to run task
[2024-12-05 04:00:01,947] {standard_task_runner.py:79} INFO - Running: ['airflow', 'tasks', 'run', 'crypto_data_pipeline', 'check_api_connection', 'scheduled__2024-12-05T03:00:00+00:00', '--job-id', '3', '--raw', '--subdir', 'DAGS_FOLDER/crypto_data_pipeline.py', '--cfg-path', '/tmp/tmp5ttx1ytl', '--error-file', '/tmp/tmpratmnt4i']
[2024-12-05 04:00:01,947] {standard_task_runner.py:80} INFO - Job 3: Subtask check_api_connection
[2024-12-05 04:00:01,959] {logging_mixin.py:115} WARNING - /home/airflow/.local/lib/python3.7/site-packages/airflow/configuration.py:470 DeprecationWarning: The sql_alchemy_conn option in [core] has been moved to the sql_alchemy_conn option in [database] - the old setting has been used, but please update your config.
[2024-12-05 04:00:01,988] {task_command.py:369} INFO - Running <TaskInstance: crypto_data_pipeline.check_api_connection scheduled__2024-12-05T03:00:00+00:00 [running]> on host a86425dd3aa9
[2024-12-05 04:00:02,043] {taskinstance.py:1571} INFO - Exporting the following env vars:
AIRFLOW_CTX_DAG_OWNER=airflow
AIRFLOW_CTX_DAG_ID=crypto_data_pipeline
AIRFLOW_CTX_TASK_ID=check_api_connection
AIRFLOW_CTX_EXECUTION_DATE=2024-12-05T03:00:00+00:00
AIRFLOW_CTX_TRY_NUMBER=1
AIRFLOW_CTX_DAG_RUN_ID=scheduled__2024-12-05T03:00:00+00:00
[2024-12-05 04:00:02,043] {http.py:97} INFO - Poking: api/v3/coins/markets
[2024-12-05 04:00:02,053] {base.py:68} INFO - Using connection ID 'coin_gecko_api' for task execution.
[2024-12-05 04:00:02,055] {http.py:129} INFO - Sending 'GET' to url: https://api.coingecko.com/api/v3/coins/markets
[2024-12-05 04:00:02,399] {base.py:301} INFO - Success criteria met. Exiting.
[2024-12-05 04:00:02,417] {taskinstance.py:1400} INFO - Marking task as SUCCESS. dag_id=crypto_data_pipeline, task_id=check_api_connection, execution_date=20241205T030000, start_date=20241205T040001, end_date=20241205T040002
[2024-12-05 04:00:02,440] {local_task_job.py:156} INFO - Task exited with return code 0
[2024-12-05 04:00:02,476] {local_task_job.py:273} INFO - 1 downstream tasks scheduled from follow-on schedule check
