[2024-12-05 04:00:11,214] {taskinstance.py:1159} INFO - Dependencies all met for <TaskInstance: crypto_data_pipeline.save_to_postgres manual__2024-12-05T04:00:02.902791+00:00 [queued]>
[2024-12-05 04:00:11,219] {taskinstance.py:1159} INFO - Dependencies all met for <TaskInstance: crypto_data_pipeline.save_to_postgres manual__2024-12-05T04:00:02.902791+00:00 [queued]>
[2024-12-05 04:00:11,219] {taskinstance.py:1356} INFO - 
--------------------------------------------------------------------------------
[2024-12-05 04:00:11,219] {taskinstance.py:1357} INFO - Starting attempt 1 of 4
[2024-12-05 04:00:11,219] {taskinstance.py:1358} INFO - 
--------------------------------------------------------------------------------
[2024-12-05 04:00:11,227] {taskinstance.py:1377} INFO - Executing <Task(PythonOperator): save_to_postgres> on 2024-12-05 04:00:02.902791+00:00
[2024-12-05 04:00:11,229] {standard_task_runner.py:52} INFO - Started process 76 to run task
[2024-12-05 04:00:11,231] {standard_task_runner.py:79} INFO - Running: ['airflow', 'tasks', 'run', 'crypto_data_pipeline', 'save_to_***', 'manual__2024-12-05T04:00:02.902791+00:00', '--job-id', '8', '--raw', '--subdir', 'DAGS_FOLDER/crypto_data_pipeline.py', '--cfg-path', '/tmp/tmpllq37rvc', '--error-file', '/tmp/tmpo6biy2wu']
[2024-12-05 04:00:11,232] {standard_task_runner.py:80} INFO - Job 8: Subtask save_to_***
[2024-12-05 04:00:11,271] {task_command.py:369} INFO - Running <TaskInstance: crypto_data_pipeline.save_to_postgres manual__2024-12-05T04:00:02.902791+00:00 [running]> on host a86425dd3aa9
[2024-12-05 04:00:11,324] {taskinstance.py:1571} INFO - Exporting the following env vars:
AIRFLOW_CTX_DAG_OWNER=airflow
AIRFLOW_CTX_DAG_ID=crypto_data_pipeline
AIRFLOW_CTX_TASK_ID=save_to_***
AIRFLOW_CTX_EXECUTION_DATE=2024-12-05T04:00:02.902791+00:00
AIRFLOW_CTX_TRY_NUMBER=1
AIRFLOW_CTX_DAG_RUN_ID=manual__2024-12-05T04:00:02.902791+00:00
[2024-12-05 04:00:11,330] {python.py:173} INFO - Done. Returned value was: None
[2024-12-05 04:00:11,340] {taskinstance.py:1400} INFO - Marking task as SUCCESS. dag_id=crypto_data_pipeline, task_id=save_to_***, execution_date=20241205T040002, start_date=20241205T040011, end_date=20241205T040011
[2024-12-05 04:00:11,363] {local_task_job.py:156} INFO - Task exited with return code 0
[2024-12-05 04:00:11,394] {local_task_job.py:273} INFO - 0 downstream tasks scheduled from follow-on schedule check
