[2024-12-05 03:20:09,996] {taskinstance.py:1159} INFO - Dependencies all met for <TaskInstance: crypto_data_pipeline.check_api_connection manual__2024-12-05T03:20:08.567712+00:00 [queued]>
[2024-12-05 03:20:10,001] {taskinstance.py:1159} INFO - Dependencies all met for <TaskInstance: crypto_data_pipeline.check_api_connection manual__2024-12-05T03:20:08.567712+00:00 [queued]>
[2024-12-05 03:20:10,001] {taskinstance.py:1356} INFO - 
--------------------------------------------------------------------------------
[2024-12-05 03:20:10,001] {taskinstance.py:1357} INFO - Starting attempt 1 of 4
[2024-12-05 03:20:10,001] {taskinstance.py:1358} INFO - 
--------------------------------------------------------------------------------
[2024-12-05 03:20:10,010] {taskinstance.py:1377} INFO - Executing <Task(HttpSensor): check_api_connection> on 2024-12-05 03:20:08.567712+00:00
[2024-12-05 03:20:10,013] {standard_task_runner.py:52} INFO - Started process 55 to run task
[2024-12-05 03:20:10,015] {standard_task_runner.py:79} INFO - Running: ['airflow', 'tasks', 'run', 'crypto_data_pipeline', 'check_api_connection', 'manual__2024-12-05T03:20:08.567712+00:00', '--job-id', '19', '--raw', '--subdir', 'DAGS_FOLDER/crypto_data_pipeline.py', '--cfg-path', '/tmp/tmpete2ay98', '--error-file', '/tmp/tmpdqimhpda']
[2024-12-05 03:20:10,015] {standard_task_runner.py:80} INFO - Job 19: Subtask check_api_connection
[2024-12-05 03:20:10,056] {task_command.py:369} INFO - Running <TaskInstance: crypto_data_pipeline.check_api_connection manual__2024-12-05T03:20:08.567712+00:00 [running]> on host 85834e6b4d18
[2024-12-05 03:20:10,115] {taskinstance.py:1571} INFO - Exporting the following env vars:
AIRFLOW_CTX_DAG_OWNER=airflow
AIRFLOW_CTX_DAG_ID=crypto_data_pipeline
AIRFLOW_CTX_TASK_ID=check_api_connection
AIRFLOW_CTX_EXECUTION_DATE=2024-12-05T03:20:08.567712+00:00
AIRFLOW_CTX_TRY_NUMBER=1
AIRFLOW_CTX_DAG_RUN_ID=manual__2024-12-05T03:20:08.567712+00:00
[2024-12-05 03:20:10,116] {http.py:97} INFO - Poking: api/v3/coins/markets
[2024-12-05 03:20:10,125] {base.py:68} INFO - Using connection ID 'coin_gecko_api' for task execution.
[2024-12-05 03:20:10,125] {http.py:129} INFO - Sending 'GET' to url: https://api.coingecko.com/api/v3/coins/markets
[2024-12-05 03:20:14,532] {base.py:301} INFO - Success criteria met. Exiting.
[2024-12-05 03:20:14,546] {taskinstance.py:1400} INFO - Marking task as SUCCESS. dag_id=crypto_data_pipeline, task_id=check_api_connection, execution_date=20241205T032008, start_date=20241205T032009, end_date=20241205T032014
[2024-12-05 03:20:14,569] {local_task_job.py:156} INFO - Task exited with return code 0
[2024-12-05 03:20:14,612] {local_task_job.py:273} INFO - 1 downstream tasks scheduled from follow-on schedule check
