[2024-12-05 03:41:08,783] {taskinstance.py:1159} INFO - Dependencies all met for <TaskInstance: crypto_data_pipeline.fetch_crypto_data manual__2024-12-05T03:36:00.948976+00:00 [queued]>
[2024-12-05 03:41:08,796] {taskinstance.py:1159} INFO - Dependencies all met for <TaskInstance: crypto_data_pipeline.fetch_crypto_data manual__2024-12-05T03:36:00.948976+00:00 [queued]>
[2024-12-05 03:41:08,796] {taskinstance.py:1356} INFO - 
--------------------------------------------------------------------------------
[2024-12-05 03:41:08,797] {taskinstance.py:1357} INFO - Starting attempt 1 of 4
[2024-12-05 03:41:08,797] {taskinstance.py:1358} INFO - 
--------------------------------------------------------------------------------
[2024-12-05 03:41:08,814] {taskinstance.py:1377} INFO - Executing <Task(PythonOperator): fetch_crypto_data> on 2024-12-05 03:36:00.948976+00:00
[2024-12-05 03:41:08,818] {standard_task_runner.py:52} INFO - Started process 96 to run task
[2024-12-05 03:41:08,822] {standard_task_runner.py:79} INFO - Running: ['airflow', 'tasks', 'run', 'crypto_data_pipeline', 'fetch_crypto_data', 'manual__2024-12-05T03:36:00.948976+00:00', '--job-id', '11', '--raw', '--subdir', 'DAGS_FOLDER/crypto_data_pipeline.py', '--cfg-path', '/tmp/tmp12wfq1is', '--error-file', '/tmp/tmpusx474wf']
[2024-12-05 03:41:08,822] {standard_task_runner.py:80} INFO - Job 11: Subtask fetch_crypto_data
[2024-12-05 03:41:08,891] {task_command.py:369} INFO - Running <TaskInstance: crypto_data_pipeline.fetch_crypto_data manual__2024-12-05T03:36:00.948976+00:00 [running]> on host 086bf0bb532a
[2024-12-05 03:41:08,970] {taskinstance.py:1571} INFO - Exporting the following env vars:
AIRFLOW_CTX_DAG_OWNER=airflow
AIRFLOW_CTX_DAG_ID=crypto_data_pipeline
AIRFLOW_CTX_TASK_ID=fetch_crypto_data
AIRFLOW_CTX_EXECUTION_DATE=2024-12-05T03:36:00.948976+00:00
AIRFLOW_CTX_TRY_NUMBER=1
AIRFLOW_CTX_DAG_RUN_ID=manual__2024-12-05T03:36:00.948976+00:00
[2024-12-05 03:41:09,670] {python.py:173} INFO - Done. Returned value was: None
[2024-12-05 03:41:09,688] {taskinstance.py:1400} INFO - Marking task as SUCCESS. dag_id=crypto_data_pipeline, task_id=fetch_crypto_data, execution_date=20241205T033600, start_date=20241205T034108, end_date=20241205T034109
[2024-12-05 03:41:09,716] {local_task_job.py:156} INFO - Task exited with return code 0
[2024-12-05 03:41:09,770] {local_task_job.py:273} INFO - 1 downstream tasks scheduled from follow-on schedule check
