[2024-12-05 03:37:28,955] {taskinstance.py:1159} INFO - Dependencies all met for <TaskInstance: crypto_data_pipeline.save_to_postgres manual__2024-12-05T03:37:23.495268+00:00 [queued]>
[2024-12-05 03:37:28,960] {taskinstance.py:1159} INFO - Dependencies all met for <TaskInstance: crypto_data_pipeline.save_to_postgres manual__2024-12-05T03:37:23.495268+00:00 [queued]>
[2024-12-05 03:37:28,960] {taskinstance.py:1356} INFO - 
--------------------------------------------------------------------------------
[2024-12-05 03:37:28,960] {taskinstance.py:1357} INFO - Starting attempt 1 of 4
[2024-12-05 03:37:28,960] {taskinstance.py:1358} INFO - 
--------------------------------------------------------------------------------
[2024-12-05 03:37:28,968] {taskinstance.py:1377} INFO - Executing <Task(PythonOperator): save_to_postgres> on 2024-12-05 03:37:23.495268+00:00
[2024-12-05 03:37:28,970] {standard_task_runner.py:52} INFO - Started process 69 to run task
[2024-12-05 03:37:28,973] {standard_task_runner.py:79} INFO - Running: ['airflow', 'tasks', 'run', 'crypto_data_pipeline', 'save_to_***', 'manual__2024-12-05T03:37:23.495268+00:00', '--job-id', '6', '--raw', '--subdir', 'DAGS_FOLDER/crypto_data_pipeline.py', '--cfg-path', '/tmp/tmpfqe7g82_', '--error-file', '/tmp/tmph5owho4l']
[2024-12-05 03:37:28,973] {standard_task_runner.py:80} INFO - Job 6: Subtask save_to_***
[2024-12-05 03:37:29,012] {task_command.py:369} INFO - Running <TaskInstance: crypto_data_pipeline.save_to_postgres manual__2024-12-05T03:37:23.495268+00:00 [running]> on host 086bf0bb532a
[2024-12-05 03:37:29,067] {taskinstance.py:1571} INFO - Exporting the following env vars:
AIRFLOW_CTX_DAG_OWNER=airflow
AIRFLOW_CTX_DAG_ID=crypto_data_pipeline
AIRFLOW_CTX_TASK_ID=save_to_***
AIRFLOW_CTX_EXECUTION_DATE=2024-12-05T03:37:23.495268+00:00
AIRFLOW_CTX_TRY_NUMBER=1
AIRFLOW_CTX_DAG_RUN_ID=manual__2024-12-05T03:37:23.495268+00:00
[2024-12-05 03:37:29,073] {python.py:173} INFO - Done. Returned value was: None
[2024-12-05 03:37:29,084] {taskinstance.py:1400} INFO - Marking task as SUCCESS. dag_id=crypto_data_pipeline, task_id=save_to_***, execution_date=20241205T033723, start_date=20241205T033728, end_date=20241205T033729
[2024-12-05 03:37:29,104] {local_task_job.py:156} INFO - Task exited with return code 0
[2024-12-05 03:37:29,130] {local_task_job.py:273} INFO - 0 downstream tasks scheduled from follow-on schedule check
