[2024-12-05 03:37:24,678] {taskinstance.py:1159} INFO - Dependencies all met for <TaskInstance: crypto_data_pipeline.check_api_connection manual__2024-12-05T03:37:23.495268+00:00 [queued]>
[2024-12-05 03:37:24,683] {taskinstance.py:1159} INFO - Dependencies all met for <TaskInstance: crypto_data_pipeline.check_api_connection manual__2024-12-05T03:37:23.495268+00:00 [queued]>
[2024-12-05 03:37:24,683] {taskinstance.py:1356} INFO - 
--------------------------------------------------------------------------------
[2024-12-05 03:37:24,683] {taskinstance.py:1357} INFO - Starting attempt 1 of 4
[2024-12-05 03:37:24,683] {taskinstance.py:1358} INFO - 
--------------------------------------------------------------------------------
[2024-12-05 03:37:24,692] {taskinstance.py:1377} INFO - Executing <Task(HttpSensor): check_api_connection> on 2024-12-05 03:37:23.495268+00:00
[2024-12-05 03:37:24,694] {standard_task_runner.py:52} INFO - Started process 61 to run task
[2024-12-05 03:37:24,696] {standard_task_runner.py:79} INFO - Running: ['airflow', 'tasks', 'run', 'crypto_data_pipeline', 'check_api_connection', 'manual__2024-12-05T03:37:23.495268+00:00', '--job-id', '4', '--raw', '--subdir', 'DAGS_FOLDER/crypto_data_pipeline.py', '--cfg-path', '/tmp/tmp92b5jr7j', '--error-file', '/tmp/tmp11fqtuu3']
[2024-12-05 03:37:24,696] {standard_task_runner.py:80} INFO - Job 4: Subtask check_api_connection
[2024-12-05 03:37:24,736] {task_command.py:369} INFO - Running <TaskInstance: crypto_data_pipeline.check_api_connection manual__2024-12-05T03:37:23.495268+00:00 [running]> on host 086bf0bb532a
[2024-12-05 03:37:24,791] {taskinstance.py:1571} INFO - Exporting the following env vars:
AIRFLOW_CTX_DAG_OWNER=airflow
AIRFLOW_CTX_DAG_ID=crypto_data_pipeline
AIRFLOW_CTX_TASK_ID=check_api_connection
AIRFLOW_CTX_EXECUTION_DATE=2024-12-05T03:37:23.495268+00:00
AIRFLOW_CTX_TRY_NUMBER=1
AIRFLOW_CTX_DAG_RUN_ID=manual__2024-12-05T03:37:23.495268+00:00
[2024-12-05 03:37:24,792] {http.py:97} INFO - Poking: api/v3/coins/markets
[2024-12-05 03:37:24,800] {base.py:68} INFO - Using connection ID 'coin_gecko_api' for task execution.
[2024-12-05 03:37:24,801] {http.py:129} INFO - Sending 'GET' to url: https://api.coingecko.com/api/v3/coins/markets
[2024-12-05 03:37:25,714] {base.py:301} INFO - Success criteria met. Exiting.
[2024-12-05 03:37:25,732] {taskinstance.py:1400} INFO - Marking task as SUCCESS. dag_id=crypto_data_pipeline, task_id=check_api_connection, execution_date=20241205T033723, start_date=20241205T033724, end_date=20241205T033725
[2024-12-05 03:37:25,790] {local_task_job.py:156} INFO - Task exited with return code 0
[2024-12-05 03:37:25,828] {local_task_job.py:273} INFO - 1 downstream tasks scheduled from follow-on schedule check
