[2024-12-05 03:17:35,502] {taskinstance.py:1159} INFO - Dependencies all met for <TaskInstance: crypto_data_pipeline.fetch_crypto_data scheduled__2024-12-05T02:00:00+00:00 [queued]>
[2024-12-05 03:17:35,512] {taskinstance.py:1159} INFO - Dependencies all met for <TaskInstance: crypto_data_pipeline.fetch_crypto_data scheduled__2024-12-05T02:00:00+00:00 [queued]>
[2024-12-05 03:17:35,513] {taskinstance.py:1356} INFO - 
--------------------------------------------------------------------------------
[2024-12-05 03:17:35,513] {taskinstance.py:1357} INFO - Starting attempt 1 of 4
[2024-12-05 03:17:35,513] {taskinstance.py:1358} INFO - 
--------------------------------------------------------------------------------
[2024-12-05 03:17:35,530] {taskinstance.py:1377} INFO - Executing <Task(PythonOperator): fetch_crypto_data> on 2024-12-05 02:00:00+00:00
[2024-12-05 03:17:35,537] {standard_task_runner.py:52} INFO - Started process 87 to run task
[2024-12-05 03:17:35,544] {standard_task_runner.py:79} INFO - Running: ['airflow', 'tasks', 'run', 'crypto_data_pipeline', 'fetch_crypto_data', 'scheduled__2024-12-05T02:00:00+00:00', '--job-id', '8', '--raw', '--subdir', 'DAGS_FOLDER/crypto_data_pipeline.py', '--cfg-path', '/tmp/tmpftzsyfp_', '--error-file', '/tmp/tmpmgovdpcn']
[2024-12-05 03:17:35,545] {standard_task_runner.py:80} INFO - Job 8: Subtask fetch_crypto_data
[2024-12-05 03:17:35,560] {logging_mixin.py:115} WARNING - /home/airflow/.local/lib/python3.7/site-packages/airflow/configuration.py:470 DeprecationWarning: The sql_alchemy_conn option in [core] has been moved to the sql_alchemy_conn option in [database] - the old setting has been used, but please update your config.
[2024-12-05 03:17:35,593] {task_command.py:369} INFO - Running <TaskInstance: crypto_data_pipeline.fetch_crypto_data scheduled__2024-12-05T02:00:00+00:00 [running]> on host 85834e6b4d18
[2024-12-05 03:17:35,652] {taskinstance.py:1571} INFO - Exporting the following env vars:
AIRFLOW_CTX_DAG_OWNER=airflow
AIRFLOW_CTX_DAG_ID=crypto_data_pipeline
AIRFLOW_CTX_TASK_ID=fetch_crypto_data
AIRFLOW_CTX_EXECUTION_DATE=2024-12-05T02:00:00+00:00
AIRFLOW_CTX_TRY_NUMBER=1
AIRFLOW_CTX_DAG_RUN_ID=scheduled__2024-12-05T02:00:00+00:00
[2024-12-05 03:17:36,181] {python.py:173} INFO - Done. Returned value was: None
[2024-12-05 03:17:36,205] {taskinstance.py:1400} INFO - Marking task as SUCCESS. dag_id=crypto_data_pipeline, task_id=fetch_crypto_data, execution_date=20241205T020000, start_date=20241205T031735, end_date=20241205T031736
[2024-12-05 03:17:36,237] {local_task_job.py:156} INFO - Task exited with return code 0
[2024-12-05 03:17:36,272] {local_task_job.py:273} INFO - 1 downstream tasks scheduled from follow-on schedule check
[2024-12-05 03:41:03,216] {taskinstance.py:1159} INFO - Dependencies all met for <TaskInstance: crypto_data_pipeline.fetch_crypto_data scheduled__2024-12-05T02:00:00+00:00 [queued]>
[2024-12-05 03:41:03,224] {taskinstance.py:1159} INFO - Dependencies all met for <TaskInstance: crypto_data_pipeline.fetch_crypto_data scheduled__2024-12-05T02:00:00+00:00 [queued]>
[2024-12-05 03:41:03,224] {taskinstance.py:1356} INFO - 
--------------------------------------------------------------------------------
[2024-12-05 03:41:03,224] {taskinstance.py:1357} INFO - Starting attempt 1 of 4
[2024-12-05 03:41:03,224] {taskinstance.py:1358} INFO - 
--------------------------------------------------------------------------------
[2024-12-05 03:41:03,233] {taskinstance.py:1377} INFO - Executing <Task(PythonOperator): fetch_crypto_data> on 2024-12-05 02:00:00+00:00
[2024-12-05 03:41:03,235] {standard_task_runner.py:52} INFO - Started process 84 to run task
[2024-12-05 03:41:03,238] {standard_task_runner.py:79} INFO - Running: ['airflow', 'tasks', 'run', 'crypto_data_pipeline', 'fetch_crypto_data', 'scheduled__2024-12-05T02:00:00+00:00', '--job-id', '8', '--raw', '--subdir', 'DAGS_FOLDER/crypto_data_pipeline.py', '--cfg-path', '/tmp/tmpavven9qs', '--error-file', '/tmp/tmphgt0l1lb']
[2024-12-05 03:41:03,238] {standard_task_runner.py:80} INFO - Job 8: Subtask fetch_crypto_data
[2024-12-05 03:41:03,251] {logging_mixin.py:115} WARNING - /home/airflow/.local/lib/python3.7/site-packages/airflow/configuration.py:470 DeprecationWarning: The sql_alchemy_conn option in [core] has been moved to the sql_alchemy_conn option in [database] - the old setting has been used, but please update your config.
[2024-12-05 03:41:03,284] {task_command.py:369} INFO - Running <TaskInstance: crypto_data_pipeline.fetch_crypto_data scheduled__2024-12-05T02:00:00+00:00 [running]> on host 086bf0bb532a
[2024-12-05 03:41:03,376] {taskinstance.py:1571} INFO - Exporting the following env vars:
AIRFLOW_CTX_DAG_OWNER=airflow
AIRFLOW_CTX_DAG_ID=crypto_data_pipeline
AIRFLOW_CTX_TASK_ID=fetch_crypto_data
AIRFLOW_CTX_EXECUTION_DATE=2024-12-05T02:00:00+00:00
AIRFLOW_CTX_TRY_NUMBER=1
AIRFLOW_CTX_DAG_RUN_ID=scheduled__2024-12-05T02:00:00+00:00
[2024-12-05 03:41:03,965] {python.py:173} INFO - Done. Returned value was: None
[2024-12-05 03:41:03,978] {taskinstance.py:1400} INFO - Marking task as SUCCESS. dag_id=crypto_data_pipeline, task_id=fetch_crypto_data, execution_date=20241205T020000, start_date=20241205T034103, end_date=20241205T034103
[2024-12-05 03:41:04,011] {local_task_job.py:156} INFO - Task exited with return code 0
[2024-12-05 03:41:04,042] {local_task_job.py:273} INFO - 1 downstream tasks scheduled from follow-on schedule check
