[2024-12-05 03:41:11,174] {taskinstance.py:1159} INFO - Dependencies all met for <TaskInstance: crypto_data_pipeline.save_to_postgres manual__2024-12-05T03:36:00.948976+00:00 [queued]>
[2024-12-05 03:41:11,181] {taskinstance.py:1159} INFO - Dependencies all met for <TaskInstance: crypto_data_pipeline.save_to_postgres manual__2024-12-05T03:36:00.948976+00:00 [queued]>
[2024-12-05 03:41:11,181] {taskinstance.py:1356} INFO - 
--------------------------------------------------------------------------------
[2024-12-05 03:41:11,181] {taskinstance.py:1357} INFO - Starting attempt 1 of 4
[2024-12-05 03:41:11,181] {taskinstance.py:1358} INFO - 
--------------------------------------------------------------------------------
[2024-12-05 03:41:11,190] {taskinstance.py:1377} INFO - Executing <Task(PythonOperator): save_to_postgres> on 2024-12-05 03:36:00.948976+00:00
[2024-12-05 03:41:11,193] {standard_task_runner.py:52} INFO - Started process 100 to run task
[2024-12-05 03:41:11,195] {standard_task_runner.py:79} INFO - Running: ['airflow', 'tasks', 'run', 'crypto_data_pipeline', 'save_to_***', 'manual__2024-12-05T03:36:00.948976+00:00', '--job-id', '12', '--raw', '--subdir', 'DAGS_FOLDER/crypto_data_pipeline.py', '--cfg-path', '/tmp/tmpozijghp1', '--error-file', '/tmp/tmpff3ilfvc']
[2024-12-05 03:41:11,196] {standard_task_runner.py:80} INFO - Job 12: Subtask save_to_***
[2024-12-05 03:41:11,241] {task_command.py:369} INFO - Running <TaskInstance: crypto_data_pipeline.save_to_postgres manual__2024-12-05T03:36:00.948976+00:00 [running]> on host 086bf0bb532a
[2024-12-05 03:41:11,306] {taskinstance.py:1571} INFO - Exporting the following env vars:
AIRFLOW_CTX_DAG_OWNER=airflow
AIRFLOW_CTX_DAG_ID=crypto_data_pipeline
AIRFLOW_CTX_TASK_ID=save_to_***
AIRFLOW_CTX_EXECUTION_DATE=2024-12-05T03:36:00.948976+00:00
AIRFLOW_CTX_TRY_NUMBER=1
AIRFLOW_CTX_DAG_RUN_ID=manual__2024-12-05T03:36:00.948976+00:00
[2024-12-05 03:41:11,312] {python.py:173} INFO - Done. Returned value was: None
[2024-12-05 03:41:11,323] {taskinstance.py:1400} INFO - Marking task as SUCCESS. dag_id=crypto_data_pipeline, task_id=save_to_***, execution_date=20241205T033600, start_date=20241205T034111, end_date=20241205T034111
[2024-12-05 03:41:11,367] {local_task_job.py:156} INFO - Task exited with return code 0
[2024-12-05 03:41:11,401] {local_task_job.py:273} INFO - 0 downstream tasks scheduled from follow-on schedule check
