[2024-12-05 03:19:46,145] {taskinstance.py:1159} INFO - Dependencies all met for <TaskInstance: crypto_data_pipeline.save_to_postgres manual__2024-12-05T03:14:38.592343+00:00 [queued]>
[2024-12-05 03:19:46,151] {taskinstance.py:1159} INFO - Dependencies all met for <TaskInstance: crypto_data_pipeline.save_to_postgres manual__2024-12-05T03:14:38.592343+00:00 [queued]>
[2024-12-05 03:19:46,151] {taskinstance.py:1356} INFO - 
--------------------------------------------------------------------------------
[2024-12-05 03:19:46,151] {taskinstance.py:1357} INFO - Starting attempt 2 of 4
[2024-12-05 03:19:46,151] {taskinstance.py:1358} INFO - 
--------------------------------------------------------------------------------
[2024-12-05 03:19:46,160] {taskinstance.py:1377} INFO - Executing <Task(PythonOperator): save_to_postgres> on 2024-12-05 03:14:38.592343+00:00
[2024-12-05 03:19:46,163] {standard_task_runner.py:52} INFO - Started process 50 to run task
[2024-12-05 03:19:46,165] {standard_task_runner.py:79} INFO - Running: ['airflow', 'tasks', 'run', 'crypto_data_pipeline', 'save_to_***', 'manual__2024-12-05T03:14:38.592343+00:00', '--job-id', '18', '--raw', '--subdir', 'DAGS_FOLDER/crypto_data_pipeline.py', '--cfg-path', '/tmp/tmpcjwmpnd_', '--error-file', '/tmp/tmpt4sv83ul']
[2024-12-05 03:19:46,166] {standard_task_runner.py:80} INFO - Job 18: Subtask save_to_***
[2024-12-05 03:19:46,204] {task_command.py:369} INFO - Running <TaskInstance: crypto_data_pipeline.save_to_postgres manual__2024-12-05T03:14:38.592343+00:00 [running]> on host 85834e6b4d18
[2024-12-05 03:19:46,259] {taskinstance.py:1571} INFO - Exporting the following env vars:
AIRFLOW_CTX_DAG_OWNER=airflow
AIRFLOW_CTX_DAG_ID=crypto_data_pipeline
AIRFLOW_CTX_TASK_ID=save_to_***
AIRFLOW_CTX_EXECUTION_DATE=2024-12-05T03:14:38.592343+00:00
AIRFLOW_CTX_TRY_NUMBER=2
AIRFLOW_CTX_DAG_RUN_ID=manual__2024-12-05T03:14:38.592343+00:00
[2024-12-05 03:19:46,265] {python.py:173} INFO - Done. Returned value was: None
[2024-12-05 03:19:46,276] {taskinstance.py:1400} INFO - Marking task as SUCCESS. dag_id=crypto_data_pipeline, task_id=save_to_***, execution_date=20241205T031438, start_date=20241205T031946, end_date=20241205T031946
[2024-12-05 03:19:46,297] {local_task_job.py:156} INFO - Task exited with return code 0
[2024-12-05 03:19:46,321] {local_task_job.py:273} INFO - 0 downstream tasks scheduled from follow-on schedule check
